<?xml version="1.0" encoding="UTF-8"?>
<robot generator="Robot 4.1 (Python 3.11.3 on darwin)" generated="20231002 12:32:46.761" rpa="false" schemaversion="2">
<suite id="s1" name="Application" source="/Users/tordoppio/Doppio-Automation/ebay-testing/testcases/application">
<suite id="s1-s1" name="INSTANCE02" source="/Users/tordoppio/Doppio-Automation/ebay-testing/testcases/application/INSTANCE02.robot">
<kw name="Open ebay application" library="common" type="SETUP">
<kw name="Set Library Search Order" library="BuiltIn">
<arg>DobbyAppCommon</arg>
<arg>AppiumLibrary</arg>
<doc>Sets the resolution order to use when a name matches multiple keywords.</doc>
<status status="PASS" starttime="20231002 12:32:47.322" endtime="20231002 12:32:47.322"/>
</kw>
<if>
<branch type="IF" condition="'${require_farm}'=='True'">
<kw name="Init mobile farm configuration" library="DobbyAppCommon">
<doc>Init doppio mobile farm, Use hand in hand with woody mobile farm management</doc>
<kw name="Evaluate" library="BuiltIn">
<var>${pool_to_use}</var>
<arg>${PABOTEXECUTIONPOOLID}</arg>
<doc>Evaluates the given expression in Python and returns the result.</doc>
<msg timestamp="20231002 12:32:47.322" level="INFO">${pool_to_use} = 0</msg>
<status status="PASS" starttime="20231002 12:32:47.322" endtime="20231002 12:32:47.322"/>
</kw>
<kw name="Evaluate" library="BuiltIn">
<var>${delay_time}</var>
<arg>${pool_to_use}*5</arg>
<doc>Evaluates the given expression in Python and returns the result.</doc>
<msg timestamp="20231002 12:32:47.323" level="INFO">${delay_time} = 0</msg>
<status status="PASS" starttime="20231002 12:32:47.322" endtime="20231002 12:32:47.323"/>
</kw>
<kw name="Sleep" library="BuiltIn">
<arg>${delay_time}s</arg>
<doc>Pauses the test executed for the given time.</doc>
<msg timestamp="20231002 12:32:47.323" level="INFO">Slept 0 seconds</msg>
<status status="PASS" starttime="20231002 12:32:47.323" endtime="20231002 12:32:47.323"/>
</kw>
<kw name="Acquire Value Set" library="pabot.PabotLib">
<var>${valuesetname}</var>
<arg>set${pool_to_use}</arg>
<doc>Reserve a set of values for this execution.
[https://pabot.org/PabotLib.html?ref=log#acquire-value-set|Open online docs.]</doc>
<msg timestamp="20231002 12:32:47.324" level="INFO">Value set "Set" acquired</msg>
<msg timestamp="20231002 12:32:47.324" level="INFO">${valuesetname} = Set</msg>
<status status="PASS" starttime="20231002 12:32:47.323" endtime="20231002 12:32:47.324"/>
</kw>
<kw name="Get Value From Set" library="pabot.PabotLib">
<var>${doppioAppiumPort}</var>
<arg>appium_port</arg>
<doc>Get a value from previously reserved value set.
[https://pabot.org/PabotLib.html?ref=log#get-value-from-set|Open online docs.]</doc>
<msg timestamp="20231002 12:32:47.325" level="INFO">${doppioAppiumPort} = 9990</msg>
<status status="PASS" starttime="20231002 12:32:47.324" endtime="20231002 12:32:47.325"/>
</kw>
<kw name="Get Value From Set" library="pabot.PabotLib">
<var>${doppioSystemPort}</var>
<arg>system_port</arg>
<doc>Get a value from previously reserved value set.
[https://pabot.org/PabotLib.html?ref=log#get-value-from-set|Open online docs.]</doc>
<msg timestamp="20231002 12:32:47.325" level="INFO">${doppioSystemPort} = 8301</msg>
<status status="PASS" starttime="20231002 12:32:47.325" endtime="20231002 12:32:47.325"/>
</kw>
<kw name="Get Value From Set" library="pabot.PabotLib">
<var>${doppioDeviceName}</var>
<arg>device_info</arg>
<doc>Get a value from previously reserved value set.
[https://pabot.org/PabotLib.html?ref=log#get-value-from-set|Open online docs.]</doc>
<msg timestamp="20231002 12:32:47.325" level="INFO">${doppioDeviceName} = 26ab25c053217ece</msg>
<status status="PASS" starttime="20231002 12:32:47.325" endtime="20231002 12:32:47.325"/>
</kw>
<kw name="Get Value From Set" library="pabot.PabotLib">
<var>${doppioEmulatorName}</var>
<arg>emulator_name</arg>
<doc>Get a value from previously reserved value set.
[https://pabot.org/PabotLib.html?ref=log#get-value-from-set|Open online docs.]</doc>
<msg timestamp="20231002 12:32:47.325" level="INFO">${doppioEmulatorName} = 26ab25c053217ece</msg>
<status status="PASS" starttime="20231002 12:32:47.325" endtime="20231002 12:32:47.325"/>
</kw>
<kw name="Get Value From Set" library="pabot.PabotLib">
<var>${platformVersion}</var>
<arg>version</arg>
<doc>Get a value from previously reserved value set.
[https://pabot.org/PabotLib.html?ref=log#get-value-from-set|Open online docs.]</doc>
<msg timestamp="20231002 12:32:47.325" level="INFO">${platformVersion} = 10</msg>
<status status="PASS" starttime="20231002 12:32:47.325" endtime="20231002 12:32:47.325"/>
</kw>
<kw name="Get Value From Set" library="pabot.PabotLib">
<var>${url}</var>
<arg>remote_url</arg>
<doc>Get a value from previously reserved value set.
[https://pabot.org/PabotLib.html?ref=log#get-value-from-set|Open online docs.]</doc>
<msg timestamp="20231002 12:32:47.326" level="INFO">${url} = 127.0.0.1</msg>
<status status="PASS" starttime="20231002 12:32:47.325" endtime="20231002 12:32:47.326"/>
</kw>
<kw name="Convert To Integer" library="BuiltIn">
<var>${doppioSystemPort_int}</var>
<arg>${doppioSystemPort}</arg>
<doc>Converts the given item to an integer number.</doc>
<msg timestamp="20231002 12:32:47.326" level="INFO">${doppioSystemPort_int} = 8301</msg>
<status status="PASS" starttime="20231002 12:32:47.326" endtime="20231002 12:32:47.326"/>
</kw>
<kw name="Set Global Variable" library="BuiltIn">
<arg>${deviceName}</arg>
<arg>${doppioDeviceName}</arg>
<doc>Makes a variable available globally in all tests and suites.</doc>
<msg timestamp="20231002 12:32:47.326" level="INFO">${deviceName} = 26ab25c053217ece</msg>
<status status="PASS" starttime="20231002 12:32:47.326" endtime="20231002 12:32:47.326"/>
</kw>
<kw name="Set Global Variable" library="BuiltIn">
<arg>${systemPort}</arg>
<arg>${doppioSystemPort_int}</arg>
<doc>Makes a variable available globally in all tests and suites.</doc>
<msg timestamp="20231002 12:32:47.326" level="INFO">${systemPort} = 8301</msg>
<status status="PASS" starttime="20231002 12:32:47.326" endtime="20231002 12:32:47.326"/>
</kw>
<kw name="Set Global Variable" library="BuiltIn">
<arg>${udid}</arg>
<arg>${doppioEmulatorName}</arg>
<doc>Makes a variable available globally in all tests and suites.</doc>
<msg timestamp="20231002 12:32:47.326" level="INFO">${udid} = 26ab25c053217ece</msg>
<status status="PASS" starttime="20231002 12:32:47.326" endtime="20231002 12:32:47.327"/>
</kw>
<kw name="Set Global Variable" library="BuiltIn">
<arg>${remoteUrl}</arg>
<arg>http://${url}:${doppioAppiumPort}/wd/hub</arg>
<doc>Makes a variable available globally in all tests and suites.</doc>
<msg timestamp="20231002 12:32:47.327" level="INFO">${remoteUrl} = http://127.0.0.1:9990/wd/hub</msg>
<status status="PASS" starttime="20231002 12:32:47.327" endtime="20231002 12:32:47.327"/>
</kw>
<kw name="Set Global Variable" library="BuiltIn">
<arg>${platformVersion}</arg>
<arg>${platformVersion}</arg>
<doc>Makes a variable available globally in all tests and suites.</doc>
<msg timestamp="20231002 12:32:47.327" level="INFO">${platformVersion} = 10</msg>
<status status="PASS" starttime="20231002 12:32:47.327" endtime="20231002 12:32:47.327"/>
</kw>
<kw name="Release Value Set" library="pabot.PabotLib">
<doc>Release a reserved value set so that other executions can use it also.
[https://pabot.org/PabotLib.html?ref=log#release-value-set|Open online docs.]</doc>
<status status="PASS" starttime="20231002 12:32:47.327" endtime="20231002 12:32:47.328"/>
</kw>
<status status="PASS" starttime="20231002 12:32:47.322" endtime="20231002 12:32:47.328"/>
</kw>
<status status="PASS" starttime="20231002 12:32:47.322" endtime="20231002 12:32:47.328"/>
</branch>
<status status="PASS" starttime="20231002 12:32:47.322" endtime="20231002 12:32:47.328"/>
</if>
<kw name="Create Dictionary" library="BuiltIn">
<var>${capability}</var>
<arg>automationName=${automation}</arg>
<arg>platformName=${platformz}</arg>
<arg>platformVersion=${platformVersion}</arg>
<arg>deviceName=${deviceName}</arg>
<arg>udid=${udid}</arg>
<arg>noReset=${noReset}</arg>
<arg>newCommandTimeout=${0}</arg>
<arg>autoGrantPermissions=${TRUE}</arg>
<arg>unicodeKeyboard=${FALSE}</arg>
<arg>resetKeyboard=${TRUE}</arg>
<arg>autoAcceptAlerts=${TRUE}</arg>
<arg>autoDismissAlerts=${TRUE}</arg>
<arg>systemPort=${systemPort}</arg>
<arg>language=${LANG}</arg>
<arg>locale=${LANG.upper()}</arg>
<arg>wdaLocalPort=${systemPort}</arg>
<arg>enforceXPath1=${TRUE}</arg>
<arg>appPackage=${appPackage}</arg>
<arg>appActivity=${appActivity}</arg>
<doc>Creates and returns a dictionary based on the given ``items``.</doc>
<msg timestamp="20231002 12:32:47.329" level="INFO">${capability} = {'automationName': 'UiAutomator2', 'platformName': 'android', 'platformVersion': '10', 'deviceName': '26ab25c053217ece', 'udid': '26ab25c053217ece', 'noReset': True, 'newCommandTimeout': 0, 'autoGrant...</msg>
<status status="PASS" starttime="20231002 12:32:47.328" endtime="20231002 12:32:47.329"/>
</kw>
<kw name="Log" library="BuiltIn">
<arg>remote_url=${remoteUrl}</arg>
<doc>Logs the given message with the given level.</doc>
<msg timestamp="20231002 12:32:47.329" level="INFO">remote_url=http://127.0.0.1:9990/wd/hub</msg>
<status status="PASS" starttime="20231002 12:32:47.329" endtime="20231002 12:32:47.329"/>
</kw>
<kw name="Log" library="BuiltIn">
<arg>capability=${capability}</arg>
<doc>Logs the given message with the given level.</doc>
<msg timestamp="20231002 12:32:47.329" level="INFO">capability={'automationName': 'UiAutomator2', 'platformName': 'android', 'platformVersion': '10', 'deviceName': '26ab25c053217ece', 'udid': '26ab25c053217ece', 'noReset': True, 'newCommandTimeout': 0, 'autoGrantPermissions': True, 'unicodeKeyboard': False, 'resetKeyboard': True, 'autoAcceptAlerts': True, 'autoDismissAlerts': True, 'systemPort': 8301, 'language': 'en', 'locale': 'EN', 'wdaLocalPort': 8301, 'enforceXPath1': True, 'appPackage': 'com.ebay.mobile', 'appActivity': 'com.ebay.mobile.home.impl.main.MainActivity'}</msg>
<status status="PASS" starttime="20231002 12:32:47.329" endtime="20231002 12:32:47.329"/>
</kw>
<kw name="Open Application" library="AppiumLibrary">
<arg>remote_url=${remoteUrl}</arg>
<arg>&amp;{capability}</arg>
<doc>Opens a new application to given Appium server.
Capabilities of appium server, Android and iOS,
Please check https://github.com/appium/appium/blob/master/docs/en/writing-running-appium/server-args.md
| *Option*            | *Man.* | *Description*     |
| remote_url          | Yes    | Appium server url |
| alias               | no     | alias             |</doc>
<status status="PASS" starttime="20231002 12:32:47.330" endtime="20231002 12:32:52.124"/>
</kw>
<kw name="Wait Until Page Does Not Contain Element" library="AppiumLibrary">
<arg>xpath=//android.widget.LinearLayout[@resource-id="com.ebay.mobile:id/progressContainer"]//android.widget.ProgressBar</arg>
<arg>timeout=${GLOBAL_TIMEOUT}</arg>
<doc>Waits until element specified with `locator` disappears from current page.</doc>
<status status="PASS" starttime="20231002 12:32:52.125" endtime="20231002 12:32:53.252"/>
</kw>
<status status="PASS" starttime="20231002 12:32:47.321" endtime="20231002 12:32:53.253"/>
</kw>
<test id="s1-s1-t1" name="INSTANCE02 - Verify search result is matches with search keyword">
<kw name="Login to ebay application" library="login_feature">
<arg>panuwat.a@doppiotech.com</arg>
<arg>Shinemoon1!</arg>
<kw name="Run Keyword And Return Status" library="BuiltIn">
<var>${status}</var>
<arg>home_page.Verify sign in button is not displayed</arg>
<doc>Runs the given keyword with given arguments and returns the status as a Boolean value.</doc>
<kw name="Verify sign in button is not displayed" library="home_page">
<kw name="Wait Until Page Does Not Contain Element" library="AppiumLibrary">
<arg>id=com.ebay.mobile:id/button_sign_in</arg>
<doc>Waits until element specified with `locator` disappears from current page.</doc>
<status status="PASS" starttime="20231002 12:32:53.257" endtime="20231002 12:32:53.691"/>
</kw>
<status status="PASS" starttime="20231002 12:32:53.256" endtime="20231002 12:32:53.692"/>
</kw>
<msg timestamp="20231002 12:32:53.692" level="INFO">${status} = True</msg>
<status status="PASS" starttime="20231002 12:32:53.256" endtime="20231002 12:32:53.692"/>
</kw>
<if>
<branch type="IF" condition="${status}">
<kw name="Sign out username to ebay application" library="home_feature">
<kw name="Click menu my ebay" library="home_page">
<kw name="Tap element when ready" library="DobbyAppCommon">
<arg>xpath=//android.widget.FrameLayout[@content-desc="My eBay"]</arg>
<doc>There are 2 modes; the first one is to wait until element is ready then tap (this is a default).</doc>
<for flavor="IN RANGE">
<var>${i}</var>
<value>1</value>
<value>${max_attempts}</value>
<iter>
<var name="${i}">1</var>
<if>
<branch type="IF" condition="${wait_until_ready}">
<if>
<branch type="IF" condition="${only_contain}">
<kw name="Run Keyword And Ignore Error" library="BuiltIn">
<var>${wait_status}</var>
<arg>DobbyAppCommon.Wait until page contain element except stale</arg>
<arg>${locator}</arg>
<arg>${timeout}</arg>
<doc>Runs the given keyword with the given arguments and ignores possible error.</doc>
<status status="NOT RUN" starttime="20231002 12:32:53.697" endtime="20231002 12:32:53.697"/>
</kw>
<kw name="Convert To String" library="BuiltIn">
<var>${err_msg_wait}</var>
<arg>${wait_status[1]}</arg>
<doc>Converts the given item to a Unicode string.</doc>
<status status="NOT RUN" starttime="20231002 12:32:53.697" endtime="20231002 12:32:53.697"/>
</kw>
<status status="NOT RUN" starttime="20231002 12:32:53.697" endtime="20231002 12:32:53.698"/>
</branch>
<branch type="ELSE">
<kw name="Run Keyword And Ignore Error" library="BuiltIn">
<var>${wait_status}</var>
<arg>DobbyAppCommon.Wait until element is visible except stale</arg>
<arg>${locator}</arg>
<arg>${timeout}</arg>
<doc>Runs the given keyword with the given arguments and ignores possible error.</doc>
<kw name="Wait until element is visible except stale" library="DobbyAppCommon">
<arg>${locator}</arg>
<arg>${timeout}</arg>
<doc>Wait until element is visible except stale</doc>
<for flavor="IN RANGE">
<var>${i}</var>
<value>1</value>
<value>${max_attempts}</value>
<iter>
<var name="${i}">1</var>
<kw name="Run Keyword And Ignore Error" library="BuiltIn">
<var>${is_visible}</var>
<arg>AppiumLibrary.Wait until element is visible</arg>
<arg>${locator}</arg>
<arg>${timeout}</arg>
<doc>Runs the given keyword with the given arguments and ignores possible error.</doc>
<kw name="Wait Until Element Is Visible" library="AppiumLibrary">
<arg>${locator}</arg>
<arg>${timeout}</arg>
<doc>Waits until element specified with `locator` is visible.</doc>
<status status="PASS" starttime="20231002 12:32:53.699" endtime="20231002 12:32:53.868"/>
</kw>
<msg timestamp="20231002 12:32:53.869" level="INFO">${is_visible} = ('PASS', None)</msg>
<status status="PASS" starttime="20231002 12:32:53.699" endtime="20231002 12:32:53.869"/>
</kw>
<kw name="Convert To String" library="BuiltIn">
<var>${err_msg}</var>
<arg>${is_visible[1]}</arg>
<doc>Converts the given item to a Unicode string.</doc>
<msg timestamp="20231002 12:32:53.872" level="INFO">${err_msg} = None</msg>
<status status="PASS" starttime="20231002 12:32:53.869" endtime="20231002 12:32:53.872"/>
</kw>
<kw name="Run Keyword And Return Status" library="BuiltIn">
<var>${is_not_stale}</var>
<arg>Should not contain</arg>
<arg>${err_msg}</arg>
<arg>StaleElementReferenceException</arg>
<doc>Runs the given keyword with given arguments and returns the status as a Boolean value.</doc>
<kw name="Should Not Contain" library="BuiltIn">
<arg>${err_msg}</arg>
<arg>StaleElementReferenceException</arg>
<doc>Fails if ``container`` contains ``item`` one or more times.</doc>
<status status="PASS" starttime="20231002 12:32:53.873" endtime="20231002 12:32:53.873"/>
</kw>
<msg timestamp="20231002 12:32:53.873" level="INFO">${is_not_stale} = True</msg>
<status status="PASS" starttime="20231002 12:32:53.872" endtime="20231002 12:32:53.873"/>
</kw>
<kw name="Run Keyword And Return Status" library="BuiltIn">
<var>${no_err_msg}</var>
<arg>Should be equal</arg>
<arg>${is_visible[0]}</arg>
<arg>PASS</arg>
<arg>msg=${err_msg}</arg>
<doc>Runs the given keyword with given arguments and returns the status as a Boolean value.</doc>
<kw name="Should Be Equal" library="BuiltIn">
<arg>${is_visible[0]}</arg>
<arg>PASS</arg>
<arg>msg=${err_msg}</arg>
<doc>Fails if the given objects are unequal.</doc>
<status status="PASS" starttime="20231002 12:32:53.874" endtime="20231002 12:32:53.876"/>
</kw>
<msg timestamp="20231002 12:32:53.876" level="INFO">${no_err_msg} = True</msg>
<status status="PASS" starttime="20231002 12:32:53.874" endtime="20231002 12:32:53.876"/>
</kw>
<kw name="Evaluate" library="BuiltIn">
<var>${result}</var>
<arg>${is_not_stale} and ${no_err_msg}</arg>
<doc>Evaluates the given expression in Python and returns the result.</doc>
<msg timestamp="20231002 12:32:53.877" level="INFO">${result} = True</msg>
<status status="PASS" starttime="20231002 12:32:53.876" endtime="20231002 12:32:53.877"/>
</kw>
<kw name="Exit For Loop If" library="BuiltIn">
<arg>${result}</arg>
<doc>Stops executing the enclosing for loop if the ``condition`` is true.</doc>
<msg timestamp="20231002 12:32:53.878" level="INFO">Exiting for loop altogether.</msg>
<status status="PASS" starttime="20231002 12:32:53.877" endtime="20231002 12:32:53.879"/>
</kw>
<status status="PASS" starttime="20231002 12:32:53.699" endtime="20231002 12:32:53.879"/>
</iter>
<status status="PASS" starttime="20231002 12:32:53.699" endtime="20231002 12:32:53.879"/>
</for>
<kw name="Should Be True" library="BuiltIn">
<arg>${result}</arg>
<arg>msg="element either in stale mode or not visible, error message is ${err_msg}"</arg>
<doc>Fails if the given condition is not true.</doc>
<status status="PASS" starttime="20231002 12:32:53.879" endtime="20231002 12:32:53.880"/>
</kw>
<status status="PASS" starttime="20231002 12:32:53.698" endtime="20231002 12:32:53.880"/>
</kw>
<msg timestamp="20231002 12:32:53.880" level="INFO">${wait_status} = ('PASS', None)</msg>
<status status="PASS" starttime="20231002 12:32:53.698" endtime="20231002 12:32:53.880"/>
</kw>
<kw name="Convert To String" library="BuiltIn">
<var>${err_msg_wait}</var>
<arg>${wait_status[1]}</arg>
<doc>Converts the given item to a Unicode string.</doc>
<msg timestamp="20231002 12:32:53.880" level="INFO">${err_msg_wait} = None</msg>
<status status="PASS" starttime="20231002 12:32:53.880" endtime="20231002 12:32:53.880"/>
</kw>
<status status="PASS" starttime="20231002 12:32:53.698" endtime="20231002 12:32:53.881"/>
</branch>
<status status="PASS" starttime="20231002 12:32:53.696" endtime="20231002 12:32:53.881"/>
</if>
<status status="PASS" starttime="20231002 12:32:53.696" endtime="20231002 12:32:53.881"/>
</branch>
<branch type="ELSE">
<kw name="Set Variable" library="BuiltIn">
<var>${err_msg_wait}</var>
<arg>${EMPTY}</arg>
<doc>Returns the given values which can then be assigned to a variables.</doc>
<status status="NOT RUN" starttime="20231002 12:32:53.881" endtime="20231002 12:32:53.881"/>
</kw>
<status status="NOT RUN" starttime="20231002 12:32:53.881" endtime="20231002 12:32:53.881"/>
</branch>
<status status="PASS" starttime="20231002 12:32:53.696" endtime="20231002 12:32:53.881"/>
</if>
<kw name="Run Keyword And Ignore Error" library="BuiltIn">
<var>${tap_status}</var>
<arg>AppiumLibrary.Tap</arg>
<arg>${locator}</arg>
<doc>Runs the given keyword with the given arguments and ignores possible error.</doc>
<kw name="Tap" library="AppiumLibrary">
<arg>${locator}</arg>
<doc>Tap element identified by ``locator``. </doc>
<status status="PASS" starttime="20231002 12:32:53.881" endtime="20231002 12:32:54.305"/>
</kw>
<msg timestamp="20231002 12:32:54.306" level="INFO">${tap_status} = ('PASS', None)</msg>
<status status="PASS" starttime="20231002 12:32:53.881" endtime="20231002 12:32:54.306"/>
</kw>
<kw name="Convert To String" library="BuiltIn">
<var>${err_msg_tap}</var>
<arg>${tap_status[1]}</arg>
<doc>Converts the given item to a Unicode string.</doc>
<msg timestamp="20231002 12:32:54.308" level="INFO">${err_msg_tap} = None</msg>
<status status="PASS" starttime="20231002 12:32:54.307" endtime="20231002 12:32:54.308"/>
</kw>
<kw name="Evaluate" library="BuiltIn">
<var>${result}</var>
<arg>'${tap_status[0]}' == 'PASS'</arg>
<doc>Evaluates the given expression in Python and returns the result.</doc>
<msg timestamp="20231002 12:32:54.311" level="INFO">${result} = True</msg>
<status status="PASS" starttime="20231002 12:32:54.309" endtime="20231002 12:32:54.311"/>
</kw>
<kw name="Exit For Loop If" library="BuiltIn">
<arg>${result}</arg>
<doc>Stops executing the enclosing for loop if the ``condition`` is true.</doc>
<msg timestamp="20231002 12:32:54.312" level="INFO">Exiting for loop altogether.</msg>
<status status="PASS" starttime="20231002 12:32:54.312" endtime="20231002 12:32:54.313"/>
</kw>
<status status="PASS" starttime="20231002 12:32:53.696" endtime="20231002 12:32:54.313"/>
</iter>
<status status="PASS" starttime="20231002 12:32:53.695" endtime="20231002 12:32:54.313"/>
</for>
<kw name="Should Be True" library="BuiltIn">
<arg>${result}</arg>
<arg>msg='Unable to tap after ${${max_attempts}-1} attempts, with error ${err_msg_tap}, ${err_msg_wait},'</arg>
<doc>Fails if the given condition is not true.</doc>
<status status="PASS" starttime="20231002 12:32:54.314" endtime="20231002 12:32:54.314"/>
</kw>
<status status="PASS" starttime="20231002 12:32:53.695" endtime="20231002 12:32:54.315"/>
</kw>
<status status="PASS" starttime="20231002 12:32:53.694" endtime="20231002 12:32:54.315"/>
</kw>
<kw name="Click setting menu" library="home_page">
<kw name="Find and tap element when ready" library="common">
<arg>id=com.ebay.mobile:id/settings</arg>
<arg>id=android:id/content</arg>
<arg>percent=0.5</arg>
<arg>timeout=2s</arg>
<kw name="Find element" library="DobbyAppCommon">
<arg>${locator}</arg>
<arg>${scroll_view}</arg>
<arg>${default_scroll_view}</arg>
<arg>${moveto}</arg>
<arg>${percent}</arg>
<arg>${number_of_scroll}</arg>
<arg>${timeout}</arg>
<doc>Find element by swiping down</doc>
<kw name="Run Keyword And Return Status" library="BuiltIn">
<var>${element_status}</var>
<arg>DobbyAppCommon.Wait until element is visible except stale</arg>
<arg>${target_element}</arg>
<arg>${timeout}</arg>
<doc>Runs the given keyword with given arguments and returns the status as a Boolean value.</doc>
<kw name="Wait until element is visible except stale" library="DobbyAppCommon">
<arg>${target_element}</arg>
<arg>${timeout}</arg>
<doc>Wait until element is visible except stale</doc>
<for flavor="IN RANGE">
<var>${i}</var>
<value>1</value>
<value>${max_attempts}</value>
<iter>
<var name="${i}">1</var>
<kw name="Run Keyword And Ignore Error" library="BuiltIn">
<var>${is_visible}</var>
<arg>AppiumLibrary.Wait until element is visible</arg>
<arg>${locator}</arg>
<arg>${timeout}</arg>
<doc>Runs the given keyword with the given arguments and ignores possible error.</doc>
<kw name="Wait Until Element Is Visible" library="AppiumLibrary">
<arg>${locator}</arg>
<arg>${timeout}</arg>
<doc>Waits until element specified with `locator` is visible.</doc>
<kw name="Capture Page Screenshot" library="AppiumLibrary">
<doc>Takes a screenshot of the current page and embeds it into the log.</doc>
<msg timestamp="20231002 12:32:56.911" level="INFO" html="true">&lt;/td&gt;&lt;/tr&gt;&lt;tr&gt;&lt;td colspan="3"&gt;&lt;a href="appium-screenshot-1.png"&gt;&lt;img src="appium-screenshot-1.png" width="800px"&gt;&lt;/a&gt;</msg>
<status status="PASS" starttime="20231002 12:32:56.491" endtime="20231002 12:32:56.911"/>
</kw>
<msg timestamp="20231002 12:32:56.913" level="FAIL">Element locator 'id=com.ebay.mobile:id/settings' did not match any elements after 2 seconds</msg>
<status status="FAIL" starttime="20231002 12:32:54.316" endtime="20231002 12:32:56.913"/>
</kw>
<msg timestamp="20231002 12:32:56.913" level="INFO">${is_visible} = ('FAIL', "Element locator 'id=com.ebay.mobile:id/settings' did not match any elements after 2 seconds")</msg>
<status status="PASS" starttime="20231002 12:32:54.316" endtime="20231002 12:32:56.914"/>
</kw>
<kw name="Convert To String" library="BuiltIn">
<var>${err_msg}</var>
<arg>${is_visible[1]}</arg>
<doc>Converts the given item to a Unicode string.</doc>
<msg timestamp="20231002 12:32:56.916" level="INFO">${err_msg} = Element locator 'id=com.ebay.mobile:id/settings' did not match any elements after 2 seconds</msg>
<status status="PASS" starttime="20231002 12:32:56.914" endtime="20231002 12:32:56.916"/>
</kw>
<kw name="Run Keyword And Return Status" library="BuiltIn">
<var>${is_not_stale}</var>
<arg>Should not contain</arg>
<arg>${err_msg}</arg>
<arg>StaleElementReferenceException</arg>
<doc>Runs the given keyword with given arguments and returns the status as a Boolean value.</doc>
<kw name="Should Not Contain" library="BuiltIn">
<arg>${err_msg}</arg>
<arg>StaleElementReferenceException</arg>
<doc>Fails if ``container`` contains ``item`` one or more times.</doc>
<status status="PASS" starttime="20231002 12:32:56.917" endtime="20231002 12:32:56.917"/>
</kw>
<msg timestamp="20231002 12:32:56.918" level="INFO">${is_not_stale} = True</msg>
<status status="PASS" starttime="20231002 12:32:56.916" endtime="20231002 12:32:56.918"/>
</kw>
<kw name="Run Keyword And Return Status" library="BuiltIn">
<var>${no_err_msg}</var>
<arg>Should be equal</arg>
<arg>${is_visible[0]}</arg>
<arg>PASS</arg>
<arg>msg=${err_msg}</arg>
<doc>Runs the given keyword with given arguments and returns the status as a Boolean value.</doc>
<kw name="Should Be Equal" library="BuiltIn">
<arg>${is_visible[0]}</arg>
<arg>PASS</arg>
<arg>msg=${err_msg}</arg>
<doc>Fails if the given objects are unequal.</doc>
<msg timestamp="20231002 12:32:56.922" level="FAIL">Element locator 'id=com.ebay.mobile:id/settings' did not match any elements after 2 seconds: FAIL != PASS</msg>
<status status="FAIL" starttime="20231002 12:32:56.918" endtime="20231002 12:32:56.922"/>
</kw>
<msg timestamp="20231002 12:32:56.922" level="INFO">${no_err_msg} = False</msg>
<status status="PASS" starttime="20231002 12:32:56.918" endtime="20231002 12:32:56.922"/>
</kw>
<kw name="Evaluate" library="BuiltIn">
<var>${result}</var>
<arg>${is_not_stale} and ${no_err_msg}</arg>
<doc>Evaluates the given expression in Python and returns the result.</doc>
<msg timestamp="20231002 12:32:56.923" level="INFO">${result} = False</msg>
<status status="PASS" starttime="20231002 12:32:56.922" endtime="20231002 12:32:56.923"/>
</kw>
<kw name="Exit For Loop If" library="BuiltIn">
<arg>${result}</arg>
<doc>Stops executing the enclosing for loop if the ``condition`` is true.</doc>
<status status="PASS" starttime="20231002 12:32:56.923" endtime="20231002 12:32:56.923"/>
</kw>
<status status="PASS" starttime="20231002 12:32:54.316" endtime="20231002 12:32:56.923"/>
</iter>
<iter>
<var name="${i}">2</var>
<kw name="Run Keyword And Ignore Error" library="BuiltIn">
<var>${is_visible}</var>
<arg>AppiumLibrary.Wait until element is visible</arg>
<arg>${locator}</arg>
<arg>${timeout}</arg>
<doc>Runs the given keyword with the given arguments and ignores possible error.</doc>
<kw name="Wait Until Element Is Visible" library="AppiumLibrary">
<arg>${locator}</arg>
<arg>${timeout}</arg>
<doc>Waits until element specified with `locator` is visible.</doc>
<kw name="Capture Page Screenshot" library="AppiumLibrary">
<doc>Takes a screenshot of the current page and embeds it into the log.</doc>
<msg timestamp="20231002 12:32:59.498" level="INFO" html="true">&lt;/td&gt;&lt;/tr&gt;&lt;tr&gt;&lt;td colspan="3"&gt;&lt;a href="appium-screenshot-2.png"&gt;&lt;img src="appium-screenshot-2.png" width="800px"&gt;&lt;/a&gt;</msg>
<status status="PASS" starttime="20231002 12:32:59.052" endtime="20231002 12:32:59.498"/>
</kw>
<msg timestamp="20231002 12:32:59.500" level="FAIL">Element locator 'id=com.ebay.mobile:id/settings' did not match any elements after 2 seconds</msg>
<status status="FAIL" starttime="20231002 12:32:56.924" endtime="20231002 12:32:59.500"/>
</kw>
<msg timestamp="20231002 12:32:59.501" level="INFO">${is_visible} = ('FAIL', "Element locator 'id=com.ebay.mobile:id/settings' did not match any elements after 2 seconds")</msg>
<status status="PASS" starttime="20231002 12:32:56.924" endtime="20231002 12:32:59.501"/>
</kw>
<kw name="Convert To String" library="BuiltIn">
<var>${err_msg}</var>
<arg>${is_visible[1]}</arg>
<doc>Converts the given item to a Unicode string.</doc>
<msg timestamp="20231002 12:32:59.503" level="INFO">${err_msg} = Element locator 'id=com.ebay.mobile:id/settings' did not match any elements after 2 seconds</msg>
<status status="PASS" starttime="20231002 12:32:59.501" endtime="20231002 12:32:59.503"/>
</kw>
<kw name="Run Keyword And Return Status" library="BuiltIn">
<var>${is_not_stale}</var>
<arg>Should not contain</arg>
<arg>${err_msg}</arg>
<arg>StaleElementReferenceException</arg>
<doc>Runs the given keyword with given arguments and returns the status as a Boolean value.</doc>
<kw name="Should Not Contain" library="BuiltIn">
<arg>${err_msg}</arg>
<arg>StaleElementReferenceException</arg>
<doc>Fails if ``container`` contains ``item`` one or more times.</doc>
<status status="PASS" starttime="20231002 12:32:59.503" endtime="20231002 12:32:59.504"/>
</kw>
<msg timestamp="20231002 12:32:59.504" level="INFO">${is_not_stale} = True</msg>
<status status="PASS" starttime="20231002 12:32:59.503" endtime="20231002 12:32:59.504"/>
</kw>
<kw name="Run Keyword And Return Status" library="BuiltIn">
<var>${no_err_msg}</var>
<arg>Should be equal</arg>
<arg>${is_visible[0]}</arg>
<arg>PASS</arg>
<arg>msg=${err_msg}</arg>
<doc>Runs the given keyword with given arguments and returns the status as a Boolean value.</doc>
<kw name="Should Be Equal" library="BuiltIn">
<arg>${is_visible[0]}</arg>
<arg>PASS</arg>
<arg>msg=${err_msg}</arg>
<doc>Fails if the given objects are unequal.</doc>
<msg timestamp="20231002 12:32:59.506" level="FAIL">Element locator 'id=com.ebay.mobile:id/settings' did not match any elements after 2 seconds: FAIL != PASS</msg>
<status status="FAIL" starttime="20231002 12:32:59.504" endtime="20231002 12:32:59.506"/>
</kw>
<msg timestamp="20231002 12:32:59.506" level="INFO">${no_err_msg} = False</msg>
<status status="PASS" starttime="20231002 12:32:59.504" endtime="20231002 12:32:59.506"/>
</kw>
<kw name="Evaluate" library="BuiltIn">
<var>${result}</var>
<arg>${is_not_stale} and ${no_err_msg}</arg>
<doc>Evaluates the given expression in Python and returns the result.</doc>
<msg timestamp="20231002 12:32:59.506" level="INFO">${result} = False</msg>
<status status="PASS" starttime="20231002 12:32:59.506" endtime="20231002 12:32:59.506"/>
</kw>
<kw name="Exit For Loop If" library="BuiltIn">
<arg>${result}</arg>
<doc>Stops executing the enclosing for loop if the ``condition`` is true.</doc>
<status status="PASS" starttime="20231002 12:32:59.506" endtime="20231002 12:32:59.506"/>
</kw>
<status status="PASS" starttime="20231002 12:32:56.924" endtime="20231002 12:32:59.506"/>
</iter>
<iter>
<var name="${i}">3</var>
<kw name="Run Keyword And Ignore Error" library="BuiltIn">
<var>${is_visible}</var>
<arg>AppiumLibrary.Wait until element is visible</arg>
<arg>${locator}</arg>
<arg>${timeout}</arg>
<doc>Runs the given keyword with the given arguments and ignores possible error.</doc>
<kw name="Wait Until Element Is Visible" library="AppiumLibrary">
<arg>${locator}</arg>
<arg>${timeout}</arg>
<doc>Waits until element specified with `locator` is visible.</doc>
<kw name="Capture Page Screenshot" library="AppiumLibrary">
<doc>Takes a screenshot of the current page and embeds it into the log.</doc>
<msg timestamp="20231002 12:33:02.211" level="INFO" html="true">&lt;/td&gt;&lt;/tr&gt;&lt;tr&gt;&lt;td colspan="3"&gt;&lt;a href="appium-screenshot-3.png"&gt;&lt;img src="appium-screenshot-3.png" width="800px"&gt;&lt;/a&gt;</msg>
<status status="PASS" starttime="20231002 12:33:01.734" endtime="20231002 12:33:02.211"/>
</kw>
<msg timestamp="20231002 12:33:02.213" level="FAIL">Element locator 'id=com.ebay.mobile:id/settings' did not match any elements after 2 seconds</msg>
<status status="FAIL" starttime="20231002 12:32:59.507" endtime="20231002 12:33:02.213"/>
</kw>
<msg timestamp="20231002 12:33:02.213" level="INFO">${is_visible} = ('FAIL', "Element locator 'id=com.ebay.mobile:id/settings' did not match any elements after 2 seconds")</msg>
<status status="PASS" starttime="20231002 12:32:59.507" endtime="20231002 12:33:02.213"/>
</kw>
<kw name="Convert To String" library="BuiltIn">
<var>${err_msg}</var>
<arg>${is_visible[1]}</arg>
<doc>Converts the given item to a Unicode string.</doc>
<msg timestamp="20231002 12:33:02.215" level="INFO">${err_msg} = Element locator 'id=com.ebay.mobile:id/settings' did not match any elements after 2 seconds</msg>
<status status="PASS" starttime="20231002 12:33:02.214" endtime="20231002 12:33:02.215"/>
</kw>
<kw name="Run Keyword And Return Status" library="BuiltIn">
<var>${is_not_stale}</var>
<arg>Should not contain</arg>
<arg>${err_msg}</arg>
<arg>StaleElementReferenceException</arg>
<doc>Runs the given keyword with given arguments and returns the status as a Boolean value.</doc>
<kw name="Should Not Contain" library="BuiltIn">
<arg>${err_msg}</arg>
<arg>StaleElementReferenceException</arg>
<doc>Fails if ``container`` contains ``item`` one or more times.</doc>
<status status="PASS" starttime="20231002 12:33:02.216" endtime="20231002 12:33:02.216"/>
</kw>
<msg timestamp="20231002 12:33:02.216" level="INFO">${is_not_stale} = True</msg>
<status status="PASS" starttime="20231002 12:33:02.216" endtime="20231002 12:33:02.216"/>
</kw>
<kw name="Run Keyword And Return Status" library="BuiltIn">
<var>${no_err_msg}</var>
<arg>Should be equal</arg>
<arg>${is_visible[0]}</arg>
<arg>PASS</arg>
<arg>msg=${err_msg}</arg>
<doc>Runs the given keyword with given arguments and returns the status as a Boolean value.</doc>
<kw name="Should Be Equal" library="BuiltIn">
<arg>${is_visible[0]}</arg>
<arg>PASS</arg>
<arg>msg=${err_msg}</arg>
<doc>Fails if the given objects are unequal.</doc>
<msg timestamp="20231002 12:33:02.221" level="FAIL">Element locator 'id=com.ebay.mobile:id/settings' did not match any elements after 2 seconds: FAIL != PASS</msg>
<status status="FAIL" starttime="20231002 12:33:02.217" endtime="20231002 12:33:02.221"/>
</kw>
<msg timestamp="20231002 12:33:02.221" level="INFO">${no_err_msg} = False</msg>
<status status="PASS" starttime="20231002 12:33:02.217" endtime="20231002 12:33:02.221"/>
</kw>
<kw name="Evaluate" library="BuiltIn">
<var>${result}</var>
<arg>${is_not_stale} and ${no_err_msg}</arg>
<doc>Evaluates the given expression in Python and returns the result.</doc>
<msg timestamp="20231002 12:33:02.221" level="INFO">${result} = False</msg>
<status status="PASS" starttime="20231002 12:33:02.221" endtime="20231002 12:33:02.221"/>
</kw>
<kw name="Exit For Loop If" library="BuiltIn">
<arg>${result}</arg>
<doc>Stops executing the enclosing for loop if the ``condition`` is true.</doc>
<status status="PASS" starttime="20231002 12:33:02.222" endtime="20231002 12:33:02.222"/>
</kw>
<status status="PASS" starttime="20231002 12:32:59.507" endtime="20231002 12:33:02.222"/>
</iter>
<iter>
<var name="${i}">4</var>
<kw name="Run Keyword And Ignore Error" library="BuiltIn">
<var>${is_visible}</var>
<arg>AppiumLibrary.Wait until element is visible</arg>
<arg>${locator}</arg>
<arg>${timeout}</arg>
<doc>Runs the given keyword with the given arguments and ignores possible error.</doc>
<kw name="Wait Until Element Is Visible" library="AppiumLibrary">
<arg>${locator}</arg>
<arg>${timeout}</arg>
<doc>Waits until element specified with `locator` is visible.</doc>
<kw name="Capture Page Screenshot" library="AppiumLibrary">
<doc>Takes a screenshot of the current page and embeds it into the log.</doc>
<msg timestamp="20231002 12:33:04.769" level="INFO" html="true">&lt;/td&gt;&lt;/tr&gt;&lt;tr&gt;&lt;td colspan="3"&gt;&lt;a href="appium-screenshot-4.png"&gt;&lt;img src="appium-screenshot-4.png" width="800px"&gt;&lt;/a&gt;</msg>
<status status="PASS" starttime="20231002 12:33:04.339" endtime="20231002 12:33:04.770"/>
</kw>
<msg timestamp="20231002 12:33:04.772" level="FAIL">Element locator 'id=com.ebay.mobile:id/settings' did not match any elements after 2 seconds</msg>
<status status="FAIL" starttime="20231002 12:33:02.223" endtime="20231002 12:33:04.772"/>
</kw>
<msg timestamp="20231002 12:33:04.773" level="INFO">${is_visible} = ('FAIL', "Element locator 'id=com.ebay.mobile:id/settings' did not match any elements after 2 seconds")</msg>
<status status="PASS" starttime="20231002 12:33:02.222" endtime="20231002 12:33:04.773"/>
</kw>
<kw name="Convert To String" library="BuiltIn">
<var>${err_msg}</var>
<arg>${is_visible[1]}</arg>
<doc>Converts the given item to a Unicode string.</doc>
<msg timestamp="20231002 12:33:04.774" level="INFO">${err_msg} = Element locator 'id=com.ebay.mobile:id/settings' did not match any elements after 2 seconds</msg>
<status status="PASS" starttime="20231002 12:33:04.773" endtime="20231002 12:33:04.774"/>
</kw>
<kw name="Run Keyword And Return Status" library="BuiltIn">
<var>${is_not_stale}</var>
<arg>Should not contain</arg>
<arg>${err_msg}</arg>
<arg>StaleElementReferenceException</arg>
<doc>Runs the given keyword with given arguments and returns the status as a Boolean value.</doc>
<kw name="Should Not Contain" library="BuiltIn">
<arg>${err_msg}</arg>
<arg>StaleElementReferenceException</arg>
<doc>Fails if ``container`` contains ``item`` one or more times.</doc>
<status status="PASS" starttime="20231002 12:33:04.775" endtime="20231002 12:33:04.776"/>
</kw>
<msg timestamp="20231002 12:33:04.776" level="INFO">${is_not_stale} = True</msg>
<status status="PASS" starttime="20231002 12:33:04.775" endtime="20231002 12:33:04.776"/>
</kw>
<kw name="Run Keyword And Return Status" library="BuiltIn">
<var>${no_err_msg}</var>
<arg>Should be equal</arg>
<arg>${is_visible[0]}</arg>
<arg>PASS</arg>
<arg>msg=${err_msg}</arg>
<doc>Runs the given keyword with given arguments and returns the status as a Boolean value.</doc>
<kw name="Should Be Equal" library="BuiltIn">
<arg>${is_visible[0]}</arg>
<arg>PASS</arg>
<arg>msg=${err_msg}</arg>
<doc>Fails if the given objects are unequal.</doc>
<msg timestamp="20231002 12:33:04.780" level="FAIL">Element locator 'id=com.ebay.mobile:id/settings' did not match any elements after 2 seconds: FAIL != PASS</msg>
<status status="FAIL" starttime="20231002 12:33:04.777" endtime="20231002 12:33:04.780"/>
</kw>
<msg timestamp="20231002 12:33:04.780" level="INFO">${no_err_msg} = False</msg>
<status status="PASS" starttime="20231002 12:33:04.776" endtime="20231002 12:33:04.780"/>
</kw>
<kw name="Evaluate" library="BuiltIn">
<var>${result}</var>
<arg>${is_not_stale} and ${no_err_msg}</arg>
<doc>Evaluates the given expression in Python and returns the result.</doc>
<msg timestamp="20231002 12:33:04.781" level="INFO">${result} = False</msg>
<status status="PASS" starttime="20231002 12:33:04.781" endtime="20231002 12:33:04.781"/>
</kw>
<kw name="Exit For Loop If" library="BuiltIn">
<arg>${result}</arg>
<doc>Stops executing the enclosing for loop if the ``condition`` is true.</doc>
<status status="PASS" starttime="20231002 12:33:04.781" endtime="20231002 12:33:04.782"/>
</kw>
<status status="PASS" starttime="20231002 12:33:02.222" endtime="20231002 12:33:04.782"/>
</iter>
<status status="PASS" starttime="20231002 12:32:54.316" endtime="20231002 12:33:04.782"/>
</for>
<kw name="Should Be True" library="BuiltIn">
<arg>${result}</arg>
<arg>msg="element either in stale mode or not visible, error message is ${err_msg}"</arg>
<doc>Fails if the given condition is not true.</doc>
<msg timestamp="20231002 12:33:04.783" level="FAIL">"element either in stale mode or not visible, error message is Element locator 'id=com.ebay.mobile:id/settings' did not match any elements after 2 seconds"</msg>
<status status="FAIL" starttime="20231002 12:33:04.782" endtime="20231002 12:33:04.783"/>
</kw>
<status status="FAIL" starttime="20231002 12:32:54.316" endtime="20231002 12:33:04.784"/>
</kw>
<msg timestamp="20231002 12:33:04.785" level="INFO">${element_status} = False</msg>
<status status="PASS" starttime="20231002 12:32:54.316" endtime="20231002 12:33:04.785"/>
</kw>
<if>
<branch type="IF" condition="'${element_status}'=='False'">
<kw name="Set resolution" library="DobbyAppCommon">
<arg>${scroll_panel}</arg>
<arg>${percent}</arg>
<doc>Set device resolution according to scroll element size</doc>
<kw name="Wait until element is visible except stale" library="DobbyAppCommon">
<arg>${scroll_element}</arg>
<doc>Wait until element is visible except stale</doc>
<for flavor="IN RANGE">
<var>${i}</var>
<value>1</value>
<value>${max_attempts}</value>
<iter>
<var name="${i}">1</var>
<kw name="Run Keyword And Ignore Error" library="BuiltIn">
<var>${is_visible}</var>
<arg>AppiumLibrary.Wait until element is visible</arg>
<arg>${locator}</arg>
<arg>${timeout}</arg>
<doc>Runs the given keyword with the given arguments and ignores possible error.</doc>
<kw name="Wait Until Element Is Visible" library="AppiumLibrary">
<arg>${locator}</arg>
<arg>${timeout}</arg>
<doc>Waits until element specified with `locator` is visible.</doc>
<status status="PASS" starttime="20231002 12:33:04.787" endtime="20231002 12:33:05.022"/>
</kw>
<msg timestamp="20231002 12:33:05.022" level="INFO">${is_visible} = ('PASS', None)</msg>
<status status="PASS" starttime="20231002 12:33:04.787" endtime="20231002 12:33:05.023"/>
</kw>
<kw name="Convert To String" library="BuiltIn">
<var>${err_msg}</var>
<arg>${is_visible[1]}</arg>
<doc>Converts the given item to a Unicode string.</doc>
<msg timestamp="20231002 12:33:05.025" level="INFO">${err_msg} = None</msg>
<status status="PASS" starttime="20231002 12:33:05.023" endtime="20231002 12:33:05.025"/>
</kw>
<kw name="Run Keyword And Return Status" library="BuiltIn">
<var>${is_not_stale}</var>
<arg>Should not contain</arg>
<arg>${err_msg}</arg>
<arg>StaleElementReferenceException</arg>
<doc>Runs the given keyword with given arguments and returns the status as a Boolean value.</doc>
<kw name="Should Not Contain" library="BuiltIn">
<arg>${err_msg}</arg>
<arg>StaleElementReferenceException</arg>
<doc>Fails if ``container`` contains ``item`` one or more times.</doc>
<status status="PASS" starttime="20231002 12:33:05.026" endtime="20231002 12:33:05.027"/>
</kw>
<msg timestamp="20231002 12:33:05.027" level="INFO">${is_not_stale} = True</msg>
<status status="PASS" starttime="20231002 12:33:05.026" endtime="20231002 12:33:05.027"/>
</kw>
<kw name="Run Keyword And Return Status" library="BuiltIn">
<var>${no_err_msg}</var>
<arg>Should be equal</arg>
<arg>${is_visible[0]}</arg>
<arg>PASS</arg>
<arg>msg=${err_msg}</arg>
<doc>Runs the given keyword with given arguments and returns the status as a Boolean value.</doc>
<kw name="Should Be Equal" library="BuiltIn">
<arg>${is_visible[0]}</arg>
<arg>PASS</arg>
<arg>msg=${err_msg}</arg>
<doc>Fails if the given objects are unequal.</doc>
<status status="PASS" starttime="20231002 12:33:05.028" endtime="20231002 12:33:05.030"/>
</kw>
<msg timestamp="20231002 12:33:05.031" level="INFO">${no_err_msg} = True</msg>
<status status="PASS" starttime="20231002 12:33:05.027" endtime="20231002 12:33:05.031"/>
</kw>
<kw name="Evaluate" library="BuiltIn">
<var>${result}</var>
<arg>${is_not_stale} and ${no_err_msg}</arg>
<doc>Evaluates the given expression in Python and returns the result.</doc>
<msg timestamp="20231002 12:33:05.031" level="INFO">${result} = True</msg>
<status status="PASS" starttime="20231002 12:33:05.031" endtime="20231002 12:33:05.031"/>
</kw>
<kw name="Exit For Loop If" library="BuiltIn">
<arg>${result}</arg>
<doc>Stops executing the enclosing for loop if the ``condition`` is true.</doc>
<msg timestamp="20231002 12:33:05.032" level="INFO">Exiting for loop altogether.</msg>
<status status="PASS" starttime="20231002 12:33:05.032" endtime="20231002 12:33:05.032"/>
</kw>
<status status="PASS" starttime="20231002 12:33:04.787" endtime="20231002 12:33:05.033"/>
</iter>
<status status="PASS" starttime="20231002 12:33:04.786" endtime="20231002 12:33:05.033"/>
</for>
<kw name="Should Be True" library="BuiltIn">
<arg>${result}</arg>
<arg>msg="element either in stale mode or not visible, error message is ${err_msg}"</arg>
<doc>Fails if the given condition is not true.</doc>
<status status="PASS" starttime="20231002 12:33:05.033" endtime="20231002 12:33:05.034"/>
</kw>
<status status="PASS" starttime="20231002 12:33:04.786" endtime="20231002 12:33:05.034"/>
</kw>
<kw name="Get Element Size" library="AppiumLibrary">
<var>${getsize}</var>
<arg>${scroll_element}</arg>
<doc>Get element size</doc>
<msg timestamp="20231002 12:33:05.212" level="INFO">Element 'id=android:id/content' size: {'height': 2031, 'width': 1080} </msg>
<msg timestamp="20231002 12:33:05.213" level="INFO">${getsize} = {'height': 2031, 'width': 1080}</msg>
<status status="PASS" starttime="20231002 12:33:05.034" endtime="20231002 12:33:05.213"/>
</kw>
<kw name="Get Element Location" library="AppiumLibrary">
<var>${getcoor}</var>
<arg>${scroll_element}</arg>
<doc>Get element location</doc>
<msg timestamp="20231002 12:33:05.417" level="INFO">Element 'id=android:id/content' location: {'x': 0, 'y': 63} </msg>
<msg timestamp="20231002 12:33:05.417" level="INFO">${getcoor} = {'x': 0, 'y': 63}</msg>
<status status="PASS" starttime="20231002 12:33:05.213" endtime="20231002 12:33:05.417"/>
</kw>
<kw name="Evaluate" library="BuiltIn">
<var>${center_x}</var>
<arg>${getcoor['x']}+${getsize['width']}/2</arg>
<doc>Evaluates the given expression in Python and returns the result.</doc>
<msg timestamp="20231002 12:33:05.419" level="INFO">${center_x} = 540.0</msg>
<status status="PASS" starttime="20231002 12:33:05.418" endtime="20231002 12:33:05.420"/>
</kw>
<kw name="Evaluate" library="BuiltIn">
<var>${center_y}</var>
<arg>${getcoor['y']}+${getsize['height']}/2</arg>
<doc>Evaluates the given expression in Python and returns the result.</doc>
<msg timestamp="20231002 12:33:05.421" level="INFO">${center_y} = 1078.5</msg>
<status status="PASS" starttime="20231002 12:33:05.420" endtime="20231002 12:33:05.421"/>
</kw>
<kw name="Evaluate" library="BuiltIn">
<var>${sideways_center_point}</var>
<arg>${getsize['width']}/2</arg>
<doc>Evaluates the given expression in Python and returns the result.</doc>
<msg timestamp="20231002 12:33:05.422" level="INFO">${sideways_center_point} = 540.0</msg>
<status status="PASS" starttime="20231002 12:33:05.422" endtime="20231002 12:33:05.422"/>
</kw>
<kw name="Evaluate" library="BuiltIn">
<var>${newY}</var>
<arg>${center_y}-${center_y}*${percent}</arg>
<doc>Evaluates the given expression in Python and returns the result.</doc>
<msg timestamp="20231002 12:33:05.423" level="INFO">${newY} = 539.25</msg>
<status status="PASS" starttime="20231002 12:33:05.423" endtime="20231002 12:33:05.423"/>
</kw>
<kw name="Evaluate" library="BuiltIn">
<var>${bottomY}</var>
<arg>${center_y}-${newY}</arg>
<doc>Evaluates the given expression in Python and returns the result.</doc>
<msg timestamp="20231002 12:33:05.424" level="INFO">${bottomY} = 539.25</msg>
<status status="PASS" starttime="20231002 12:33:05.423" endtime="20231002 12:33:05.424"/>
</kw>
<kw name="Evaluate" library="BuiltIn">
<var>${newx}</var>
<arg>${center_x}-${center_x}*${percent}</arg>
<doc>Evaluates the given expression in Python and returns the result.</doc>
<msg timestamp="20231002 12:33:05.424" level="INFO">${newx} = 270.0</msg>
<status status="PASS" starttime="20231002 12:33:05.424" endtime="20231002 12:33:05.424"/>
</kw>
<kw name="Set Test Variable" library="BuiltIn">
<arg>${center_x}</arg>
<doc>Makes a variable available everywhere within the scope of the current test.</doc>
<msg timestamp="20231002 12:33:05.424" level="INFO">${center_x} = 540.0</msg>
<status status="PASS" starttime="20231002 12:33:05.424" endtime="20231002 12:33:05.425"/>
</kw>
<kw name="Set Test Variable" library="BuiltIn">
<arg>${center_y}</arg>
<doc>Makes a variable available everywhere within the scope of the current test.</doc>
<msg timestamp="20231002 12:33:05.425" level="INFO">${center_y} = 1078.5</msg>
<status status="PASS" starttime="20231002 12:33:05.425" endtime="20231002 12:33:05.425"/>
</kw>
<kw name="Set Test Variable" library="BuiltIn">
<arg>${newY}</arg>
<doc>Makes a variable available everywhere within the scope of the current test.</doc>
<msg timestamp="20231002 12:33:05.425" level="INFO">${newY} = 539.25</msg>
<status status="PASS" starttime="20231002 12:33:05.425" endtime="20231002 12:33:05.425"/>
</kw>
<kw name="Set Test Variable" library="BuiltIn">
<arg>${bottomY}</arg>
<doc>Makes a variable available everywhere within the scope of the current test.</doc>
<msg timestamp="20231002 12:33:05.425" level="INFO">${bottomY} = 539.25</msg>
<status status="PASS" starttime="20231002 12:33:05.425" endtime="20231002 12:33:05.425"/>
</kw>
<kw name="Set Test Variable" library="BuiltIn">
<arg>${newx}</arg>
<doc>Makes a variable available everywhere within the scope of the current test.</doc>
<msg timestamp="20231002 12:33:05.426" level="INFO">${newx} = 270.0</msg>
<status status="PASS" starttime="20231002 12:33:05.425" endtime="20231002 12:33:05.426"/>
</kw>
<status status="PASS" starttime="20231002 12:33:04.785" endtime="20231002 12:33:05.426"/>
</kw>
<for flavor="IN RANGE">
<var>${i}</var>
<value>${number_of_scroll}</value>
<iter>
<var name="${i}">0</var>
<kw name="Move to" library="DobbyAppCommon">
<arg>${moveto}</arg>
<doc>Move to used this keyword with set resolution</doc>
<if>
<branch type="IF" condition="&quot;${moveto}&quot;==&quot;Left&quot;">
<kw name="Swipe" library="AppiumLibrary">
<arg>${center_x}</arg>
<arg>${center_y}</arg>
<arg>${newx}</arg>
<arg>${center_y}</arg>
<arg>1500</arg>
<doc>Swipe from one point to another point, for an optional duration.</doc>
<status status="NOT RUN" starttime="20231002 12:33:05.426" endtime="20231002 12:33:05.426"/>
</kw>
<status status="NOT RUN" starttime="20231002 12:33:05.426" endtime="20231002 12:33:05.427"/>
</branch>
<branch type="ELSE IF" condition="&quot;${moveto}&quot;==&quot;Right&quot;">
<kw name="Swipe" library="AppiumLibrary">
<arg>${newx}</arg>
<arg>${center_y}</arg>
<arg>${center_x}</arg>
<arg>${center_y}</arg>
<arg>1500</arg>
<doc>Swipe from one point to another point, for an optional duration.</doc>
<status status="NOT RUN" starttime="20231002 12:33:05.427" endtime="20231002 12:33:05.427"/>
</kw>
<status status="NOT RUN" starttime="20231002 12:33:05.427" endtime="20231002 12:33:05.427"/>
</branch>
<branch type="ELSE IF" condition="&quot;${moveto}&quot;==&quot;Top&quot;">
<kw name="Swipe" library="AppiumLibrary">
<arg>${center_x}</arg>
<arg>${center_y}</arg>
<arg>${center_x}</arg>
<arg>${newY}</arg>
<arg>2500</arg>
<doc>Swipe from one point to another point, for an optional duration.</doc>
<status status="PASS" starttime="20231002 12:33:05.427" endtime="20231002 12:33:07.605"/>
</kw>
<status status="PASS" starttime="20231002 12:33:05.427" endtime="20231002 12:33:07.606"/>
</branch>
<branch type="ELSE IF" condition="&quot;${moveto}&quot;==&quot;Bottom&quot;">
<kw name="Swipe" library="AppiumLibrary">
<arg>${center_x}</arg>
<arg>${newY}</arg>
<arg>${center_x}</arg>
<arg>${center_y}</arg>
<arg>2500</arg>
<doc>Swipe from one point to another point, for an optional duration.</doc>
<status status="NOT RUN" starttime="20231002 12:33:07.607" endtime="20231002 12:33:07.607"/>
</kw>
<status status="NOT RUN" starttime="20231002 12:33:07.606" endtime="20231002 12:33:07.608"/>
</branch>
<status status="PASS" starttime="20231002 12:33:05.426" endtime="20231002 12:33:07.608"/>
</if>
<status status="PASS" starttime="20231002 12:33:05.426" endtime="20231002 12:33:07.608"/>
</kw>
<kw name="Run Keyword And Return Status" library="BuiltIn">
<var>${element_status}</var>
<arg>DobbyAppCommon.Wait until element is visible except stale</arg>
<arg>${target_element}</arg>
<arg>${timeout}</arg>
<doc>Runs the given keyword with given arguments and returns the status as a Boolean value.</doc>
<kw name="Wait until element is visible except stale" library="DobbyAppCommon">
<arg>${target_element}</arg>
<arg>${timeout}</arg>
<doc>Wait until element is visible except stale</doc>
<for flavor="IN RANGE">
<var>${i}</var>
<value>1</value>
<value>${max_attempts}</value>
<iter>
<var name="${i}">1</var>
<kw name="Run Keyword And Ignore Error" library="BuiltIn">
<var>${is_visible}</var>
<arg>AppiumLibrary.Wait until element is visible</arg>
<arg>${locator}</arg>
<arg>${timeout}</arg>
<doc>Runs the given keyword with the given arguments and ignores possible error.</doc>
<kw name="Wait Until Element Is Visible" library="AppiumLibrary">
<arg>${locator}</arg>
<arg>${timeout}</arg>
<doc>Waits until element specified with `locator` is visible.</doc>
<kw name="Capture Page Screenshot" library="AppiumLibrary">
<doc>Takes a screenshot of the current page and embeds it into the log.</doc>
<msg timestamp="20231002 12:33:10.159" level="INFO" html="true">&lt;/td&gt;&lt;/tr&gt;&lt;tr&gt;&lt;td colspan="3"&gt;&lt;a href="appium-screenshot-5.png"&gt;&lt;img src="appium-screenshot-5.png" width="800px"&gt;&lt;/a&gt;</msg>
<status status="PASS" starttime="20231002 12:33:09.762" endtime="20231002 12:33:10.159"/>
</kw>
<msg timestamp="20231002 12:33:10.162" level="FAIL">Element locator 'id=com.ebay.mobile:id/settings' did not match any elements after 2 seconds</msg>
<status status="FAIL" starttime="20231002 12:33:07.612" endtime="20231002 12:33:10.162"/>
</kw>
<msg timestamp="20231002 12:33:10.162" level="INFO">${is_visible} = ('FAIL', "Element locator 'id=com.ebay.mobile:id/settings' did not match any elements after 2 seconds")</msg>
<status status="PASS" starttime="20231002 12:33:07.611" endtime="20231002 12:33:10.162"/>
</kw>
<kw name="Convert To String" library="BuiltIn">
<var>${err_msg}</var>
<arg>${is_visible[1]}</arg>
<doc>Converts the given item to a Unicode string.</doc>
<msg timestamp="20231002 12:33:10.167" level="INFO">${err_msg} = Element locator 'id=com.ebay.mobile:id/settings' did not match any elements after 2 seconds</msg>
<status status="PASS" starttime="20231002 12:33:10.163" endtime="20231002 12:33:10.167"/>
</kw>
<kw name="Run Keyword And Return Status" library="BuiltIn">
<var>${is_not_stale}</var>
<arg>Should not contain</arg>
<arg>${err_msg}</arg>
<arg>StaleElementReferenceException</arg>
<doc>Runs the given keyword with given arguments and returns the status as a Boolean value.</doc>
<kw name="Should Not Contain" library="BuiltIn">
<arg>${err_msg}</arg>
<arg>StaleElementReferenceException</arg>
<doc>Fails if ``container`` contains ``item`` one or more times.</doc>
<status status="PASS" starttime="20231002 12:33:10.167" endtime="20231002 12:33:10.168"/>
</kw>
<msg timestamp="20231002 12:33:10.168" level="INFO">${is_not_stale} = True</msg>
<status status="PASS" starttime="20231002 12:33:10.167" endtime="20231002 12:33:10.168"/>
</kw>
<kw name="Run Keyword And Return Status" library="BuiltIn">
<var>${no_err_msg}</var>
<arg>Should be equal</arg>
<arg>${is_visible[0]}</arg>
<arg>PASS</arg>
<arg>msg=${err_msg}</arg>
<doc>Runs the given keyword with given arguments and returns the status as a Boolean value.</doc>
<kw name="Should Be Equal" library="BuiltIn">
<arg>${is_visible[0]}</arg>
<arg>PASS</arg>
<arg>msg=${err_msg}</arg>
<doc>Fails if the given objects are unequal.</doc>
<msg timestamp="20231002 12:33:10.171" level="FAIL">Element locator 'id=com.ebay.mobile:id/settings' did not match any elements after 2 seconds: FAIL != PASS</msg>
<status status="FAIL" starttime="20231002 12:33:10.169" endtime="20231002 12:33:10.171"/>
</kw>
<msg timestamp="20231002 12:33:10.171" level="INFO">${no_err_msg} = False</msg>
<status status="PASS" starttime="20231002 12:33:10.168" endtime="20231002 12:33:10.171"/>
</kw>
<kw name="Evaluate" library="BuiltIn">
<var>${result}</var>
<arg>${is_not_stale} and ${no_err_msg}</arg>
<doc>Evaluates the given expression in Python and returns the result.</doc>
<msg timestamp="20231002 12:33:10.172" level="INFO">${result} = False</msg>
<status status="PASS" starttime="20231002 12:33:10.171" endtime="20231002 12:33:10.172"/>
</kw>
<kw name="Exit For Loop If" library="BuiltIn">
<arg>${result}</arg>
<doc>Stops executing the enclosing for loop if the ``condition`` is true.</doc>
<status status="PASS" starttime="20231002 12:33:10.172" endtime="20231002 12:33:10.172"/>
</kw>
<status status="PASS" starttime="20231002 12:33:07.611" endtime="20231002 12:33:10.173"/>
</iter>
<iter>
<var name="${i}">2</var>
<kw name="Run Keyword And Ignore Error" library="BuiltIn">
<var>${is_visible}</var>
<arg>AppiumLibrary.Wait until element is visible</arg>
<arg>${locator}</arg>
<arg>${timeout}</arg>
<doc>Runs the given keyword with the given arguments and ignores possible error.</doc>
<kw name="Wait Until Element Is Visible" library="AppiumLibrary">
<arg>${locator}</arg>
<arg>${timeout}</arg>
<doc>Waits until element specified with `locator` is visible.</doc>
<kw name="Capture Page Screenshot" library="AppiumLibrary">
<doc>Takes a screenshot of the current page and embeds it into the log.</doc>
<msg timestamp="20231002 12:33:12.793" level="INFO" html="true">&lt;/td&gt;&lt;/tr&gt;&lt;tr&gt;&lt;td colspan="3"&gt;&lt;a href="appium-screenshot-6.png"&gt;&lt;img src="appium-screenshot-6.png" width="800px"&gt;&lt;/a&gt;</msg>
<status status="PASS" starttime="20231002 12:33:12.346" endtime="20231002 12:33:12.793"/>
</kw>
<msg timestamp="20231002 12:33:12.796" level="FAIL">Element locator 'id=com.ebay.mobile:id/settings' did not match any elements after 2 seconds</msg>
<status status="FAIL" starttime="20231002 12:33:10.174" endtime="20231002 12:33:12.796"/>
</kw>
<msg timestamp="20231002 12:33:12.796" level="INFO">${is_visible} = ('FAIL', "Element locator 'id=com.ebay.mobile:id/settings' did not match any elements after 2 seconds")</msg>
<status status="PASS" starttime="20231002 12:33:10.173" endtime="20231002 12:33:12.796"/>
</kw>
<kw name="Convert To String" library="BuiltIn">
<var>${err_msg}</var>
<arg>${is_visible[1]}</arg>
<doc>Converts the given item to a Unicode string.</doc>
<msg timestamp="20231002 12:33:12.800" level="INFO">${err_msg} = Element locator 'id=com.ebay.mobile:id/settings' did not match any elements after 2 seconds</msg>
<status status="PASS" starttime="20231002 12:33:12.797" endtime="20231002 12:33:12.800"/>
</kw>
<kw name="Run Keyword And Return Status" library="BuiltIn">
<var>${is_not_stale}</var>
<arg>Should not contain</arg>
<arg>${err_msg}</arg>
<arg>StaleElementReferenceException</arg>
<doc>Runs the given keyword with given arguments and returns the status as a Boolean value.</doc>
<kw name="Should Not Contain" library="BuiltIn">
<arg>${err_msg}</arg>
<arg>StaleElementReferenceException</arg>
<doc>Fails if ``container`` contains ``item`` one or more times.</doc>
<status status="PASS" starttime="20231002 12:33:12.801" endtime="20231002 12:33:12.802"/>
</kw>
<msg timestamp="20231002 12:33:12.802" level="INFO">${is_not_stale} = True</msg>
<status status="PASS" starttime="20231002 12:33:12.801" endtime="20231002 12:33:12.802"/>
</kw>
<kw name="Run Keyword And Return Status" library="BuiltIn">
<var>${no_err_msg}</var>
<arg>Should be equal</arg>
<arg>${is_visible[0]}</arg>
<arg>PASS</arg>
<arg>msg=${err_msg}</arg>
<doc>Runs the given keyword with given arguments and returns the status as a Boolean value.</doc>
<kw name="Should Be Equal" library="BuiltIn">
<arg>${is_visible[0]}</arg>
<arg>PASS</arg>
<arg>msg=${err_msg}</arg>
<doc>Fails if the given objects are unequal.</doc>
<msg timestamp="20231002 12:33:12.805" level="FAIL">Element locator 'id=com.ebay.mobile:id/settings' did not match any elements after 2 seconds: FAIL != PASS</msg>
<status status="FAIL" starttime="20231002 12:33:12.802" endtime="20231002 12:33:12.805"/>
</kw>
<msg timestamp="20231002 12:33:12.805" level="INFO">${no_err_msg} = False</msg>
<status status="PASS" starttime="20231002 12:33:12.802" endtime="20231002 12:33:12.805"/>
</kw>
<kw name="Evaluate" library="BuiltIn">
<var>${result}</var>
<arg>${is_not_stale} and ${no_err_msg}</arg>
<doc>Evaluates the given expression in Python and returns the result.</doc>
<msg timestamp="20231002 12:33:12.806" level="INFO">${result} = False</msg>
<status status="PASS" starttime="20231002 12:33:12.805" endtime="20231002 12:33:12.806"/>
</kw>
<kw name="Exit For Loop If" library="BuiltIn">
<arg>${result}</arg>
<doc>Stops executing the enclosing for loop if the ``condition`` is true.</doc>
<status status="PASS" starttime="20231002 12:33:12.806" endtime="20231002 12:33:12.806"/>
</kw>
<status status="PASS" starttime="20231002 12:33:10.173" endtime="20231002 12:33:12.806"/>
</iter>
<iter>
<var name="${i}">3</var>
<kw name="Run Keyword And Ignore Error" library="BuiltIn">
<var>${is_visible}</var>
<arg>AppiumLibrary.Wait until element is visible</arg>
<arg>${locator}</arg>
<arg>${timeout}</arg>
<doc>Runs the given keyword with the given arguments and ignores possible error.</doc>
<kw name="Wait Until Element Is Visible" library="AppiumLibrary">
<arg>${locator}</arg>
<arg>${timeout}</arg>
<doc>Waits until element specified with `locator` is visible.</doc>
<kw name="Capture Page Screenshot" library="AppiumLibrary">
<doc>Takes a screenshot of the current page and embeds it into the log.</doc>
<msg timestamp="20231002 12:33:15.385" level="INFO" html="true">&lt;/td&gt;&lt;/tr&gt;&lt;tr&gt;&lt;td colspan="3"&gt;&lt;a href="appium-screenshot-7.png"&gt;&lt;img src="appium-screenshot-7.png" width="800px"&gt;&lt;/a&gt;</msg>
<status status="PASS" starttime="20231002 12:33:14.992" endtime="20231002 12:33:15.385"/>
</kw>
<msg timestamp="20231002 12:33:15.388" level="FAIL">Element locator 'id=com.ebay.mobile:id/settings' did not match any elements after 2 seconds</msg>
<status status="FAIL" starttime="20231002 12:33:12.807" endtime="20231002 12:33:15.388"/>
</kw>
<msg timestamp="20231002 12:33:15.388" level="INFO">${is_visible} = ('FAIL', "Element locator 'id=com.ebay.mobile:id/settings' did not match any elements after 2 seconds")</msg>
<status status="PASS" starttime="20231002 12:33:12.807" endtime="20231002 12:33:15.389"/>
</kw>
<kw name="Convert To String" library="BuiltIn">
<var>${err_msg}</var>
<arg>${is_visible[1]}</arg>
<doc>Converts the given item to a Unicode string.</doc>
<msg timestamp="20231002 12:33:15.392" level="INFO">${err_msg} = Element locator 'id=com.ebay.mobile:id/settings' did not match any elements after 2 seconds</msg>
<status status="PASS" starttime="20231002 12:33:15.389" endtime="20231002 12:33:15.392"/>
</kw>
<kw name="Run Keyword And Return Status" library="BuiltIn">
<var>${is_not_stale}</var>
<arg>Should not contain</arg>
<arg>${err_msg}</arg>
<arg>StaleElementReferenceException</arg>
<doc>Runs the given keyword with given arguments and returns the status as a Boolean value.</doc>
<kw name="Should Not Contain" library="BuiltIn">
<arg>${err_msg}</arg>
<arg>StaleElementReferenceException</arg>
<doc>Fails if ``container`` contains ``item`` one or more times.</doc>
<status status="PASS" starttime="20231002 12:33:15.393" endtime="20231002 12:33:15.393"/>
</kw>
<msg timestamp="20231002 12:33:15.393" level="INFO">${is_not_stale} = True</msg>
<status status="PASS" starttime="20231002 12:33:15.392" endtime="20231002 12:33:15.393"/>
</kw>
<kw name="Run Keyword And Return Status" library="BuiltIn">
<var>${no_err_msg}</var>
<arg>Should be equal</arg>
<arg>${is_visible[0]}</arg>
<arg>PASS</arg>
<arg>msg=${err_msg}</arg>
<doc>Runs the given keyword with given arguments and returns the status as a Boolean value.</doc>
<kw name="Should Be Equal" library="BuiltIn">
<arg>${is_visible[0]}</arg>
<arg>PASS</arg>
<arg>msg=${err_msg}</arg>
<doc>Fails if the given objects are unequal.</doc>
<msg timestamp="20231002 12:33:15.396" level="FAIL">Element locator 'id=com.ebay.mobile:id/settings' did not match any elements after 2 seconds: FAIL != PASS</msg>
<status status="FAIL" starttime="20231002 12:33:15.394" endtime="20231002 12:33:15.396"/>
</kw>
<msg timestamp="20231002 12:33:15.396" level="INFO">${no_err_msg} = False</msg>
<status status="PASS" starttime="20231002 12:33:15.394" endtime="20231002 12:33:15.396"/>
</kw>
<kw name="Evaluate" library="BuiltIn">
<var>${result}</var>
<arg>${is_not_stale} and ${no_err_msg}</arg>
<doc>Evaluates the given expression in Python and returns the result.</doc>
<msg timestamp="20231002 12:33:15.397" level="INFO">${result} = False</msg>
<status status="PASS" starttime="20231002 12:33:15.396" endtime="20231002 12:33:15.397"/>
</kw>
<kw name="Exit For Loop If" library="BuiltIn">
<arg>${result}</arg>
<doc>Stops executing the enclosing for loop if the ``condition`` is true.</doc>
<status status="PASS" starttime="20231002 12:33:15.397" endtime="20231002 12:33:15.397"/>
</kw>
<status status="PASS" starttime="20231002 12:33:12.807" endtime="20231002 12:33:15.397"/>
</iter>
<iter>
<var name="${i}">4</var>
<kw name="Run Keyword And Ignore Error" library="BuiltIn">
<var>${is_visible}</var>
<arg>AppiumLibrary.Wait until element is visible</arg>
<arg>${locator}</arg>
<arg>${timeout}</arg>
<doc>Runs the given keyword with the given arguments and ignores possible error.</doc>
<kw name="Wait Until Element Is Visible" library="AppiumLibrary">
<arg>${locator}</arg>
<arg>${timeout}</arg>
<doc>Waits until element specified with `locator` is visible.</doc>
<kw name="Capture Page Screenshot" library="AppiumLibrary">
<doc>Takes a screenshot of the current page and embeds it into the log.</doc>
<msg timestamp="20231002 12:33:18.107" level="INFO" html="true">&lt;/td&gt;&lt;/tr&gt;&lt;tr&gt;&lt;td colspan="3"&gt;&lt;a href="appium-screenshot-8.png"&gt;&lt;img src="appium-screenshot-8.png" width="800px"&gt;&lt;/a&gt;</msg>
<status status="PASS" starttime="20231002 12:33:17.624" endtime="20231002 12:33:18.107"/>
</kw>
<msg timestamp="20231002 12:33:18.110" level="FAIL">Element locator 'id=com.ebay.mobile:id/settings' did not match any elements after 2 seconds</msg>
<status status="FAIL" starttime="20231002 12:33:15.398" endtime="20231002 12:33:18.110"/>
</kw>
<msg timestamp="20231002 12:33:18.111" level="INFO">${is_visible} = ('FAIL', "Element locator 'id=com.ebay.mobile:id/settings' did not match any elements after 2 seconds")</msg>
<status status="PASS" starttime="20231002 12:33:15.398" endtime="20231002 12:33:18.111"/>
</kw>
<kw name="Convert To String" library="BuiltIn">
<var>${err_msg}</var>
<arg>${is_visible[1]}</arg>
<doc>Converts the given item to a Unicode string.</doc>
<msg timestamp="20231002 12:33:18.115" level="INFO">${err_msg} = Element locator 'id=com.ebay.mobile:id/settings' did not match any elements after 2 seconds</msg>
<status status="PASS" starttime="20231002 12:33:18.112" endtime="20231002 12:33:18.115"/>
</kw>
<kw name="Run Keyword And Return Status" library="BuiltIn">
<var>${is_not_stale}</var>
<arg>Should not contain</arg>
<arg>${err_msg}</arg>
<arg>StaleElementReferenceException</arg>
<doc>Runs the given keyword with given arguments and returns the status as a Boolean value.</doc>
<kw name="Should Not Contain" library="BuiltIn">
<arg>${err_msg}</arg>
<arg>StaleElementReferenceException</arg>
<doc>Fails if ``container`` contains ``item`` one or more times.</doc>
<status status="PASS" starttime="20231002 12:33:18.115" endtime="20231002 12:33:18.116"/>
</kw>
<msg timestamp="20231002 12:33:18.116" level="INFO">${is_not_stale} = True</msg>
<status status="PASS" starttime="20231002 12:33:18.115" endtime="20231002 12:33:18.116"/>
</kw>
<kw name="Run Keyword And Return Status" library="BuiltIn">
<var>${no_err_msg}</var>
<arg>Should be equal</arg>
<arg>${is_visible[0]}</arg>
<arg>PASS</arg>
<arg>msg=${err_msg}</arg>
<doc>Runs the given keyword with given arguments and returns the status as a Boolean value.</doc>
<kw name="Should Be Equal" library="BuiltIn">
<arg>${is_visible[0]}</arg>
<arg>PASS</arg>
<arg>msg=${err_msg}</arg>
<doc>Fails if the given objects are unequal.</doc>
<msg timestamp="20231002 12:33:18.119" level="FAIL">Element locator 'id=com.ebay.mobile:id/settings' did not match any elements after 2 seconds: FAIL != PASS</msg>
<status status="FAIL" starttime="20231002 12:33:18.117" endtime="20231002 12:33:18.119"/>
</kw>
<msg timestamp="20231002 12:33:18.119" level="INFO">${no_err_msg} = False</msg>
<status status="PASS" starttime="20231002 12:33:18.116" endtime="20231002 12:33:18.119"/>
</kw>
<kw name="Evaluate" library="BuiltIn">
<var>${result}</var>
<arg>${is_not_stale} and ${no_err_msg}</arg>
<doc>Evaluates the given expression in Python and returns the result.</doc>
<msg timestamp="20231002 12:33:18.120" level="INFO">${result} = False</msg>
<status status="PASS" starttime="20231002 12:33:18.120" endtime="20231002 12:33:18.120"/>
</kw>
<kw name="Exit For Loop If" library="BuiltIn">
<arg>${result}</arg>
<doc>Stops executing the enclosing for loop if the ``condition`` is true.</doc>
<status status="PASS" starttime="20231002 12:33:18.120" endtime="20231002 12:33:18.121"/>
</kw>
<status status="PASS" starttime="20231002 12:33:15.397" endtime="20231002 12:33:18.121"/>
</iter>
<status status="PASS" starttime="20231002 12:33:07.610" endtime="20231002 12:33:18.121"/>
</for>
<kw name="Should Be True" library="BuiltIn">
<arg>${result}</arg>
<arg>msg="element either in stale mode or not visible, error message is ${err_msg}"</arg>
<doc>Fails if the given condition is not true.</doc>
<msg timestamp="20231002 12:33:18.122" level="FAIL">"element either in stale mode or not visible, error message is Element locator 'id=com.ebay.mobile:id/settings' did not match any elements after 2 seconds"</msg>
<status status="FAIL" starttime="20231002 12:33:18.121" endtime="20231002 12:33:18.122"/>
</kw>
<status status="FAIL" starttime="20231002 12:33:07.609" endtime="20231002 12:33:18.123"/>
</kw>
<msg timestamp="20231002 12:33:18.123" level="INFO">${element_status} = False</msg>
<status status="PASS" starttime="20231002 12:33:07.609" endtime="20231002 12:33:18.123"/>
</kw>
<kw name="Exit For Loop If" library="BuiltIn">
<arg>${element_status}</arg>
<doc>Stops executing the enclosing for loop if the ``condition`` is true.</doc>
<status status="PASS" starttime="20231002 12:33:18.124" endtime="20231002 12:33:18.124"/>
</kw>
<status status="PASS" starttime="20231002 12:33:05.426" endtime="20231002 12:33:18.124"/>
</iter>
<iter>
<var name="${i}">1</var>
<kw name="Move to" library="DobbyAppCommon">
<arg>${moveto}</arg>
<doc>Move to used this keyword with set resolution</doc>
<if>
<branch type="IF" condition="&quot;${moveto}&quot;==&quot;Left&quot;">
<kw name="Swipe" library="AppiumLibrary">
<arg>${center_x}</arg>
<arg>${center_y}</arg>
<arg>${newx}</arg>
<arg>${center_y}</arg>
<arg>1500</arg>
<doc>Swipe from one point to another point, for an optional duration.</doc>
<status status="NOT RUN" starttime="20231002 12:33:18.125" endtime="20231002 12:33:18.125"/>
</kw>
<status status="NOT RUN" starttime="20231002 12:33:18.125" endtime="20231002 12:33:18.126"/>
</branch>
<branch type="ELSE IF" condition="&quot;${moveto}&quot;==&quot;Right&quot;">
<kw name="Swipe" library="AppiumLibrary">
<arg>${newx}</arg>
<arg>${center_y}</arg>
<arg>${center_x}</arg>
<arg>${center_y}</arg>
<arg>1500</arg>
<doc>Swipe from one point to another point, for an optional duration.</doc>
<status status="NOT RUN" starttime="20231002 12:33:18.126" endtime="20231002 12:33:18.126"/>
</kw>
<status status="NOT RUN" starttime="20231002 12:33:18.126" endtime="20231002 12:33:18.126"/>
</branch>
<branch type="ELSE IF" condition="&quot;${moveto}&quot;==&quot;Top&quot;">
<kw name="Swipe" library="AppiumLibrary">
<arg>${center_x}</arg>
<arg>${center_y}</arg>
<arg>${center_x}</arg>
<arg>${newY}</arg>
<arg>2500</arg>
<doc>Swipe from one point to another point, for an optional duration.</doc>
<status status="PASS" starttime="20231002 12:33:18.127" endtime="20231002 12:33:20.421"/>
</kw>
<status status="PASS" starttime="20231002 12:33:18.126" endtime="20231002 12:33:20.422"/>
</branch>
<branch type="ELSE IF" condition="&quot;${moveto}&quot;==&quot;Bottom&quot;">
<kw name="Swipe" library="AppiumLibrary">
<arg>${center_x}</arg>
<arg>${newY}</arg>
<arg>${center_x}</arg>
<arg>${center_y}</arg>
<arg>2500</arg>
<doc>Swipe from one point to another point, for an optional duration.</doc>
<status status="NOT RUN" starttime="20231002 12:33:20.424" endtime="20231002 12:33:20.424"/>
</kw>
<status status="NOT RUN" starttime="20231002 12:33:20.423" endtime="20231002 12:33:20.425"/>
</branch>
<status status="PASS" starttime="20231002 12:33:18.125" endtime="20231002 12:33:20.425"/>
</if>
<status status="PASS" starttime="20231002 12:33:18.125" endtime="20231002 12:33:20.426"/>
</kw>
<kw name="Run Keyword And Return Status" library="BuiltIn">
<var>${element_status}</var>
<arg>DobbyAppCommon.Wait until element is visible except stale</arg>
<arg>${target_element}</arg>
<arg>${timeout}</arg>
<doc>Runs the given keyword with given arguments and returns the status as a Boolean value.</doc>
<kw name="Wait until element is visible except stale" library="DobbyAppCommon">
<arg>${target_element}</arg>
<arg>${timeout}</arg>
<doc>Wait until element is visible except stale</doc>
<for flavor="IN RANGE">
<var>${i}</var>
<value>1</value>
<value>${max_attempts}</value>
<iter>
<var name="${i}">1</var>
<kw name="Run Keyword And Ignore Error" library="BuiltIn">
<var>${is_visible}</var>
<arg>AppiumLibrary.Wait until element is visible</arg>
<arg>${locator}</arg>
<arg>${timeout}</arg>
<doc>Runs the given keyword with the given arguments and ignores possible error.</doc>
<kw name="Wait Until Element Is Visible" library="AppiumLibrary">
<arg>${locator}</arg>
<arg>${timeout}</arg>
<doc>Waits until element specified with `locator` is visible.</doc>
<status status="PASS" starttime="20231002 12:33:20.429" endtime="20231002 12:33:20.609"/>
</kw>
<msg timestamp="20231002 12:33:20.609" level="INFO">${is_visible} = ('PASS', None)</msg>
<status status="PASS" starttime="20231002 12:33:20.429" endtime="20231002 12:33:20.609"/>
</kw>
<kw name="Convert To String" library="BuiltIn">
<var>${err_msg}</var>
<arg>${is_visible[1]}</arg>
<doc>Converts the given item to a Unicode string.</doc>
<msg timestamp="20231002 12:33:20.612" level="INFO">${err_msg} = None</msg>
<status status="PASS" starttime="20231002 12:33:20.609" endtime="20231002 12:33:20.612"/>
</kw>
<kw name="Run Keyword And Return Status" library="BuiltIn">
<var>${is_not_stale}</var>
<arg>Should not contain</arg>
<arg>${err_msg}</arg>
<arg>StaleElementReferenceException</arg>
<doc>Runs the given keyword with given arguments and returns the status as a Boolean value.</doc>
<kw name="Should Not Contain" library="BuiltIn">
<arg>${err_msg}</arg>
<arg>StaleElementReferenceException</arg>
<doc>Fails if ``container`` contains ``item`` one or more times.</doc>
<status status="PASS" starttime="20231002 12:33:20.613" endtime="20231002 12:33:20.613"/>
</kw>
<msg timestamp="20231002 12:33:20.613" level="INFO">${is_not_stale} = True</msg>
<status status="PASS" starttime="20231002 12:33:20.613" endtime="20231002 12:33:20.613"/>
</kw>
<kw name="Run Keyword And Return Status" library="BuiltIn">
<var>${no_err_msg}</var>
<arg>Should be equal</arg>
<arg>${is_visible[0]}</arg>
<arg>PASS</arg>
<arg>msg=${err_msg}</arg>
<doc>Runs the given keyword with given arguments and returns the status as a Boolean value.</doc>
<kw name="Should Be Equal" library="BuiltIn">
<arg>${is_visible[0]}</arg>
<arg>PASS</arg>
<arg>msg=${err_msg}</arg>
<doc>Fails if the given objects are unequal.</doc>
<status status="PASS" starttime="20231002 12:33:20.614" endtime="20231002 12:33:20.615"/>
</kw>
<msg timestamp="20231002 12:33:20.616" level="INFO">${no_err_msg} = True</msg>
<status status="PASS" starttime="20231002 12:33:20.614" endtime="20231002 12:33:20.616"/>
</kw>
<kw name="Evaluate" library="BuiltIn">
<var>${result}</var>
<arg>${is_not_stale} and ${no_err_msg}</arg>
<doc>Evaluates the given expression in Python and returns the result.</doc>
<msg timestamp="20231002 12:33:20.616" level="INFO">${result} = True</msg>
<status status="PASS" starttime="20231002 12:33:20.616" endtime="20231002 12:33:20.616"/>
</kw>
<kw name="Exit For Loop If" library="BuiltIn">
<arg>${result}</arg>
<doc>Stops executing the enclosing for loop if the ``condition`` is true.</doc>
<msg timestamp="20231002 12:33:20.617" level="INFO">Exiting for loop altogether.</msg>
<status status="PASS" starttime="20231002 12:33:20.617" endtime="20231002 12:33:20.618"/>
</kw>
<status status="PASS" starttime="20231002 12:33:20.428" endtime="20231002 12:33:20.618"/>
</iter>
<status status="PASS" starttime="20231002 12:33:20.428" endtime="20231002 12:33:20.618"/>
</for>
<kw name="Should Be True" library="BuiltIn">
<arg>${result}</arg>
<arg>msg="element either in stale mode or not visible, error message is ${err_msg}"</arg>
<doc>Fails if the given condition is not true.</doc>
<status status="PASS" starttime="20231002 12:33:20.618" endtime="20231002 12:33:20.619"/>
</kw>
<status status="PASS" starttime="20231002 12:33:20.427" endtime="20231002 12:33:20.619"/>
</kw>
<msg timestamp="20231002 12:33:20.619" level="INFO">${element_status} = True</msg>
<status status="PASS" starttime="20231002 12:33:20.426" endtime="20231002 12:33:20.619"/>
</kw>
<kw name="Exit For Loop If" library="BuiltIn">
<arg>${element_status}</arg>
<doc>Stops executing the enclosing for loop if the ``condition`` is true.</doc>
<msg timestamp="20231002 12:33:20.619" level="INFO">Exiting for loop altogether.</msg>
<status status="PASS" starttime="20231002 12:33:20.619" endtime="20231002 12:33:20.620"/>
</kw>
<status status="PASS" starttime="20231002 12:33:18.124" endtime="20231002 12:33:20.620"/>
</iter>
<status status="PASS" starttime="20231002 12:33:05.426" endtime="20231002 12:33:20.620"/>
</for>
<kw name="Should Be True" library="BuiltIn">
<arg>${element_status}</arg>
<arg>msg='Element is not visible after ${number_of_scroll} scroll'</arg>
<doc>Fails if the given condition is not true.</doc>
<status status="PASS" starttime="20231002 12:33:20.621" endtime="20231002 12:33:20.621"/>
</kw>
<status status="PASS" starttime="20231002 12:33:04.785" endtime="20231002 12:33:20.621"/>
</branch>
<status status="PASS" starttime="20231002 12:33:04.785" endtime="20231002 12:33:20.621"/>
</if>
<kw name="Should Be True" library="BuiltIn">
<arg>${element_status}</arg>
<doc>Fails if the given condition is not true.</doc>
<status status="PASS" starttime="20231002 12:33:20.622" endtime="20231002 12:33:20.622"/>
</kw>
<status status="PASS" starttime="20231002 12:32:54.315" endtime="20231002 12:33:20.622"/>
</kw>
<kw name="Tap element when ready" library="DobbyAppCommon">
<arg>${locator}</arg>
<doc>There are 2 modes; the first one is to wait until element is ready then tap (this is a default).</doc>
<for flavor="IN RANGE">
<var>${i}</var>
<value>1</value>
<value>${max_attempts}</value>
<iter>
<var name="${i}">1</var>
<if>
<branch type="IF" condition="${wait_until_ready}">
<if>
<branch type="IF" condition="${only_contain}">
<kw name="Run Keyword And Ignore Error" library="BuiltIn">
<var>${wait_status}</var>
<arg>DobbyAppCommon.Wait until page contain element except stale</arg>
<arg>${locator}</arg>
<arg>${timeout}</arg>
<doc>Runs the given keyword with the given arguments and ignores possible error.</doc>
<status status="NOT RUN" starttime="20231002 12:33:20.624" endtime="20231002 12:33:20.624"/>
</kw>
<kw name="Convert To String" library="BuiltIn">
<var>${err_msg_wait}</var>
<arg>${wait_status[1]}</arg>
<doc>Converts the given item to a Unicode string.</doc>
<status status="NOT RUN" starttime="20231002 12:33:20.625" endtime="20231002 12:33:20.625"/>
</kw>
[...]
<doc>Evaluates the given expression in Python and returns the result.</doc>
<msg timestamp="20231002 12:34:18.585" level="INFO">${result} = True</msg>
<status status="PASS" starttime="20231002 12:34:18.585" endtime="20231002 12:34:18.585"/>
</kw>
<kw name="Exit For Loop If" library="BuiltIn">
<arg>${result}</arg>
<doc>Stops executing the enclosing for loop if the ``condition`` is true.</doc>
<msg timestamp="20231002 12:34:18.586" level="INFO">Exiting for loop altogether.</msg>
<status status="PASS" starttime="20231002 12:34:18.586" endtime="20231002 12:34:18.587"/>
</kw>
<status status="PASS" starttime="20231002 12:34:18.449" endtime="20231002 12:34:18.587"/>
</iter>
<status status="PASS" starttime="20231002 12:34:18.449" endtime="20231002 12:34:18.587"/>
</for>
<kw name="Should Be True" library="BuiltIn">
<arg>${result}</arg>
<arg>msg="element either in stale mode or not visible, error message is ${err_msg}"</arg>
<doc>Fails if the given condition is not true.</doc>
<status status="PASS" starttime="20231002 12:34:18.587" endtime="20231002 12:34:18.588"/>
</kw>
<status status="PASS" starttime="20231002 12:34:18.448" endtime="20231002 12:34:18.588"/>
</kw>
<msg timestamp="20231002 12:34:18.588" level="INFO">${wait_status} = ('PASS', None)</msg>
<status status="PASS" starttime="20231002 12:34:18.448" endtime="20231002 12:34:18.588"/>
</kw>
<kw name="Convert To String" library="BuiltIn">
<var>${err_msg_wait}</var>
<arg>${wait_status[1]}</arg>
<doc>Converts the given item to a Unicode string.</doc>
<msg timestamp="20231002 12:34:18.589" level="INFO">${err_msg_wait} = None</msg>
<status status="PASS" starttime="20231002 12:34:18.588" endtime="20231002 12:34:18.589"/>
</kw>
<status status="PASS" starttime="20231002 12:34:18.448" endtime="20231002 12:34:18.590"/>
</branch>
<status status="PASS" starttime="20231002 12:34:18.447" endtime="20231002 12:34:18.590"/>
</if>
<status status="PASS" starttime="20231002 12:34:18.447" endtime="20231002 12:34:18.590"/>
</branch>
<branch type="ELSE">
<kw name="Set Variable" library="BuiltIn">
<var>${err_msg_wait}</var>
<arg>${EMPTY}</arg>
<doc>Returns the given values which can then be assigned to a variables.</doc>
<status status="NOT RUN" starttime="20231002 12:34:18.590" endtime="20231002 12:34:18.590"/>
</kw>
<status status="NOT RUN" starttime="20231002 12:34:18.590" endtime="20231002 12:34:18.590"/>
</branch>
<status status="PASS" starttime="20231002 12:34:18.447" endtime="20231002 12:34:18.591"/>
</if>
<kw name="Run Keyword And Ignore Error" library="BuiltIn">
<var>${tap_status}</var>
<arg>AppiumLibrary.Tap</arg>
<arg>${locator}</arg>
<doc>Runs the given keyword with the given arguments and ignores possible error.</doc>
<kw name="Tap" library="AppiumLibrary">
<arg>${locator}</arg>
<doc>Tap element identified by ``locator``. </doc>
<status status="PASS" starttime="20231002 12:34:18.591" endtime="20231002 12:34:18.952"/>
</kw>
<msg timestamp="20231002 12:34:18.952" level="INFO">${tap_status} = ('PASS', None)</msg>
<status status="PASS" starttime="20231002 12:34:18.591" endtime="20231002 12:34:18.952"/>
</kw>
<kw name="Convert To String" library="BuiltIn">
<var>${err_msg_tap}</var>
<arg>${tap_status[1]}</arg>
<doc>Converts the given item to a Unicode string.</doc>
<msg timestamp="20231002 12:34:18.955" level="INFO">${err_msg_tap} = None</msg>
<status status="PASS" starttime="20231002 12:34:18.953" endtime="20231002 12:34:18.955"/>
</kw>
<kw name="Evaluate" library="BuiltIn">
<var>${result}</var>
<arg>'${tap_status[0]}' == 'PASS'</arg>
<doc>Evaluates the given expression in Python and returns the result.</doc>
<msg timestamp="20231002 12:34:18.957" level="INFO">${result} = True</msg>
<status status="PASS" starttime="20231002 12:34:18.955" endtime="20231002 12:34:18.957"/>
</kw>
<kw name="Exit For Loop If" library="BuiltIn">
<arg>${result}</arg>
<doc>Stops executing the enclosing for loop if the ``condition`` is true.</doc>
<msg timestamp="20231002 12:34:18.958" level="INFO">Exiting for loop altogether.</msg>
<status status="PASS" starttime="20231002 12:34:18.958" endtime="20231002 12:34:18.958"/>
</kw>
<status status="PASS" starttime="20231002 12:34:18.446" endtime="20231002 12:34:18.958"/>
</iter>
<status status="PASS" starttime="20231002 12:34:18.446" endtime="20231002 12:34:18.959"/>
</for>
<kw name="Should Be True" library="BuiltIn">
<arg>${result}</arg>
<arg>msg='Unable to tap after ${${max_attempts}-1} attempts, with error ${err_msg_tap}, ${err_msg_wait},'</arg>
<doc>Fails if the given condition is not true.</doc>
<status status="PASS" starttime="20231002 12:34:18.959" endtime="20231002 12:34:18.961"/>
</kw>
<status status="PASS" starttime="20231002 12:34:18.445" endtime="20231002 12:34:18.961"/>
</kw>
<status status="PASS" starttime="20231002 12:33:52.727" endtime="20231002 12:34:18.961"/>
</kw>
<status status="PASS" starttime="20231002 12:33:52.727" endtime="20231002 12:34:18.962"/>
</kw>
<kw name="Click sign out button" library="home_page">
<kw name="Tap element when ready" library="DobbyAppCommon">
<arg>xpath=//android.widget.TextView[@text="Sign out"]</arg>
<doc>There are 2 modes; the first one is to wait until element is ready then tap (this is a default).</doc>
<for flavor="IN RANGE">
<var>${i}</var>
<value>1</value>
<value>${max_attempts}</value>
<iter>
<var name="${i}">1</var>
<if>
<branch type="IF" condition="${wait_until_ready}">
<if>
<branch type="IF" condition="${only_contain}">
<kw name="Run Keyword And Ignore Error" library="BuiltIn">
<var>${wait_status}</var>
<arg>DobbyAppCommon.Wait until page contain element except stale</arg>
<arg>${locator}</arg>
<arg>${timeout}</arg>
<doc>Runs the given keyword with the given arguments and ignores possible error.</doc>
<status status="NOT RUN" starttime="20231002 12:34:18.964" endtime="20231002 12:34:18.964"/>
</kw>
<kw name="Convert To String" library="BuiltIn">
<var>${err_msg_wait}</var>
<arg>${wait_status[1]}</arg>
<doc>Converts the given item to a Unicode string.</doc>
<status status="NOT RUN" starttime="20231002 12:34:18.965" endtime="20231002 12:34:18.966"/>
</kw>
<status status="NOT RUN" starttime="20231002 12:34:18.964" endtime="20231002 12:34:18.966"/>
</branch>
<branch type="ELSE">
<kw name="Run Keyword And Ignore Error" library="BuiltIn">
<var>${wait_status}</var>
<arg>DobbyAppCommon.Wait until element is visible except stale</arg>
<arg>${locator}</arg>
<arg>${timeout}</arg>
<doc>Runs the given keyword with the given arguments and ignores possible error.</doc>
<kw name="Wait until element is visible except stale" library="DobbyAppCommon">
<arg>${locator}</arg>
<arg>${timeout}</arg>
<doc>Wait until element is visible except stale</doc>
<for flavor="IN RANGE">
<var>${i}</var>
<value>1</value>
<value>${max_attempts}</value>
<iter>
<var name="${i}">1</var>
<kw name="Run Keyword And Ignore Error" library="BuiltIn">
<var>${is_visible}</var>
<arg>AppiumLibrary.Wait until element is visible</arg>
<arg>${locator}</arg>
<arg>${timeout}</arg>
<doc>Runs the given keyword with the given arguments and ignores possible error.</doc>
<kw name="Wait Until Element Is Visible" library="AppiumLibrary">
<arg>${locator}</arg>
<arg>${timeout}</arg>
<doc>Waits until element specified with `locator` is visible.</doc>
<status status="PASS" starttime="20231002 12:34:18.968" endtime="20231002 12:34:20.777"/>
</kw>
<msg timestamp="20231002 12:34:20.778" level="INFO">${is_visible} = ('PASS', None)</msg>
<status status="PASS" starttime="20231002 12:34:18.968" endtime="20231002 12:34:20.778"/>
</kw>
<kw name="Convert To String" library="BuiltIn">
<var>${err_msg}</var>
<arg>${is_visible[1]}</arg>
<doc>Converts the given item to a Unicode string.</doc>
<msg timestamp="20231002 12:34:20.781" level="INFO">${err_msg} = None</msg>
<status status="PASS" starttime="20231002 12:34:20.779" endtime="20231002 12:34:20.781"/>
</kw>
<kw name="Run Keyword And Return Status" library="BuiltIn">
<var>${is_not_stale}</var>
<arg>Should not contain</arg>
<arg>${err_msg}</arg>
<arg>StaleElementReferenceException</arg>
<doc>Runs the given keyword with given arguments and returns the status as a Boolean value.</doc>
<kw name="Should Not Contain" library="BuiltIn">
<arg>${err_msg}</arg>
<arg>StaleElementReferenceException</arg>
<doc>Fails if ``container`` contains ``item`` one or more times.</doc>
<status status="PASS" starttime="20231002 12:34:20.782" endtime="20231002 12:34:20.782"/>
</kw>
<msg timestamp="20231002 12:34:20.782" level="INFO">${is_not_stale} = True</msg>
<status status="PASS" starttime="20231002 12:34:20.781" endtime="20231002 12:34:20.782"/>
</kw>
<kw name="Run Keyword And Return Status" library="BuiltIn">
<var>${no_err_msg}</var>
<arg>Should be equal</arg>
<arg>${is_visible[0]}</arg>
<arg>PASS</arg>
<arg>msg=${err_msg}</arg>
<doc>Runs the given keyword with given arguments and returns the status as a Boolean value.</doc>
<kw name="Should Be Equal" library="BuiltIn">
<arg>${is_visible[0]}</arg>
<arg>PASS</arg>
<arg>msg=${err_msg}</arg>
<doc>Fails if the given objects are unequal.</doc>
<status status="PASS" starttime="20231002 12:34:20.784" endtime="20231002 12:34:20.785"/>
</kw>
<msg timestamp="20231002 12:34:20.786" level="INFO">${no_err_msg} = True</msg>
<status status="PASS" starttime="20231002 12:34:20.783" endtime="20231002 12:34:20.786"/>
</kw>
<kw name="Evaluate" library="BuiltIn">
<var>${result}</var>
<arg>${is_not_stale} and ${no_err_msg}</arg>
<doc>Evaluates the given expression in Python and returns the result.</doc>
<msg timestamp="20231002 12:34:20.786" level="INFO">${result} = True</msg>
<status status="PASS" starttime="20231002 12:34:20.786" endtime="20231002 12:34:20.786"/>
</kw>
<kw name="Exit For Loop If" library="BuiltIn">
<arg>${result}</arg>
<doc>Stops executing the enclosing for loop if the ``condition`` is true.</doc>
<msg timestamp="20231002 12:34:20.787" level="INFO">Exiting for loop altogether.</msg>
<status status="PASS" starttime="20231002 12:34:20.787" endtime="20231002 12:34:20.787"/>
</kw>
<status status="PASS" starttime="20231002 12:34:18.967" endtime="20231002 12:34:20.787"/>
</iter>
<status status="PASS" starttime="20231002 12:34:18.967" endtime="20231002 12:34:20.788"/>
</for>
<kw name="Should Be True" library="BuiltIn">
<arg>${result}</arg>
<arg>msg="element either in stale mode or not visible, error message is ${err_msg}"</arg>
<doc>Fails if the given condition is not true.</doc>
<status status="PASS" starttime="20231002 12:34:20.788" endtime="20231002 12:34:20.788"/>
</kw>
<status status="PASS" starttime="20231002 12:34:18.967" endtime="20231002 12:34:20.789"/>
</kw>
<msg timestamp="20231002 12:34:20.789" level="INFO">${wait_status} = ('PASS', None)</msg>
<status status="PASS" starttime="20231002 12:34:18.966" endtime="20231002 12:34:20.789"/>
</kw>
<kw name="Convert To String" library="BuiltIn">
<var>${err_msg_wait}</var>
<arg>${wait_status[1]}</arg>
<doc>Converts the given item to a Unicode string.</doc>
<msg timestamp="20231002 12:34:20.790" level="INFO">${err_msg_wait} = None</msg>
<status status="PASS" starttime="20231002 12:34:20.789" endtime="20231002 12:34:20.790"/>
</kw>
<status status="PASS" starttime="20231002 12:34:18.966" endtime="20231002 12:34:20.791"/>
</branch>
<status status="PASS" starttime="20231002 12:34:18.964" endtime="20231002 12:34:20.791"/>
</if>
<status status="PASS" starttime="20231002 12:34:18.964" endtime="20231002 12:34:20.791"/>
</branch>
<branch type="ELSE">
<kw name="Set Variable" library="BuiltIn">
<var>${err_msg_wait}</var>
<arg>${EMPTY}</arg>
<doc>Returns the given values which can then be assigned to a variables.</doc>
<status status="NOT RUN" starttime="20231002 12:34:20.791" endtime="20231002 12:34:20.792"/>
</kw>
<status status="NOT RUN" starttime="20231002 12:34:20.791" endtime="20231002 12:34:20.792"/>
</branch>
<status status="PASS" starttime="20231002 12:34:18.964" endtime="20231002 12:34:20.792"/>
</if>
<kw name="Run Keyword And Ignore Error" library="BuiltIn">
<var>${tap_status}</var>
<arg>AppiumLibrary.Tap</arg>
<arg>${locator}</arg>
<doc>Runs the given keyword with the given arguments and ignores possible error.</doc>
<kw name="Tap" library="AppiumLibrary">
<arg>${locator}</arg>
<doc>Tap element identified by ``locator``. </doc>
<status status="PASS" starttime="20231002 12:34:20.792" endtime="20231002 12:34:21.243"/>
</kw>
<msg timestamp="20231002 12:34:21.243" level="INFO">${tap_status} = ('PASS', None)</msg>
<status status="PASS" starttime="20231002 12:34:20.792" endtime="20231002 12:34:21.243"/>
</kw>
<kw name="Convert To String" library="BuiltIn">
<var>${err_msg_tap}</var>
<arg>${tap_status[1]}</arg>
<doc>Converts the given item to a Unicode string.</doc>
<msg timestamp="20231002 12:34:21.245" level="INFO">${err_msg_tap} = None</msg>
<status status="PASS" starttime="20231002 12:34:21.244" endtime="20231002 12:34:21.245"/>
</kw>
<kw name="Evaluate" library="BuiltIn">
<var>${result}</var>
<arg>'${tap_status[0]}' == 'PASS'</arg>
<doc>Evaluates the given expression in Python and returns the result.</doc>
<msg timestamp="20231002 12:34:21.248" level="INFO">${result} = True</msg>
<status status="PASS" starttime="20231002 12:34:21.246" endtime="20231002 12:34:21.249"/>
</kw>
<kw name="Exit For Loop If" library="BuiltIn">
<arg>${result}</arg>
<doc>Stops executing the enclosing for loop if the ``condition`` is true.</doc>
<msg timestamp="20231002 12:34:21.249" level="INFO">Exiting for loop altogether.</msg>
<status status="PASS" starttime="20231002 12:34:21.249" endtime="20231002 12:34:21.250"/>
</kw>
<status status="PASS" starttime="20231002 12:34:18.964" endtime="20231002 12:34:21.250"/>
</iter>
<status status="PASS" starttime="20231002 12:34:18.963" endtime="20231002 12:34:21.250"/>
</for>
<kw name="Should Be True" library="BuiltIn">
<arg>${result}</arg>
<arg>msg='Unable to tap after ${${max_attempts}-1} attempts, with error ${err_msg_tap}, ${err_msg_wait},'</arg>
<doc>Fails if the given condition is not true.</doc>
<status status="PASS" starttime="20231002 12:34:21.251" endtime="20231002 12:34:21.253"/>
</kw>
<status status="PASS" starttime="20231002 12:34:18.963" endtime="20231002 12:34:21.253"/>
</kw>
<status status="PASS" starttime="20231002 12:34:18.962" endtime="20231002 12:34:21.253"/>
</kw>
<kw name="Verify logo ebay is displayed" library="login_page">
<kw name="Wait until element is visible except stale" library="DobbyAppCommon">
<arg>xpath=//android.widget.ImageView[@content-desc="eBay"]</arg>
<doc>Wait until element is visible except stale</doc>
<for flavor="IN RANGE">
<var>${i}</var>
<value>1</value>
<value>${max_attempts}</value>
<iter>
<var name="${i}">1</var>
<kw name="Run Keyword And Ignore Error" library="BuiltIn">
<var>${is_visible}</var>
<arg>AppiumLibrary.Wait until element is visible</arg>
<arg>${locator}</arg>
<arg>${timeout}</arg>
<doc>Runs the given keyword with the given arguments and ignores possible error.</doc>
<kw name="Wait Until Element Is Visible" library="AppiumLibrary">
<arg>${locator}</arg>
<arg>${timeout}</arg>
<doc>Waits until element specified with `locator` is visible.</doc>
<status status="PASS" starttime="20231002 12:34:21.255" endtime="20231002 12:34:22.990"/>
</kw>
<msg timestamp="20231002 12:34:22.990" level="INFO">${is_visible} = ('PASS', None)</msg>
<status status="PASS" starttime="20231002 12:34:21.255" endtime="20231002 12:34:22.991"/>
</kw>
<kw name="Convert To String" library="BuiltIn">
<var>${err_msg}</var>
<arg>${is_visible[1]}</arg>
<doc>Converts the given item to a Unicode string.</doc>
<msg timestamp="20231002 12:34:22.993" level="INFO">${err_msg} = None</msg>
<status status="PASS" starttime="20231002 12:34:22.991" endtime="20231002 12:34:22.993"/>
</kw>
<kw name="Run Keyword And Return Status" library="BuiltIn">
<var>${is_not_stale}</var>
<arg>Should not contain</arg>
<arg>${err_msg}</arg>
<arg>StaleElementReferenceException</arg>
<doc>Runs the given keyword with given arguments and returns the status as a Boolean value.</doc>
<kw name="Should Not Contain" library="BuiltIn">
<arg>${err_msg}</arg>
<arg>StaleElementReferenceException</arg>
<doc>Fails if ``container`` contains ``item`` one or more times.</doc>
<status status="PASS" starttime="20231002 12:34:22.994" endtime="20231002 12:34:22.994"/>
</kw>
<msg timestamp="20231002 12:34:22.994" level="INFO">${is_not_stale} = True</msg>
<status status="PASS" starttime="20231002 12:34:22.993" endtime="20231002 12:34:22.994"/>
</kw>
<kw name="Run Keyword And Return Status" library="BuiltIn">
<var>${no_err_msg}</var>
<arg>Should be equal</arg>
<arg>${is_visible[0]}</arg>
<arg>PASS</arg>
<arg>msg=${err_msg}</arg>
<doc>Runs the given keyword with given arguments and returns the status as a Boolean value.</doc>
<kw name="Should Be Equal" library="BuiltIn">
<arg>${is_visible[0]}</arg>
<arg>PASS</arg>
<arg>msg=${err_msg}</arg>
<doc>Fails if the given objects are unequal.</doc>
<status status="PASS" starttime="20231002 12:34:22.995" endtime="20231002 12:34:22.996"/>
</kw>
<msg timestamp="20231002 12:34:22.997" level="INFO">${no_err_msg} = True</msg>
<status status="PASS" starttime="20231002 12:34:22.995" endtime="20231002 12:34:22.997"/>
</kw>
<kw name="Evaluate" library="BuiltIn">
<var>${result}</var>
<arg>${is_not_stale} and ${no_err_msg}</arg>
<doc>Evaluates the given expression in Python and returns the result.</doc>
<msg timestamp="20231002 12:34:22.997" level="INFO">${result} = True</msg>
<status status="PASS" starttime="20231002 12:34:22.997" endtime="20231002 12:34:22.997"/>
</kw>
<kw name="Exit For Loop If" library="BuiltIn">
<arg>${result}</arg>
<doc>Stops executing the enclosing for loop if the ``condition`` is true.</doc>
<msg timestamp="20231002 12:34:22.998" level="INFO">Exiting for loop altogether.</msg>
<status status="PASS" starttime="20231002 12:34:22.998" endtime="20231002 12:34:22.998"/>
</kw>
<status status="PASS" starttime="20231002 12:34:21.255" endtime="20231002 12:34:22.998"/>
</iter>
<status status="PASS" starttime="20231002 12:34:21.254" endtime="20231002 12:34:22.999"/>
</for>
<kw name="Should Be True" library="BuiltIn">
<arg>${result}</arg>
<arg>msg="element either in stale mode or not visible, error message is ${err_msg}"</arg>
<doc>Fails if the given condition is not true.</doc>
<status status="PASS" starttime="20231002 12:34:22.999" endtime="20231002 12:34:22.999"/>
</kw>
<status status="PASS" starttime="20231002 12:34:21.254" endtime="20231002 12:34:23.000"/>
</kw>
<status status="PASS" starttime="20231002 12:34:21.253" endtime="20231002 12:34:23.000"/>
</kw>
<status status="PASS" starttime="20231002 12:33:50.995" endtime="20231002 12:34:23.000"/>
</kw>
<tag>INSTANCE</tag>
<tag>search</tag>
<status status="PASS" starttime="20231002 12:32:53.254" endtime="20231002 12:34:23.001"/>
</test>
<kw name="Close Application" library="AppiumLibrary" type="TEARDOWN">
<doc>Closes the current application and also close webdriver session.</doc>
<status status="PASS" starttime="20231002 12:34:23.002" endtime="20231002 12:34:23.435"/>
</kw>
<status status="PASS" starttime="20231002 12:32:46.772" endtime="20231002 12:34:23.436"/>
</suite>
<status status="PASS" starttime="20231002 12:32:46.766" endtime="20231002 12:34:23.439"/>
</suite>
<statistics>
<total>
<stat pass="1" fail="0" skip="0">All Tests</stat>
</total>
<tag>
<stat pass="1" fail="0" skip="0">INSTANCE</stat>
<stat pass="1" fail="0" skip="0">search</stat>
</tag>
<suite>
<stat pass="1" fail="0" skip="0" id="s1" name="Application">Application</stat>
<stat pass="1" fail="0" skip="0" id="s1-s1" name="INSTANCE02">Application.INSTANCE02</stat>
</suite>
</statistics>
<errors>
<msg timestamp="20231002 12:32:47.320" level="WARN">Imported resource file '/Users/tordoppio/Doppio-Automation/ebay-testing/keywords/application/pages/checkout_page.robot' is empty.</msg>
<msg timestamp="20231002 12:32:47.321" level="WARN">Imported resource file '/Users/tordoppio/Doppio-Automation/ebay-testing/keywords/application/features/checkout_feature.robot' is empty.</msg>
</errors>
</robot>
