<?xml version="1.0" encoding="UTF-8"?>
<robot generator="Robot 4.1 (Python 3.11.3 on darwin)" generated="20231002 12:34:23.851" rpa="false" schemaversion="2">
<suite id="s1" name="Application" source="/Users/tordoppio/Doppio-Automation/ebay-testing/testcases/application">
<suite id="s1-s1" name="INSTANCE04" source="/Users/tordoppio/Doppio-Automation/ebay-testing/testcases/application/INSTANCE04.robot">
<kw name="Open ebay application" library="common" type="SETUP">
<kw name="Set Library Search Order" library="BuiltIn">
<arg>DobbyAppCommon</arg>
<arg>AppiumLibrary</arg>
<doc>Sets the resolution order to use when a name matches multiple keywords.</doc>
<status status="PASS" starttime="20231002 12:34:24.215" endtime="20231002 12:34:24.215"/>
</kw>
<if>
<branch type="IF" condition="'${require_farm}'=='True'">
<kw name="Init mobile farm configuration" library="DobbyAppCommon">
<doc>Init doppio mobile farm, Use hand in hand with woody mobile farm management</doc>
<kw name="Evaluate" library="BuiltIn">
<var>${pool_to_use}</var>
<arg>${PABOTEXECUTIONPOOLID}</arg>
<doc>Evaluates the given expression in Python and returns the result.</doc>
<msg timestamp="20231002 12:34:24.215" level="INFO">${pool_to_use} = 0</msg>
<status status="PASS" starttime="20231002 12:34:24.215" endtime="20231002 12:34:24.215"/>
</kw>
<kw name="Evaluate" library="BuiltIn">
<var>${delay_time}</var>
<arg>${pool_to_use}*5</arg>
<doc>Evaluates the given expression in Python and returns the result.</doc>
<msg timestamp="20231002 12:34:24.216" level="INFO">${delay_time} = 0</msg>
<status status="PASS" starttime="20231002 12:34:24.216" endtime="20231002 12:34:24.216"/>
</kw>
<kw name="Sleep" library="BuiltIn">
<arg>${delay_time}s</arg>
<doc>Pauses the test executed for the given time.</doc>
<msg timestamp="20231002 12:34:24.216" level="INFO">Slept 0 seconds</msg>
<status status="PASS" starttime="20231002 12:34:24.216" endtime="20231002 12:34:24.216"/>
</kw>
<kw name="Acquire Value Set" library="pabot.PabotLib">
<var>${valuesetname}</var>
<arg>set${pool_to_use}</arg>
<doc>Reserve a set of values for this execution.
[https://pabot.org/PabotLib.html?ref=log#acquire-value-set|Open online docs.]</doc>
<msg timestamp="20231002 12:34:24.222" level="INFO">Value set "Set" acquired</msg>
<msg timestamp="20231002 12:34:24.223" level="INFO">${valuesetname} = Set</msg>
<status status="PASS" starttime="20231002 12:34:24.216" endtime="20231002 12:34:24.223"/>
</kw>
<kw name="Get Value From Set" library="pabot.PabotLib">
<var>${doppioAppiumPort}</var>
<arg>appium_port</arg>
<doc>Get a value from previously reserved value set.
[https://pabot.org/PabotLib.html?ref=log#get-value-from-set|Open online docs.]</doc>
<msg timestamp="20231002 12:34:24.223" level="INFO">${doppioAppiumPort} = 9990</msg>
<status status="PASS" starttime="20231002 12:34:24.223" endtime="20231002 12:34:24.223"/>
</kw>
<kw name="Get Value From Set" library="pabot.PabotLib">
<var>${doppioSystemPort}</var>
<arg>system_port</arg>
<doc>Get a value from previously reserved value set.
[https://pabot.org/PabotLib.html?ref=log#get-value-from-set|Open online docs.]</doc>
<msg timestamp="20231002 12:34:24.224" level="INFO">${doppioSystemPort} = 8301</msg>
<status status="PASS" starttime="20231002 12:34:24.224" endtime="20231002 12:34:24.224"/>
</kw>
<kw name="Get Value From Set" library="pabot.PabotLib">
<var>${doppioDeviceName}</var>
<arg>device_info</arg>
<doc>Get a value from previously reserved value set.
[https://pabot.org/PabotLib.html?ref=log#get-value-from-set|Open online docs.]</doc>
<msg timestamp="20231002 12:34:24.224" level="INFO">${doppioDeviceName} = 26ab25c053217ece</msg>
<status status="PASS" starttime="20231002 12:34:24.224" endtime="20231002 12:34:24.224"/>
</kw>
<kw name="Get Value From Set" library="pabot.PabotLib">
<var>${doppioEmulatorName}</var>
<arg>emulator_name</arg>
<doc>Get a value from previously reserved value set.
[https://pabot.org/PabotLib.html?ref=log#get-value-from-set|Open online docs.]</doc>
<msg timestamp="20231002 12:34:24.225" level="INFO">${doppioEmulatorName} = 26ab25c053217ece</msg>
<status status="PASS" starttime="20231002 12:34:24.225" endtime="20231002 12:34:24.225"/>
</kw>
<kw name="Get Value From Set" library="pabot.PabotLib">
<var>${platformVersion}</var>
<arg>version</arg>
<doc>Get a value from previously reserved value set.
[https://pabot.org/PabotLib.html?ref=log#get-value-from-set|Open online docs.]</doc>
<msg timestamp="20231002 12:34:24.226" level="INFO">${platformVersion} = 10</msg>
<status status="PASS" starttime="20231002 12:34:24.226" endtime="20231002 12:34:24.226"/>
</kw>
<kw name="Get Value From Set" library="pabot.PabotLib">
<var>${url}</var>
<arg>remote_url</arg>
<doc>Get a value from previously reserved value set.
[https://pabot.org/PabotLib.html?ref=log#get-value-from-set|Open online docs.]</doc>
<msg timestamp="20231002 12:34:24.227" level="INFO">${url} = 127.0.0.1</msg>
<status status="PASS" starttime="20231002 12:34:24.226" endtime="20231002 12:34:24.227"/>
</kw>
<kw name="Convert To Integer" library="BuiltIn">
<var>${doppioSystemPort_int}</var>
<arg>${doppioSystemPort}</arg>
<doc>Converts the given item to an integer number.</doc>
<msg timestamp="20231002 12:34:24.227" level="INFO">${doppioSystemPort_int} = 8301</msg>
<status status="PASS" starttime="20231002 12:34:24.227" endtime="20231002 12:34:24.227"/>
</kw>
<kw name="Set Global Variable" library="BuiltIn">
<arg>${deviceName}</arg>
<arg>${doppioDeviceName}</arg>
<doc>Makes a variable available globally in all tests and suites.</doc>
<msg timestamp="20231002 12:34:24.228" level="INFO">${deviceName} = 26ab25c053217ece</msg>
<status status="PASS" starttime="20231002 12:34:24.227" endtime="20231002 12:34:24.228"/>
</kw>
<kw name="Set Global Variable" library="BuiltIn">
<arg>${systemPort}</arg>
<arg>${doppioSystemPort_int}</arg>
<doc>Makes a variable available globally in all tests and suites.</doc>
<msg timestamp="20231002 12:34:24.229" level="INFO">${systemPort} = 8301</msg>
<status status="PASS" starttime="20231002 12:34:24.228" endtime="20231002 12:34:24.229"/>
</kw>
<kw name="Set Global Variable" library="BuiltIn">
<arg>${udid}</arg>
<arg>${doppioEmulatorName}</arg>
<doc>Makes a variable available globally in all tests and suites.</doc>
<msg timestamp="20231002 12:34:24.229" level="INFO">${udid} = 26ab25c053217ece</msg>
<status status="PASS" starttime="20231002 12:34:24.229" endtime="20231002 12:34:24.229"/>
</kw>
<kw name="Set Global Variable" library="BuiltIn">
<arg>${remoteUrl}</arg>
<arg>http://${url}:${doppioAppiumPort}/wd/hub</arg>
<doc>Makes a variable available globally in all tests and suites.</doc>
<msg timestamp="20231002 12:34:24.230" level="INFO">${remoteUrl} = http://127.0.0.1:9990/wd/hub</msg>
<status status="PASS" starttime="20231002 12:34:24.230" endtime="20231002 12:34:24.230"/>
</kw>
<kw name="Set Global Variable" library="BuiltIn">
<arg>${platformVersion}</arg>
<arg>${platformVersion}</arg>
<doc>Makes a variable available globally in all tests and suites.</doc>
<msg timestamp="20231002 12:34:24.231" level="INFO">${platformVersion} = 10</msg>
<status status="PASS" starttime="20231002 12:34:24.230" endtime="20231002 12:34:24.231"/>
</kw>
<kw name="Release Value Set" library="pabot.PabotLib">
<doc>Release a reserved value set so that other executions can use it also.
[https://pabot.org/PabotLib.html?ref=log#release-value-set|Open online docs.]</doc>
<status status="PASS" starttime="20231002 12:34:24.231" endtime="20231002 12:34:24.232"/>
</kw>
<status status="PASS" starttime="20231002 12:34:24.215" endtime="20231002 12:34:24.233"/>
</kw>
<status status="PASS" starttime="20231002 12:34:24.215" endtime="20231002 12:34:24.233"/>
</branch>
<status status="PASS" starttime="20231002 12:34:24.215" endtime="20231002 12:34:24.233"/>
</if>
<kw name="Create Dictionary" library="BuiltIn">
<var>${capability}</var>
<arg>automationName=${automation}</arg>
<arg>platformName=${platformz}</arg>
<arg>platformVersion=${platformVersion}</arg>
<arg>deviceName=${deviceName}</arg>
<arg>udid=${udid}</arg>
<arg>noReset=${noReset}</arg>
<arg>newCommandTimeout=${0}</arg>
<arg>autoGrantPermissions=${TRUE}</arg>
<arg>unicodeKeyboard=${FALSE}</arg>
<arg>resetKeyboard=${TRUE}</arg>
<arg>autoAcceptAlerts=${TRUE}</arg>
<arg>autoDismissAlerts=${TRUE}</arg>
<arg>systemPort=${systemPort}</arg>
<arg>language=${LANG}</arg>
<arg>locale=${LANG.upper()}</arg>
<arg>wdaLocalPort=${systemPort}</arg>
<arg>enforceXPath1=${TRUE}</arg>
<arg>appPackage=${appPackage}</arg>
<arg>appActivity=${appActivity}</arg>
<doc>Creates and returns a dictionary based on the given ``items``.</doc>
<msg timestamp="20231002 12:34:24.236" level="INFO">${capability} = {'automationName': 'UiAutomator2', 'platformName': 'android', 'platformVersion': '10', 'deviceName': '26ab25c053217ece', 'udid': '26ab25c053217ece', 'noReset': True, 'newCommandTimeout': 0, 'autoGrant...</msg>
<status status="PASS" starttime="20231002 12:34:24.233" endtime="20231002 12:34:24.236"/>
</kw>
<kw name="Log" library="BuiltIn">
<arg>remote_url=${remoteUrl}</arg>
<doc>Logs the given message with the given level.</doc>
<msg timestamp="20231002 12:34:24.236" level="INFO">remote_url=http://127.0.0.1:9990/wd/hub</msg>
<status status="PASS" starttime="20231002 12:34:24.236" endtime="20231002 12:34:24.236"/>
</kw>
<kw name="Log" library="BuiltIn">
<arg>capability=${capability}</arg>
<doc>Logs the given message with the given level.</doc>
<msg timestamp="20231002 12:34:24.237" level="INFO">capability={'automationName': 'UiAutomator2', 'platformName': 'android', 'platformVersion': '10', 'deviceName': '26ab25c053217ece', 'udid': '26ab25c053217ece', 'noReset': True, 'newCommandTimeout': 0, 'autoGrantPermissions': True, 'unicodeKeyboard': False, 'resetKeyboard': True, 'autoAcceptAlerts': True, 'autoDismissAlerts': True, 'systemPort': 8301, 'language': 'en', 'locale': 'EN', 'wdaLocalPort': 8301, 'enforceXPath1': True, 'appPackage': 'com.ebay.mobile', 'appActivity': 'com.ebay.mobile.home.impl.main.MainActivity'}</msg>
<status status="PASS" starttime="20231002 12:34:24.237" endtime="20231002 12:34:24.237"/>
</kw>
<kw name="Open Application" library="AppiumLibrary">
<arg>remote_url=${remoteUrl}</arg>
<arg>&amp;{capability}</arg>
<doc>Opens a new application to given Appium server.
Capabilities of appium server, Android and iOS,
Please check https://github.com/appium/appium/blob/master/docs/en/writing-running-appium/server-args.md
| *Option*            | *Man.* | *Description*     |
| remote_url          | Yes    | Appium server url |
| alias               | no     | alias             |</doc>
<status status="PASS" starttime="20231002 12:34:24.237" endtime="20231002 12:34:28.948"/>
</kw>
<kw name="Wait Until Page Does Not Contain Element" library="AppiumLibrary">
<arg>xpath=//android.widget.LinearLayout[@resource-id="com.ebay.mobile:id/progressContainer"]//android.widget.ProgressBar</arg>
<arg>timeout=${GLOBAL_TIMEOUT}</arg>
<doc>Waits until element specified with `locator` disappears from current page.</doc>
<status status="PASS" starttime="20231002 12:34:28.949" endtime="20231002 12:34:30.080"/>
</kw>
<status status="PASS" starttime="20231002 12:34:24.215" endtime="20231002 12:34:30.081"/>
</kw>
<test id="s1-s1-t1" name="INSTANCE02 - Verify search result is matches with search keyword">
<kw name="Login to ebay application" library="login_feature">
<arg>panuwat.a@doppiotech.com</arg>
<arg>Shinemoon1!</arg>
<kw name="Run Keyword And Return Status" library="BuiltIn">
<var>${status}</var>
<arg>home_page.Verify sign in button is not displayed</arg>
<doc>Runs the given keyword with given arguments and returns the status as a Boolean value.</doc>
<kw name="Verify sign in button is not displayed" library="home_page">
<kw name="Wait Until Page Does Not Contain Element" library="AppiumLibrary">
<arg>id=com.ebay.mobile:id/button_sign_in</arg>
<doc>Waits until element specified with `locator` disappears from current page.</doc>
<kw name="Capture Page Screenshot" library="AppiumLibrary">
<doc>Takes a screenshot of the current page and embeds it into the log.</doc>
<msg timestamp="20231002 12:34:36.181" level="INFO" html="true">&lt;/td&gt;&lt;/tr&gt;&lt;tr&gt;&lt;td colspan="3"&gt;&lt;a href="appium-screenshot-1.png"&gt;&lt;img src="appium-screenshot-1.png" width="800px"&gt;&lt;/a&gt;</msg>
<status status="PASS" starttime="20231002 12:34:35.425" endtime="20231002 12:34:36.181"/>
</kw>
<msg timestamp="20231002 12:34:36.183" level="FAIL">Element 'id=com.ebay.mobile:id/button_sign_in' did not disappear in 5 seconds</msg>
<status status="FAIL" starttime="20231002 12:34:30.086" endtime="20231002 12:34:36.183"/>
</kw>
<status status="FAIL" starttime="20231002 12:34:30.085" endtime="20231002 12:34:36.184"/>
</kw>
<msg timestamp="20231002 12:34:36.184" level="INFO">${status} = False</msg>
<status status="PASS" starttime="20231002 12:34:30.084" endtime="20231002 12:34:36.184"/>
</kw>
<if>
<branch type="IF" condition="${status}">
<kw name="Sign out username to ebay application" library="home_feature">
<status status="NOT RUN" starttime="20231002 12:34:36.185" endtime="20231002 12:34:36.185"/>
</kw>
<status status="NOT RUN" starttime="20231002 12:34:36.185" endtime="20231002 12:34:36.185"/>
</branch>
<status status="PASS" starttime="20231002 12:34:36.185" endtime="20231002 12:34:36.186"/>
</if>
<kw name="Tap sign in button" library="home_page">
<kw name="Tap element when ready" library="DobbyAppCommon">
<arg>id=com.ebay.mobile:id/button_sign_in</arg>
<doc>There are 2 modes; the first one is to wait until element is ready then tap (this is a default).</doc>
<for flavor="IN RANGE">
<var>${i}</var>
<value>1</value>
<value>${max_attempts}</value>
<iter>
<var name="${i}">1</var>
<if>
<branch type="IF" condition="${wait_until_ready}">
<if>
<branch type="IF" condition="${only_contain}">
<kw name="Run Keyword And Ignore Error" library="BuiltIn">
<var>${wait_status}</var>
<arg>DobbyAppCommon.Wait until page contain element except stale</arg>
<arg>${locator}</arg>
<arg>${timeout}</arg>
<doc>Runs the given keyword with the given arguments and ignores possible error.</doc>
<status status="NOT RUN" starttime="20231002 12:34:36.188" endtime="20231002 12:34:36.188"/>
</kw>
<kw name="Convert To String" library="BuiltIn">
<var>${err_msg_wait}</var>
<arg>${wait_status[1]}</arg>
<doc>Converts the given item to a Unicode string.</doc>
<status status="NOT RUN" starttime="20231002 12:34:36.188" endtime="20231002 12:34:36.189"/>
</kw>
<status status="NOT RUN" starttime="20231002 12:34:36.188" endtime="20231002 12:34:36.189"/>
</branch>
<branch type="ELSE">
<kw name="Run Keyword And Ignore Error" library="BuiltIn">
<var>${wait_status}</var>
<arg>DobbyAppCommon.Wait until element is visible except stale</arg>
<arg>${locator}</arg>
<arg>${timeout}</arg>
<doc>Runs the given keyword with the given arguments and ignores possible error.</doc>
<kw name="Wait until element is visible except stale" library="DobbyAppCommon">
<arg>${locator}</arg>
<arg>${timeout}</arg>
<doc>Wait until element is visible except stale</doc>
<for flavor="IN RANGE">
<var>${i}</var>
<value>1</value>
<value>${max_attempts}</value>
<iter>
<var name="${i}">1</var>
<kw name="Run Keyword And Ignore Error" library="BuiltIn">
<var>${is_visible}</var>
<arg>AppiumLibrary.Wait until element is visible</arg>
<arg>${locator}</arg>
<arg>${timeout}</arg>
<doc>Runs the given keyword with the given arguments and ignores possible error.</doc>
<kw name="Wait Until Element Is Visible" library="AppiumLibrary">
<arg>${locator}</arg>
<arg>${timeout}</arg>
<doc>Waits until element specified with `locator` is visible.</doc>
<status status="PASS" starttime="20231002 12:34:36.191" endtime="20231002 12:34:36.406"/>
</kw>
<msg timestamp="20231002 12:34:36.407" level="INFO">${is_visible} = ('PASS', None)</msg>
<status status="PASS" starttime="20231002 12:34:36.190" endtime="20231002 12:34:36.407"/>
</kw>
<kw name="Convert To String" library="BuiltIn">
<var>${err_msg}</var>
<arg>${is_visible[1]}</arg>
<doc>Converts the given item to a Unicode string.</doc>
<msg timestamp="20231002 12:34:36.408" level="INFO">${err_msg} = None</msg>
<status status="PASS" starttime="20231002 12:34:36.407" endtime="20231002 12:34:36.409"/>
</kw>
<kw name="Run Keyword And Return Status" library="BuiltIn">
<var>${is_not_stale}</var>
<arg>Should not contain</arg>
<arg>${err_msg}</arg>
<arg>StaleElementReferenceException</arg>
<doc>Runs the given keyword with given arguments and returns the status as a Boolean value.</doc>
<kw name="Should Not Contain" library="BuiltIn">
<arg>${err_msg}</arg>
<arg>StaleElementReferenceException</arg>
<doc>Fails if ``container`` contains ``item`` one or more times.</doc>
<status status="PASS" starttime="20231002 12:34:36.412" endtime="20231002 12:34:36.412"/>
</kw>
<msg timestamp="20231002 12:34:36.413" level="INFO">${is_not_stale} = True</msg>
<status status="PASS" starttime="20231002 12:34:36.409" endtime="20231002 12:34:36.413"/>
</kw>
<kw name="Run Keyword And Return Status" library="BuiltIn">
<var>${no_err_msg}</var>
<arg>Should be equal</arg>
<arg>${is_visible[0]}</arg>
<arg>PASS</arg>
<arg>msg=${err_msg}</arg>
<doc>Runs the given keyword with given arguments and returns the status as a Boolean value.</doc>
<kw name="Should Be Equal" library="BuiltIn">
<arg>${is_visible[0]}</arg>
<arg>PASS</arg>
<arg>msg=${err_msg}</arg>
<doc>Fails if the given objects are unequal.</doc>
<status status="PASS" starttime="20231002 12:34:36.413" endtime="20231002 12:34:36.415"/>
</kw>
<msg timestamp="20231002 12:34:36.415" level="INFO">${no_err_msg} = True</msg>
<status status="PASS" starttime="20231002 12:34:36.413" endtime="20231002 12:34:36.415"/>
</kw>
<kw name="Evaluate" library="BuiltIn">
<var>${result}</var>
<arg>${is_not_stale} and ${no_err_msg}</arg>
<doc>Evaluates the given expression in Python and returns the result.</doc>
<msg timestamp="20231002 12:34:36.416" level="INFO">${result} = True</msg>
<status status="PASS" starttime="20231002 12:34:36.415" endtime="20231002 12:34:36.416"/>
</kw>
<kw name="Exit For Loop If" library="BuiltIn">
<arg>${result}</arg>
<doc>Stops executing the enclosing for loop if the ``condition`` is true.</doc>
<msg timestamp="20231002 12:34:36.416" level="INFO">Exiting for loop altogether.</msg>
<status status="PASS" starttime="20231002 12:34:36.416" endtime="20231002 12:34:36.417"/>
</kw>
<status status="PASS" starttime="20231002 12:34:36.190" endtime="20231002 12:34:36.417"/>
</iter>
<status status="PASS" starttime="20231002 12:34:36.190" endtime="20231002 12:34:36.417"/>
</for>
<kw name="Should Be True" library="BuiltIn">
<arg>${result}</arg>
<arg>msg="element either in stale mode or not visible, error message is ${err_msg}"</arg>
<doc>Fails if the given condition is not true.</doc>
<status status="PASS" starttime="20231002 12:34:36.417" endtime="20231002 12:34:36.418"/>
</kw>
<status status="PASS" starttime="20231002 12:34:36.189" endtime="20231002 12:34:36.418"/>
</kw>
<msg timestamp="20231002 12:34:36.418" level="INFO">${wait_status} = ('PASS', None)</msg>
<status status="PASS" starttime="20231002 12:34:36.189" endtime="20231002 12:34:36.418"/>
</kw>
<kw name="Convert To String" library="BuiltIn">
<var>${err_msg_wait}</var>
<arg>${wait_status[1]}</arg>
<doc>Converts the given item to a Unicode string.</doc>
<msg timestamp="20231002 12:34:36.420" level="INFO">${err_msg_wait} = None</msg>
<status status="PASS" starttime="20231002 12:34:36.418" endtime="20231002 12:34:36.420"/>
</kw>
<status status="PASS" starttime="20231002 12:34:36.189" endtime="20231002 12:34:36.420"/>
</branch>
<status status="PASS" starttime="20231002 12:34:36.188" endtime="20231002 12:34:36.420"/>
</if>
<status status="PASS" starttime="20231002 12:34:36.187" endtime="20231002 12:34:36.420"/>
</branch>
<branch type="ELSE">
<kw name="Set Variable" library="BuiltIn">
<var>${err_msg_wait}</var>
<arg>${EMPTY}</arg>
<doc>Returns the given values which can then be assigned to a variables.</doc>
<status status="NOT RUN" starttime="20231002 12:34:36.421" endtime="20231002 12:34:36.421"/>
</kw>
<status status="NOT RUN" starttime="20231002 12:34:36.420" endtime="20231002 12:34:36.421"/>
</branch>
<status status="PASS" starttime="20231002 12:34:36.187" endtime="20231002 12:34:36.421"/>
</if>
<kw name="Run Keyword And Ignore Error" library="BuiltIn">
<var>${tap_status}</var>
<arg>AppiumLibrary.Tap</arg>
<arg>${locator}</arg>
<doc>Runs the given keyword with the given arguments and ignores possible error.</doc>
<kw name="Tap" library="AppiumLibrary">
<arg>${locator}</arg>
<doc>Tap element identified by ``locator``. </doc>
<status status="PASS" starttime="20231002 12:34:36.421" endtime="20231002 12:34:37.661"/>
</kw>
<msg timestamp="20231002 12:34:37.662" level="INFO">${tap_status} = ('PASS', None)</msg>
<status status="PASS" starttime="20231002 12:34:36.421" endtime="20231002 12:34:37.662"/>
</kw>
<kw name="Convert To String" library="BuiltIn">
<var>${err_msg_tap}</var>
<arg>${tap_status[1]}</arg>
<doc>Converts the given item to a Unicode string.</doc>
<msg timestamp="20231002 12:34:37.665" level="INFO">${err_msg_tap} = None</msg>
<status status="PASS" starttime="20231002 12:34:37.663" endtime="20231002 12:34:37.665"/>
</kw>
<kw name="Evaluate" library="BuiltIn">
<var>${result}</var>
<arg>'${tap_status[0]}' == 'PASS'</arg>
<doc>Evaluates the given expression in Python and returns the result.</doc>
<msg timestamp="20231002 12:34:37.667" level="INFO">${result} = True</msg>
<status status="PASS" starttime="20231002 12:34:37.665" endtime="20231002 12:34:37.667"/>
</kw>
<kw name="Exit For Loop If" library="BuiltIn">
<arg>${result}</arg>
<doc>Stops executing the enclosing for loop if the ``condition`` is true.</doc>
<msg timestamp="20231002 12:34:37.668" level="INFO">Exiting for loop altogether.</msg>
<status status="PASS" starttime="20231002 12:34:37.668" endtime="20231002 12:34:37.668"/>
</kw>
<status status="PASS" starttime="20231002 12:34:36.187" endtime="20231002 12:34:37.668"/>
</iter>
<status status="PASS" starttime="20231002 12:34:36.187" endtime="20231002 12:34:37.669"/>
</for>
<kw name="Should Be True" library="BuiltIn">
<arg>${result}</arg>
<arg>msg='Unable to tap after ${${max_attempts}-1} attempts, with error ${err_msg_tap}, ${err_msg_wait},'</arg>
<doc>Fails if the given condition is not true.</doc>
<status status="PASS" starttime="20231002 12:34:37.670" endtime="20231002 12:34:37.672"/>
</kw>
<status status="PASS" starttime="20231002 12:34:36.186" endtime="20231002 12:34:37.672"/>
</kw>
<status status="PASS" starttime="20231002 12:34:36.186" endtime="20231002 12:34:37.672"/>
</kw>
<kw name="Tap login email or username" library="login_page">
<kw name="Tap element when ready" library="DobbyAppCommon">
<arg>id=com.ebay.mobile:id/button_classic</arg>
<doc>There are 2 modes; the first one is to wait until element is ready then tap (this is a default).</doc>
<for flavor="IN RANGE">
<var>${i}</var>
<value>1</value>
<value>${max_attempts}</value>
<iter>
<var name="${i}">1</var>
<if>
<branch type="IF" condition="${wait_until_ready}">
<if>
<branch type="IF" condition="${only_contain}">
<kw name="Run Keyword And Ignore Error" library="BuiltIn">
<var>${wait_status}</var>
<arg>DobbyAppCommon.Wait until page contain element except stale</arg>
<arg>${locator}</arg>
<arg>${timeout}</arg>
<doc>Runs the given keyword with the given arguments and ignores possible error.</doc>
<status status="NOT RUN" starttime="20231002 12:34:37.675" endtime="20231002 12:34:37.675"/>
</kw>
<kw name="Convert To String" library="BuiltIn">
<var>${err_msg_wait}</var>
<arg>${wait_status[1]}</arg>
<doc>Converts the given item to a Unicode string.</doc>
<status status="NOT RUN" starttime="20231002 12:34:37.675" endtime="20231002 12:34:37.675"/>
</kw>
<status status="NOT RUN" starttime="20231002 12:34:37.675" endtime="20231002 12:34:37.676"/>
</branch>
<branch type="ELSE">
<kw name="Run Keyword And Ignore Error" library="BuiltIn">
<var>${wait_status}</var>
<arg>DobbyAppCommon.Wait until element is visible except stale</arg>
<arg>${locator}</arg>
<arg>${timeout}</arg>
<doc>Runs the given keyword with the given arguments and ignores possible error.</doc>
<kw name="Wait until element is visible except stale" library="DobbyAppCommon">
<arg>${locator}</arg>
<arg>${timeout}</arg>
<doc>Wait until element is visible except stale</doc>
<for flavor="IN RANGE">
<var>${i}</var>
<value>1</value>
<value>${max_attempts}</value>
<iter>
<var name="${i}">1</var>
<kw name="Run Keyword And Ignore Error" library="BuiltIn">
<var>${is_visible}</var>
<arg>AppiumLibrary.Wait until element is visible</arg>
<arg>${locator}</arg>
<arg>${timeout}</arg>
<doc>Runs the given keyword with the given arguments and ignores possible error.</doc>
<kw name="Wait Until Element Is Visible" library="AppiumLibrary">
<arg>${locator}</arg>
<arg>${timeout}</arg>
<doc>Waits until element specified with `locator` is visible.</doc>
<status status="PASS" starttime="20231002 12:34:37.678" endtime="20231002 12:34:37.710"/>
</kw>
<msg timestamp="20231002 12:34:37.710" level="INFO">${is_visible} = ('PASS', None)</msg>
<status status="PASS" starttime="20231002 12:34:37.677" endtime="20231002 12:34:37.710"/>
</kw>
<kw name="Convert To String" library="BuiltIn">
<var>${err_msg}</var>
<arg>${is_visible[1]}</arg>
<doc>Converts the given item to a Unicode string.</doc>
<msg timestamp="20231002 12:34:37.712" level="INFO">${err_msg} = None</msg>
<status status="PASS" starttime="20231002 12:34:37.710" endtime="20231002 12:34:37.712"/>
</kw>
<kw name="Run Keyword And Return Status" library="BuiltIn">
<var>${is_not_stale}</var>
<arg>Should not contain</arg>
<arg>${err_msg}</arg>
<arg>StaleElementReferenceException</arg>
<doc>Runs the given keyword with given arguments and returns the status as a Boolean value.</doc>
<kw name="Should Not Contain" library="BuiltIn">
<arg>${err_msg}</arg>
<arg>StaleElementReferenceException</arg>
<doc>Fails if ``container`` contains ``item`` one or more times.</doc>
<status status="PASS" starttime="20231002 12:34:37.712" endtime="20231002 12:34:37.713"/>
</kw>
<msg timestamp="20231002 12:34:37.713" level="INFO">${is_not_stale} = True</msg>
<status status="PASS" starttime="20231002 12:34:37.712" endtime="20231002 12:34:37.713"/>
</kw>
<kw name="Run Keyword And Return Status" library="BuiltIn">
<var>${no_err_msg}</var>
<arg>Should be equal</arg>
<arg>${is_visible[0]}</arg>
<arg>PASS</arg>
<arg>msg=${err_msg}</arg>
<doc>Runs the given keyword with given arguments and returns the status as a Boolean value.</doc>
<kw name="Should Be Equal" library="BuiltIn">
<arg>${is_visible[0]}</arg>
<arg>PASS</arg>
<arg>msg=${err_msg}</arg>
<doc>Fails if the given objects are unequal.</doc>
<status status="PASS" starttime="20231002 12:34:37.714" endtime="20231002 12:34:37.715"/>
</kw>
<msg timestamp="20231002 12:34:37.715" level="INFO">${no_err_msg} = True</msg>
<status status="PASS" starttime="20231002 12:34:37.713" endtime="20231002 12:34:37.715"/>
</kw>
<kw name="Evaluate" library="BuiltIn">
<var>${result}</var>
<arg>${is_not_stale} and ${no_err_msg}</arg>
<doc>Evaluates the given expression in Python and returns the result.</doc>
<msg timestamp="20231002 12:34:37.716" level="INFO">${result} = True</msg>
<status status="PASS" starttime="20231002 12:34:37.716" endtime="20231002 12:34:37.716"/>
</kw>
<kw name="Exit For Loop If" library="BuiltIn">
<arg>${result}</arg>
<doc>Stops executing the enclosing for loop if the ``condition`` is true.</doc>
<msg timestamp="20231002 12:34:37.717" level="INFO">Exiting for loop altogether.</msg>
<status status="PASS" starttime="20231002 12:34:37.716" endtime="20231002 12:34:37.717"/>
</kw>
<status status="PASS" starttime="20231002 12:34:37.677" endtime="20231002 12:34:37.717"/>
</iter>
<status status="PASS" starttime="20231002 12:34:37.677" endtime="20231002 12:34:37.717"/>
</for>
<kw name="Should Be True" library="BuiltIn">
<arg>${result}</arg>
<arg>msg="element either in stale mode or not visible, error message is ${err_msg}"</arg>
<doc>Fails if the given condition is not true.</doc>
<status status="PASS" starttime="20231002 12:34:37.718" endtime="20231002 12:34:37.718"/>
</kw>
<status status="PASS" starttime="20231002 12:34:37.676" endtime="20231002 12:34:37.718"/>
</kw>
<msg timestamp="20231002 12:34:37.718" level="INFO">${wait_status} = ('PASS', None)</msg>
<status status="PASS" starttime="20231002 12:34:37.676" endtime="20231002 12:34:37.718"/>
</kw>
<kw name="Convert To String" library="BuiltIn">
<var>${err_msg_wait}</var>
<arg>${wait_status[1]}</arg>
<doc>Converts the given item to a Unicode string.</doc>
<msg timestamp="20231002 12:34:37.720" level="INFO">${err_msg_wait} = None</msg>
<status status="PASS" starttime="20231002 12:34:37.719" endtime="20231002 12:34:37.720"/>
</kw>
<status status="PASS" starttime="20231002 12:34:37.676" endtime="20231002 12:34:37.720"/>
</branch>
<status status="PASS" starttime="20231002 12:34:37.674" endtime="20231002 12:34:37.720"/>
</if>
<status status="PASS" starttime="20231002 12:34:37.674" endtime="20231002 12:34:37.720"/>
</branch>
<branch type="ELSE">
<kw name="Set Variable" library="BuiltIn">
<var>${err_msg_wait}</var>
<arg>${EMPTY}</arg>
<doc>Returns the given values which can then be assigned to a variables.</doc>
<status status="NOT RUN" starttime="20231002 12:34:37.720" endtime="20231002 12:34:37.721"/>
</kw>
<status status="NOT RUN" starttime="20231002 12:34:37.720" endtime="20231002 12:34:37.721"/>
</branch>
<status status="PASS" starttime="20231002 12:34:37.674" endtime="20231002 12:34:37.721"/>
</if>
<kw name="Run Keyword And Ignore Error" library="BuiltIn">
<var>${tap_status}</var>
<arg>AppiumLibrary.Tap</arg>
<arg>${locator}</arg>
<doc>Runs the given keyword with the given arguments and ignores possible error.</doc>
<kw name="Tap" library="AppiumLibrary">
<arg>${locator}</arg>
<doc>Tap element identified by ``locator``. </doc>
<status status="PASS" starttime="20231002 12:34:37.721" endtime="20231002 12:34:37.990"/>
</kw>
<msg timestamp="20231002 12:34:37.990" level="INFO">${tap_status} = ('PASS', None)</msg>
<status status="PASS" starttime="20231002 12:34:37.721" endtime="20231002 12:34:37.990"/>
</kw>
<kw name="Convert To String" library="BuiltIn">
<var>${err_msg_tap}</var>
<arg>${tap_status[1]}</arg>
<doc>Converts the given item to a Unicode string.</doc>
<msg timestamp="20231002 12:34:37.993" level="INFO">${err_msg_tap} = None</msg>
<status status="PASS" starttime="20231002 12:34:37.991" endtime="20231002 12:34:37.993"/>
</kw>
<kw name="Evaluate" library="BuiltIn">
<var>${result}</var>
<arg>'${tap_status[0]}' == 'PASS'</arg>
<doc>Evaluates the given expression in Python and returns the result.</doc>
<msg timestamp="20231002 12:34:37.996" level="INFO">${result} = True</msg>
<status status="PASS" starttime="20231002 12:34:37.994" endtime="20231002 12:34:37.996"/>
</kw>
<kw name="Exit For Loop If" library="BuiltIn">
<arg>${result}</arg>
<doc>Stops executing the enclosing for loop if the ``condition`` is true.</doc>
<msg timestamp="20231002 12:34:37.997" level="INFO">Exiting for loop altogether.</msg>
<status status="PASS" starttime="20231002 12:34:37.997" endtime="20231002 12:34:37.997"/>
</kw>
<status status="PASS" starttime="20231002 12:34:37.674" endtime="20231002 12:34:37.998"/>
</iter>
<status status="PASS" starttime="20231002 12:34:37.674" endtime="20231002 12:34:37.998"/>
</for>
<kw name="Should Be True" library="BuiltIn">
<arg>${result}</arg>
<arg>msg='Unable to tap after ${${max_attempts}-1} attempts, with error ${err_msg_tap}, ${err_msg_wait},'</arg>
<doc>Fails if the given condition is not true.</doc>
<status status="PASS" starttime="20231002 12:34:37.998" endtime="20231002 12:34:38.000"/>
</kw>
<status status="PASS" starttime="20231002 12:34:37.673" endtime="20231002 12:34:38.001"/>
</kw>
<status status="PASS" starttime="20231002 12:34:37.673" endtime="20231002 12:34:38.001"/>
</kw>
<kw name="Input email or username" library="login_page">
<arg>${email_or_username}</arg>
<kw name="Input text to element when ready" library="DobbyAppCommon">
<arg>id=com.ebay.mobile:id/edit_text_username</arg>
<arg>${username}</arg>
<doc>There are 2 modes; the first one is to wait until element is ready then tap (this is a default).</doc>
<kw name="Tap element when ready" library="DobbyAppCommon">
<arg>${locator}</arg>
<arg>timeout=${timeout}</arg>
<arg>wait_until_ready=${wait_until_ready}</arg>
<arg>max_attempts=${max_attempts}</arg>
<doc>There are 2 modes; the first one is to wait until element is ready then tap (this is a default).</doc>
<for flavor="IN RANGE">
<var>${i}</var>
<value>1</value>
<value>${max_attempts}</value>
<iter>
<var name="${i}">1</var>
<if>
<branch type="IF" condition="${wait_until_ready}">
<if>
<branch type="IF" condition="${only_contain}">
<kw name="Run Keyword And Ignore Error" library="BuiltIn">
<var>${wait_status}</var>
<arg>DobbyAppCommon.Wait until page contain element except stale</arg>
<arg>${locator}</arg>
<arg>${timeout}</arg>
<doc>Runs the given keyword with the given arguments and ignores possible error.</doc>
<status status="NOT RUN" starttime="20231002 12:34:38.005" endtime="20231002 12:34:38.005"/>
</kw>
<kw name="Convert To String" library="BuiltIn">
<var>${err_msg_wait}</var>
<arg>${wait_status[1]}</arg>
<doc>Converts the given item to a Unicode string.</doc>
<status status="NOT RUN" starttime="20231002 12:34:38.005" endtime="20231002 12:34:38.005"/>
</kw>
<status status="NOT RUN" starttime="20231002 12:34:38.004" endtime="20231002 12:34:38.005"/>
</branch>
<branch type="ELSE">
<kw name="Run Keyword And Ignore Error" library="BuiltIn">
<var>${wait_status}</var>
<arg>DobbyAppCommon.Wait until element is visible except stale</arg>
<arg>${locator}</arg>
<arg>${timeout}</arg>
<doc>Runs the given keyword with the given arguments and ignores possible error.</doc>
<kw name="Wait until element is visible except stale" library="DobbyAppCommon">
<arg>${locator}</arg>
<arg>${timeout}</arg>
<doc>Wait until element is visible except stale</doc>
<for flavor="IN RANGE">
<var>${i}</var>
<value>1</value>
<value>${max_attempts}</value>
<iter>
<var name="${i}">1</var>
<kw name="Run Keyword And Ignore Error" library="BuiltIn">
<var>${is_visible}</var>
<arg>AppiumLibrary.Wait until element is visible</arg>
<arg>${locator}</arg>
<arg>${timeout}</arg>
<doc>Runs the given keyword with the given arguments and ignores possible error.</doc>
<kw name="Wait Until Element Is Visible" library="AppiumLibrary">
<arg>${locator}</arg>
<arg>${timeout}</arg>
<doc>Waits until element specified with `locator` is visible.</doc>
<status status="PASS" starttime="20231002 12:34:38.008" endtime="20231002 12:34:38.790"/>
</kw>
<msg timestamp="20231002 12:34:38.791" level="INFO">${is_visible} = ('PASS', None)</msg>
<status status="PASS" starttime="20231002 12:34:38.008" endtime="20231002 12:34:38.791"/>
</kw>
<kw name="Convert To String" library="BuiltIn">
<var>${err_msg}</var>
<arg>${is_visible[1]}</arg>
<doc>Converts the given item to a Unicode string.</doc>
<msg timestamp="20231002 12:34:38.794" level="INFO">${err_msg} = None</msg>
<status status="PASS" starttime="20231002 12:34:38.792" endtime="20231002 12:34:38.794"/>
</kw>
<kw name="Run Keyword And Return Status" library="BuiltIn">
<var>${is_not_stale}</var>
<arg>Should not contain</arg>
<arg>${err_msg}</arg>
<arg>StaleElementReferenceException</arg>
<doc>Runs the given keyword with given arguments and returns the status as a Boolean value.</doc>
<kw name="Should Not Contain" library="BuiltIn">
<arg>${err_msg}</arg>
<arg>StaleElementReferenceException</arg>
<doc>Fails if ``container`` contains ``item`` one or more times.</doc>
<status status="PASS" starttime="20231002 12:34:38.795" endtime="20231002 12:34:38.795"/>
</kw>
<msg timestamp="20231002 12:34:38.796" level="INFO">${is_not_stale} = True</msg>
<status status="PASS" starttime="20231002 12:34:38.794" endtime="20231002 12:34:38.796"/>
</kw>
<kw name="Run Keyword And Return Status" library="BuiltIn">
<var>${no_err_msg}</var>
<arg>Should be equal</arg>
<arg>${is_visible[0]}</arg>
<arg>PASS</arg>
<arg>msg=${err_msg}</arg>
<doc>Runs the given keyword with given arguments and returns the status as a Boolean value.</doc>
<kw name="Should Be Equal" library="BuiltIn">
<arg>${is_visible[0]}</arg>
<arg>PASS</arg>
<arg>msg=${err_msg}</arg>
<doc>Fails if the given objects are unequal.</doc>
<status status="PASS" starttime="20231002 12:34:38.797" endtime="20231002 12:34:38.798"/>
</kw>
<msg timestamp="20231002 12:34:38.799" level="INFO">${no_err_msg} = True</msg>
<status status="PASS" starttime="20231002 12:34:38.796" endtime="20231002 12:34:38.799"/>
</kw>
<kw name="Evaluate" library="BuiltIn">
<var>${result}</var>
<arg>${is_not_stale} and ${no_err_msg}</arg>
<doc>Evaluates the given expression in Python and returns the result.</doc>
<msg timestamp="20231002 12:34:38.799" level="INFO">${result} = True</msg>
<status status="PASS" starttime="20231002 12:34:38.799" endtime="20231002 12:34:38.799"/>
</kw>
<kw name="Exit For Loop If" library="BuiltIn">
<arg>${result}</arg>
<doc>Stops executing the enclosing for loop if the ``condition`` is true.</doc>
<msg timestamp="20231002 12:34:38.800" level="INFO">Exiting for loop altogether.</msg>
<status status="PASS" starttime="20231002 12:34:38.800" endtime="20231002 12:34:38.800"/>
</kw>
<status status="PASS" starttime="20231002 12:34:38.007" endtime="20231002 12:34:38.800"/>
</iter>
<status status="PASS" starttime="20231002 12:34:38.007" endtime="20231002 12:34:38.801"/>
</for>
<kw name="Should Be True" library="BuiltIn">
<arg>${result}</arg>
<arg>msg="element either in stale mode or not visible, error message is ${err_msg}"</arg>
<doc>Fails if the given condition is not true.</doc>
<status status="PASS" starttime="20231002 12:34:38.801" endtime="20231002 12:34:38.801"/>
</kw>
<status status="PASS" starttime="20231002 12:34:38.006" endtime="20231002 12:34:38.801"/>
</kw>
<msg timestamp="20231002 12:34:38.802" level="INFO">${wait_status} = ('PASS', None)</msg>
<status status="PASS" starttime="20231002 12:34:38.006" endtime="20231002 12:34:38.802"/>
</kw>
<kw name="Convert To String" library="BuiltIn">
<var>${err_msg_wait}</var>
<arg>${wait_status[1]}</arg>
<doc>Converts the given item to a Unicode string.</doc>
<msg timestamp="20231002 12:34:38.803" level="INFO">${err_msg_wait} = None</msg>
<status status="PASS" starttime="20231002 12:34:38.802" endtime="20231002 12:34:38.803"/>
</kw>
<status status="PASS" starttime="20231002 12:34:38.006" endtime="20231002 12:34:38.803"/>
</branch>
<status status="PASS" starttime="20231002 12:34:38.004" endtime="20231002 12:34:38.803"/>
</if>
<status status="PASS" starttime="20231002 12:34:38.004" endtime="20231002 12:34:38.803"/>
</branch>
<branch type="ELSE">
<kw name="Set Variable" library="BuiltIn">
<var>${err_msg_wait}</var>
<arg>${EMPTY}</arg>
<doc>Returns the given values which can then be assigned to a variables.</doc>
<status status="NOT RUN" starttime="20231002 12:34:38.804" endtime="20231002 12:34:38.804"/>
</kw>
<status status="NOT RUN" starttime="20231002 12:34:38.803" endtime="20231002 12:34:38.804"/>
</branch>
<status status="PASS" starttime="20231002 12:34:38.004" endtime="20231002 12:34:38.804"/>
</if>
<kw name="Run Keyword And Ignore Error" library="BuiltIn">
<var>${tap_status}</var>
<arg>AppiumLibrary.Tap</arg>
<arg>${locator}</arg>
<doc>Runs the given keyword with the given arguments and ignores possible error.</doc>
<kw name="Tap" library="AppiumLibrary">
<arg>${locator}</arg>
<doc>Tap element identified by ``locator``. </doc>
<status status="PASS" starttime="20231002 12:34:38.805" endtime="20231002 12:34:39.241"/>
</kw>
<msg timestamp="20231002 12:34:39.242" level="INFO">${tap_status} = ('PASS', None)</msg>
<status status="PASS" starttime="20231002 12:34:38.804" endtime="20231002 12:34:39.242"/>
</kw>
<kw name="Convert To String" library="BuiltIn">
<var>${err_msg_tap}</var>
<arg>${tap_status[1]}</arg>
<doc>Converts the given item to a Unicode string.</doc>
<msg timestamp="20231002 12:34:39.246" level="INFO">${err_msg_tap} = None</msg>
<status status="PASS" starttime="20231002 12:34:39.244" endtime="20231002 12:34:39.246"/>
</kw>
<kw name="Evaluate" library="BuiltIn">
<var>${result}</var>
<arg>'${tap_status[0]}' == 'PASS'</arg>
<doc>Evaluates the given expression in Python and returns the result.</doc>
<msg timestamp="20231002 12:34:39.249" level="INFO">${result} = True</msg>
<status status="PASS" starttime="20231002 12:34:39.246" endtime="20231002 12:34:39.249"/>
</kw>
<kw name="Exit For Loop If" library="BuiltIn">
<arg>${result}</arg>
<doc>Stops executing the enclosing for loop if the ``condition`` is true.</doc>
<msg timestamp="20231002 12:34:39.249" level="INFO">Exiting for loop altogether.</msg>
<status status="PASS" starttime="20231002 12:34:39.249" endtime="20231002 12:34:39.250"/>
</kw>
<status status="PASS" starttime="20231002 12:34:38.004" endtime="20231002 12:34:39.250"/>
</iter>
<status status="PASS" starttime="20231002 12:34:38.003" endtime="20231002 12:34:39.250"/>
</for>
<kw name="Should Be True" library="BuiltIn">
<arg>${result}</arg>
<arg>msg='Unable to tap after ${${max_attempts}-1} attempts, with error ${err_msg_tap}, ${err_msg_wait},'</arg>
<doc>Fails if the given condition is not true.</doc>
<status status="PASS" starttime="20231002 12:34:39.251" endtime="20231002 12:34:39.252"/>
</kw>
<status status="PASS" starttime="20231002 12:34:38.003" endtime="20231002 12:34:39.252"/>
</kw>
<if>
<branch type="IF" condition="${clear}">
<kw name="Clear Text" library="AppiumLibrary">
<arg>${locator}</arg>
<doc>Clears the text field identified by `locator`.</doc>
<msg timestamp="20231002 12:34:39.255" level="INFO">Clear text field 'id=com.ebay.mobile:id/edit_text_username'</msg>
<status status="PASS" starttime="20231002 12:34:39.253" endtime="20231002 12:34:40.201"/>
</kw>
<status status="PASS" starttime="20231002 12:34:39.253" endtime="20231002 12:34:40.201"/>
</branch>
<status status="PASS" starttime="20231002 12:34:39.253" endtime="20231002 12:34:40.202"/>
</if>
<kw name="Input Text" library="AppiumLibrary">
<arg>${locator}</arg>
<arg>${text}</arg>
<doc>Types the given `text` into text field identified by `locator`.</doc>
<msg timestamp="20231002 12:34:40.206" level="INFO">Typing text 'panuwat.a@doppiotech.com' into text field 'id=com.ebay.mobile:id/edit_text_username'</msg>
<status status="PASS" starttime="20231002 12:34:40.202" endtime="20231002 12:34:41.155"/>
</kw>
<status status="PASS" starttime="20231002 12:34:38.002" endtime="20231002 12:34:41.156"/>
</kw>
<status status="PASS" starttime="20231002 12:34:38.001" endtime="20231002 12:34:41.157"/>
</kw>
<kw name="Input password" library="login_page">
<arg>${password}</arg>
<kw name="Input text to element when ready" library="DobbyAppCommon">
<arg>id=com.ebay.mobile:id/password_input_text</arg>
<arg>${password}</arg>
<doc>There are 2 modes; the first one is to wait until element is ready then tap (this is a default).</doc>
<kw name="Tap element when ready" library="DobbyAppCommon">
<arg>${locator}</arg>
<arg>timeout=${timeout}</arg>
<arg>wait_until_ready=${wait_until_ready}</arg>
<arg>max_attempts=${max_attempts}</arg>
<doc>There are 2 modes; the first one is to wait until element is ready then tap (this is a default).</doc>
<for flavor="IN RANGE">
<var>${i}</var>
<value>1</value>
<value>${max_attempts}</value>
<iter>
<var name="${i}">1</var>
<if>
<branch type="IF" condition="${wait_until_ready}">
<if>
<branch type="IF" condition="${only_contain}">
<kw name="Run Keyword And Ignore Error" library="BuiltIn">
<var>${wait_status}</var>
<arg>DobbyAppCommon.Wait until page contain element except stale</arg>
<arg>${locator}</arg>
<arg>${timeout}</arg>
<doc>Runs the given keyword with the given arguments and ignores possible error.</doc>
<status status="NOT RUN" starttime="20231002 12:34:41.162" endtime="20231002 12:34:41.163"/>
</kw>
<kw name="Convert To String" library="BuiltIn">
<var>${err_msg_wait}</var>
<arg>${wait_status[1]}</arg>
<doc>Converts the given item to a Unicode string.</doc>
<status status="NOT RUN" starttime="20231002 12:34:41.163" endtime="20231002 12:34:41.163"/>
</kw>
<status status="NOT RUN" starttime="20231002 12:34:41.162" endtime="20231002 12:34:41.163"/>
</branch>
<branch type="ELSE">
<kw name="Run Keyword And Ignore Error" library="BuiltIn">
<var>${wait_status}</var>
<arg>DobbyAppCommon.Wait until element is visible except stale</arg>
<arg>${locator}</arg>
<arg>${timeout}</arg>
<doc>Runs the given keyword with the given arguments and ignores possible error.</doc>
<kw name="Wait until element is visible except stale" library="DobbyAppCommon">
<arg>${locator}</arg>
<arg>${timeout}</arg>
<doc>Wait until element is visible except stale</doc>
<for flavor="IN RANGE">
<var>${i}</var>
<value>1</value>
<value>${max_attempts}</value>
<iter>
<var name="${i}">1</var>
<kw name="Run Keyword And Ignore Error" library="BuiltIn">
<var>${is_visible}</var>
<arg>AppiumLibrary.Wait until element is visible</arg>
<arg>${locator}</arg>
<arg>${timeout}</arg>
<doc>Runs the given keyword with the given arguments and ignores possible error.</doc>
<kw name="Wait Until Element Is Visible" library="AppiumLibrary">
<arg>${locator}</arg>
<arg>${timeout}</arg>
<doc>Waits until element specified with `locator` is visible.</doc>
<status status="PASS" starttime="20231002 12:34:41.166" endtime="20231002 12:34:42.066"/>
</kw>
<msg timestamp="20231002 12:34:42.067" level="INFO">${is_visible} = ('PASS', None)</msg>
<status status="PASS" starttime="20231002 12:34:41.165" endtime="20231002 12:34:42.067"/>
</kw>
<kw name="Convert To String" library="BuiltIn">
<var>${err_msg}</var>
<arg>${is_visible[1]}</arg>
<doc>Converts the given item to a Unicode string.</doc>
<msg timestamp="20231002 12:34:42.070" level="INFO">${err_msg} = None</msg>
<status status="PASS" starttime="20231002 12:34:42.068" endtime="20231002 12:34:42.070"/>
</kw>
<kw name="Run Keyword And Return Status" library="BuiltIn">
<var>${is_not_stale}</var>
<arg>Should not contain</arg>
<arg>${err_msg}</arg>
<arg>StaleElementReferenceException</arg>
<doc>Runs the given keyword with given arguments and returns the status as a Boolean value.</doc>
<kw name="Should Not Contain" library="BuiltIn">
<arg>${err_msg}</arg>
<arg>StaleElementReferenceException</arg>
<doc>Fails if ``container`` contains ``item`` one or more times.</doc>
<status status="PASS" starttime="20231002 12:34:42.071" endtime="20231002 12:34:42.071"/>
</kw>
<msg timestamp="20231002 12:34:42.072" level="INFO">${is_not_stale} = True</msg>
<status status="PASS" starttime="20231002 12:34:42.070" endtime="20231002 12:34:42.072"/>
</kw>
<kw name="Run Keyword And Return Status" library="BuiltIn">
<var>${no_err_msg}</var>
<arg>Should be equal</arg>
<arg>${is_visible[0]}</arg>
<arg>PASS</arg>
<arg>msg=${err_msg}</arg>
<doc>Runs the given keyword with given arguments and returns the status as a Boolean value.</doc>
<kw name="Should Be Equal" library="BuiltIn">
<arg>${is_visible[0]}</arg>
<arg>PASS</arg>
<arg>msg=${err_msg}</arg>
<doc>Fails if the given objects are unequal.</doc>
<status status="PASS" starttime="20231002 12:34:42.072" endtime="20231002 12:34:42.074"/>
</kw>
<msg timestamp="20231002 12:34:42.074" level="INFO">${no_err_msg} = True</msg>
<status status="PASS" starttime="20231002 12:34:42.072" endtime="20231002 12:34:42.074"/>
</kw>
<kw name="Evaluate" library="BuiltIn">
<var>${result}</var>
<arg>${is_not_stale} and ${no_err_msg}</arg>
<doc>Evaluates the given expression in Python and returns the result.</doc>
<msg timestamp="20231002 12:34:42.075" level="INFO">${result} = True</msg>
<status status="PASS" starttime="20231002 12:34:42.075" endtime="20231002 12:34:42.075"/>
</kw>
<kw name="Exit For Loop If" library="BuiltIn">
<arg>${result}</arg>
<doc>Stops executing the enclosing for loop if the ``condition`` is true.</doc>
<msg timestamp="20231002 12:34:42.076" level="INFO">Exiting for loop altogether.</msg>
<status status="PASS" starttime="20231002 12:34:42.076" endtime="20231002 12:34:42.076"/>
</kw>
<status status="PASS" starttime="20231002 12:34:41.165" endtime="20231002 12:34:42.077"/>
</iter>
<status status="PASS" starttime="20231002 12:34:41.165" endtime="20231002 12:34:42.077"/>
</for>
<kw name="Should Be True" library="BuiltIn">
<arg>${result}</arg>
<arg>msg="element either in stale mode or not visible, error message is ${err_msg}"</arg>
<doc>Fails if the given condition is not true.</doc>
<status status="PASS" starttime="20231002 12:34:42.077" endtime="20231002 12:34:42.078"/>
</kw>
<status status="PASS" starttime="20231002 12:34:41.164" endtime="20231002 12:34:42.078"/>
</kw>
<msg timestamp="20231002 12:34:42.078" level="INFO">${wait_status} = ('PASS', None)</msg>
<status status="PASS" starttime="20231002 12:34:41.164" endtime="20231002 12:34:42.078"/>
</kw>
<kw name="Convert To String" library="BuiltIn">
<var>${err_msg_wait}</var>
<arg>${wait_status[1]}</arg>
<doc>Converts the given item to a Unicode string.</doc>
<msg timestamp="20231002 12:34:42.080" level="INFO">${err_msg_wait} = None</msg>
<status status="PASS" starttime="20231002 12:34:42.079" endtime="20231002 12:34:42.080"/>
</kw>
<status status="PASS" starttime="20231002 12:34:41.163" endtime="20231002 12:34:42.080"/>
</branch>
<status status="PASS" starttime="20231002 12:34:41.162" endtime="20231002 12:34:42.080"/>
</if>
<status status="PASS" starttime="20231002 12:34:41.161" endtime="20231002 12:34:42.080"/>
</branch>
<branch type="ELSE">
<kw name="Set Variable" library="BuiltIn">
<var>${err_msg_wait}</var>
<arg>${EMPTY}</arg>
<doc>Returns the given values which can then be assigned to a variables.</doc>
<status status="NOT RUN" starttime="20231002 12:34:42.081" endtime="20231002 12:34:42.081"/>
</kw>
<status status="NOT RUN" starttime="20231002 12:34:42.081" endtime="20231002 12:34:42.081"/>
</branch>
<status status="PASS" starttime="20231002 12:34:41.161" endtime="20231002 12:34:42.081"/>
</if>
<kw name="Run Keyword And Ignore Error" library="BuiltIn">
<var>${tap_status}</var>
<arg>AppiumLibrary.Tap</arg>
<arg>${locator}</arg>
<doc>Runs the given keyword with the given arguments and ignores possible error.</doc>
<kw name="Tap" library="AppiumLibrary">
<arg>${locator}</arg>
<doc>Tap element identified by ``locator``. </doc>
<status status="PASS" starttime="20231002 12:34:42.082" endtime="20231002 12:34:42.479"/>
</kw>
<msg timestamp="20231002 12:34:42.480" level="INFO">${tap_status} = ('PASS', None)</msg>
<status status="PASS" starttime="20231002 12:34:42.082" endtime="20231002 12:34:42.480"/>
</kw>
<kw name="Convert To String" library="BuiltIn">
<var>${err_msg_tap}</var>
<arg>${tap_status[1]}</arg>
<doc>Converts the given item to a Unicode string.</doc>
<msg timestamp="20231002 12:34:42.483" level="INFO">${err_msg_tap} = None</msg>
<status status="PASS" starttime="20231002 12:34:42.481" endtime="20231002 12:34:42.483"/>
</kw>
<kw name="Evaluate" library="BuiltIn">
<var>${result}</var>
<arg>'${tap_status[0]}' == 'PASS'</arg>
<doc>Evaluates the given expression in Python and returns the result.</doc>
<msg timestamp="20231002 12:34:42.486" level="INFO">${result} = True</msg>
<status status="PASS" starttime="20231002 12:34:42.483" endtime="20231002 12:34:42.486"/>
</kw>
<kw name="Exit For Loop If" library="BuiltIn">
<arg>${result}</arg>
<doc>Stops executing the enclosing for loop if the ``condition`` is true.</doc>
<msg timestamp="20231002 12:34:42.487" level="INFO">Exiting for loop altogether.</msg>
<status status="PASS" starttime="20231002 12:34:42.487" endtime="20231002 12:34:42.487"/>
</kw>
<status status="PASS" starttime="20231002 12:34:41.161" endtime="20231002 12:34:42.488"/>
</iter>
<status status="PASS" starttime="20231002 12:34:41.161" endtime="20231002 12:34:42.488"/>
</for>
<kw name="Should Be True" library="BuiltIn">
<arg>${result}</arg>
<arg>msg='Unable to tap after ${${max_attempts}-1} attempts, with error ${err_msg_tap}, ${err_msg_wait},'</arg>
<doc>Fails if the given condition is not true.</doc>
<status status="PASS" starttime="20231002 12:34:42.488" endtime="20231002 12:34:42.490"/>
</kw>
<status status="PASS" starttime="20231002 12:34:41.160" endtime="20231002 12:34:42.490"/>
</kw>
<if>
<branch type="IF" condition="${clear}">
<kw name="Clear Text" library="AppiumLibrary">
<arg>${locator}</arg>
<doc>Clears the text field identified by `locator`.</doc>
<msg timestamp="20231002 12:34:42.493" level="INFO">Clear text field 'id=com.ebay.mobile:id/password_input_text'</msg>
<status status="PASS" starttime="20231002 12:34:42.491" endtime="20231002 12:34:43.512"/>
</kw>
<status status="PASS" starttime="20231002 12:34:42.490" endtime="20231002 12:34:43.512"/>
</branch>
<status status="PASS" starttime="20231002 12:34:42.490" endtime="20231002 12:34:43.513"/>
</if>
<kw name="Input Text" library="AppiumLibrary">
<arg>${locator}</arg>
<arg>${text}</arg>
<doc>Types the given `text` into text field identified by `locator`.</doc>
<msg timestamp="20231002 12:34:43.517" level="INFO">Typing text 'Shinemoon1!' into text field 'id=com.ebay.mobile:id/password_input_text'</msg>
<status status="PASS" starttime="20231002 12:34:43.514" endtime="20231002 12:34:45.072"/>
</kw>
<status status="PASS" starttime="20231002 12:34:41.159" endtime="20231002 12:34:45.073"/>
</kw>
<status status="PASS" starttime="20231002 12:34:41.158" endtime="20231002 12:34:45.073"/>
</kw>
<kw name="Click sign in button" library="login_page">
<kw name="Tap element when ready" library="DobbyAppCommon">
<arg>id=com.ebay.mobile:id/button_sign_in</arg>
<doc>There are 2 modes; the first one is to wait until element is ready then tap (this is a default).</doc>
<for flavor="IN RANGE">
<var>${i}</var>
<value>1</value>
<value>${max_attempts}</value>
<iter>
<var name="${i}">1</var>
<if>
<branch type="IF" condition="${wait_until_ready}">
<if>
<branch type="IF" condition="${only_contain}">
<kw name="Run Keyword And Ignore Error" library="BuiltIn">
<var>${wait_status}</var>
<arg>DobbyAppCommon.Wait until page contain element except stale</arg>
<arg>${locator}</arg>
<arg>${timeout}</arg>
<doc>Runs the given keyword with the given arguments and ignores possible error.</doc>
<status status="NOT RUN" starttime="20231002 12:34:45.078" endtime="20231002 12:34:45.078"/>
</kw>
<kw name="Convert To String" library="BuiltIn">
<var>${err_msg_wait}</var>
<arg>${wait_status[1]}</arg>
<doc>Converts the given item to a Unicode string.</doc>
<status status="NOT RUN" starttime="20231002 12:34:45.078" endtime="20231002 12:34:45.079"/>
</kw>
<status status="NOT RUN" starttime="20231002 12:34:45.077" endtime="20231002 12:34:45.079"/>
</branch>
<branch type="ELSE">
<kw name="Run Keyword And Ignore Error" library="BuiltIn">
<var>${wait_status}</var>
<arg>DobbyAppCommon.Wait until element is visible except stale</arg>
<arg>${locator}</arg>
<arg>${timeout}</arg>
<doc>Runs the given keyword with the given arguments and ignores possible error.</doc>
<kw name="Wait until element is visible except stale" library="DobbyAppCommon">
<arg>${locator}</arg>
<arg>${timeout}</arg>
<doc>Wait until element is visible except stale</doc>
<for flavor="IN RANGE">
<var>${i}</var>
<value>1</value>
<value>${max_attempts}</value>
<iter>
<var name="${i}">1</var>
<kw name="Run Keyword And Ignore Error" library="BuiltIn">
<var>${is_visible}</var>
<arg>AppiumLibrary.Wait until element is visible</arg>
<arg>${locator}</arg>
<arg>${timeout}</arg>
<doc>Runs the given keyword with the given arguments and ignores possible error.</doc>
<kw name="Wait Until Element Is Visible" library="AppiumLibrary">
<arg>${locator}</arg>
<arg>${timeout}</arg>
<doc>Waits until element specified with `locator` is visible.</doc>
<status status="PASS" starttime="20231002 12:34:45.082" endtime="20231002 12:34:45.872"/>
</kw>
<msg timestamp="20231002 12:34:45.872" level="INFO">${is_visible} = ('PASS', None)</msg>
<status status="PASS" starttime="20231002 12:34:45.081" endtime="20231002 12:34:45.872"/>
</kw>
<kw name="Convert To String" library="BuiltIn">
<var>${err_msg}</var>
<arg>${is_visible[1]}</arg>
<doc>Converts the given item to a Unicode string.</doc>
<msg timestamp="20231002 12:34:45.875" level="INFO">${err_msg} = None</msg>
<status status="PASS" starttime="20231002 12:34:45.873" endtime="20231002 12:34:45.875"/>
</kw>
<kw name="Run Keyword And Return Status" library="BuiltIn">
<var>${is_not_stale}</var>
<arg>Should not contain</arg>
<arg>${err_msg}</arg>
<arg>StaleElementReferenceException</arg>
<doc>Runs the given keyword with given arguments and returns the status as a Boolean value.</doc>
<kw name="Should Not Contain" library="BuiltIn">
<arg>${err_msg}</arg>
<arg>StaleElementReferenceException</arg>
<doc>Fails if ``container`` contains ``item`` one or more times.</doc>
<status status="PASS" starttime="20231002 12:34:45.876" endtime="20231002 12:34:45.876"/>
</kw>
<msg timestamp="20231002 12:34:45.876" level="INFO">${is_not_stale} = True</msg>
<status status="PASS" starttime="20231002 12:34:45.875" endtime="20231002 12:34:45.876"/>
</kw>
<kw name="Run Keyword And Return Status" library="BuiltIn">
<var>${no_err_msg}</var>
<arg>Should be equal</arg>
<arg>${is_visible[0]}</arg>
<arg>PASS</arg>
<arg>msg=${err_msg}</arg>
<doc>Runs the given keyword with given arguments and returns the status as a Boolean value.</doc>
<kw name="Should Be Equal" library="BuiltIn">
<arg>${is_visible[0]}</arg>
<arg>PASS</arg>
<arg>msg=${err_msg}</arg>
<doc>Fails if the given objects are unequal.</doc>
<status status="PASS" starttime="20231002 12:34:45.877" endtime="20231002 12:34:45.879"/>
</kw>
<msg timestamp="20231002 12:34:45.880" level="INFO">${no_err_msg} = True</msg>
<status status="PASS" starttime="20231002 12:34:45.877" endtime="20231002 12:34:45.880"/>
</kw>
<kw name="Evaluate" library="BuiltIn">
<var>${result}</var>
<arg>${is_not_stale} and ${no_err_msg}</arg>
<doc>Evaluates the given expression in Python and returns the result.</doc>
<msg timestamp="20231002 12:34:45.880" level="INFO">${result} = True</msg>
<status status="PASS" starttime="20231002 12:34:45.880" endtime="20231002 12:34:45.881"/>
</kw>
<kw name="Exit For Loop If" library="BuiltIn">
<arg>${result}</arg>
<doc>Stops executing the enclosing for loop if the ``condition`` is true.</doc>
<msg timestamp="20231002 12:34:45.881" level="INFO">Exiting for loop altogether.</msg>
<status status="PASS" starttime="20231002 12:34:45.881" endtime="20231002 12:34:45.882"/>
</kw>
<status status="PASS" starttime="20231002 12:34:45.081" endtime="20231002 12:34:45.882"/>
</iter>
<status status="PASS" starttime="20231002 12:34:45.080" endtime="20231002 12:34:45.882"/>
</for>
<kw name="Should Be True" library="BuiltIn">
<arg>${result}</arg>
<arg>msg="element either in stale mode or not visible, error message is ${err_msg}"</arg>
<doc>Fails if the given condition is not true.</doc>
<status status="PASS" starttime="20231002 12:34:45.882" endtime="20231002 12:34:45.883"/>
</kw>
<status status="PASS" starttime="20231002 12:34:45.080" endtime="20231002 12:34:45.883"/>
</kw>
<msg timestamp="20231002 12:34:45.883" level="INFO">${wait_status} = ('PASS', None)</msg>
<status status="PASS" starttime="20231002 12:34:45.079" endtime="20231002 12:34:45.883"/>
</kw>
<kw name="Convert To String" library="BuiltIn">
<var>${err_msg_wait}</var>
<arg>${wait_status[1]}</arg>
<doc>Converts the given item to a Unicode string.</doc>
<msg timestamp="20231002 12:34:45.884" level="INFO">${err_msg_wait} = None</msg>
<status status="PASS" starttime="20231002 12:34:45.883" endtime="20231002 12:34:45.884"/>
</kw>
<status status="PASS" starttime="20231002 12:34:45.079" endtime="20231002 12:34:45.885"/>
</branch>
<status status="PASS" starttime="20231002 12:34:45.077" endtime="20231002 12:34:45.885"/>
</if>
<status status="PASS" starttime="20231002 12:34:45.077" endtime="20231002 12:34:45.885"/>
</branch>
<branch type="ELSE">
<kw name="Set Variable" library="BuiltIn">
<var>${err_msg_wait}</var>
<arg>${EMPTY}</arg>
<doc>Returns the given values which can then be assigned to a variables.</doc>
<status status="NOT RUN" starttime="20231002 12:34:45.885" endtime="20231002 12:34:45.885"/>
</kw>
<status status="NOT RUN" starttime="20231002 12:34:45.885" endtime="20231002 12:34:45.885"/>
</branch>
<status status="PASS" starttime="20231002 12:34:45.077" endtime="20231002 12:34:45.886"/>
</if>
<kw name="Run Keyword And Ignore Error" library="BuiltIn">
<var>${tap_status}</var>
<arg>AppiumLibrary.Tap</arg>
<arg>${locator}</arg>
<doc>Runs the given keyword with the given arguments and ignores possible error.</doc>
<kw name="Tap" library="AppiumLibrary">
<arg>${locator}</arg>
<doc>Tap element identified by ``locator``. </doc>
<status status="PASS" starttime="20231002 12:34:45.886" endtime="20231002 12:34:46.271"/>
</kw>
<msg timestamp="20231002 12:34:46.271" level="INFO">${tap_status} = ('PASS', None)</msg>
<status status="PASS" starttime="20231002 12:34:45.886" endtime="20231002 12:34:46.271"/>
</kw>
<kw name="Convert To String" library="BuiltIn">
<var>${err_msg_tap}</var>
<arg>${tap_status[1]}</arg>
<doc>Converts the given item to a Unicode string.</doc>
<msg timestamp="20231002 12:34:46.275" level="INFO">${err_msg_tap} = None</msg>
<status status="PASS" starttime="20231002 12:34:46.272" endtime="20231002 12:34:46.275"/>
</kw>
<kw name="Evaluate" library="BuiltIn">
<var>${result}</var>
<arg>'${tap_status[0]}' == 'PASS'</arg>
<doc>Evaluates the given expression in Python and returns the result.</doc>
<msg timestamp="20231002 12:34:46.277" level="INFO">${result} = True</msg>
<status status="PASS" starttime="20231002 12:34:46.275" endtime="20231002 12:34:46.277"/>
</kw>
<kw name="Exit For Loop If" library="BuiltIn">
<arg>${result}</arg>
<doc>Stops executing the enclosing for loop if the ``condition`` is true.</doc>
<msg timestamp="20231002 12:34:46.278" level="INFO">Exiting for loop altogether.</msg>
<status status="PASS" starttime="20231002 12:34:46.277" endtime="20231002 12:34:46.278"/>
</kw>
<status status="PASS" starttime="20231002 12:34:45.076" endtime="20231002 12:34:46.279"/>
</iter>
<status status="PASS" starttime="20231002 12:34:45.075" endtime="20231002 12:34:46.279"/>
</for>
<kw name="Should Be True" library="BuiltIn">
<arg>${result}</arg>
<arg>msg='Unable to tap after ${${max_attempts}-1} attempts, with error ${err_msg_tap}, ${err_msg_wait},'</arg>
<doc>Fails if the given condition is not true.</doc>
<status status="PASS" starttime="20231002 12:34:46.279" endtime="20231002 12:34:46.281"/>
</kw>
<status status="PASS" starttime="20231002 12:34:45.074" endtime="20231002 12:34:46.281"/>
</kw>
<status status="PASS" starttime="20231002 12:34:45.074" endtime="20231002 12:34:46.282"/>
</kw>
<status status="PASS" starttime="20231002 12:34:30.083" endtime="20231002 12:34:46.282"/>
</kw>
<kw name="Search and verify results is corresponded with search keyword" library="search_feature">
<arg>Cola</arg>
<kw name="Click search bar" library="home_page">
<kw name="Tap element when ready" library="DobbyAppCommon">
<arg>id=com.ebay.mobile:id/search_box</arg>
<doc>There are 2 modes; the first one is to wait until element is ready then tap (this is a default).</doc>
<for flavor="IN RANGE">
<var>${i}</var>
<value>1</value>
<value>${max_attempts}</value>
<iter>
<var name="${i}">1</var>
<if>
<branch type="IF" condition="${wait_until_ready}">
<if>
<branch type="IF" condition="${only_contain}">
<kw name="Run Keyword And Ignore Error" library="BuiltIn">
<var>${wait_status}</var>
<arg>DobbyAppCommon.Wait until page contain element except stale</arg>
<arg>${locator}</arg>
<arg>${timeout}</arg>
<doc>Runs the given keyword with the given arguments and ignores possible error.</doc>
<status status="NOT RUN" starttime="20231002 12:34:46.285" endtime="20231002 12:34:46.285"/>
</kw>
<kw name="Convert To String" library="BuiltIn">
<var>${err_msg_wait}</var>
<arg>${wait_status[1]}</arg>
<doc>Converts the given item to a Unicode string.</doc>
<status status="NOT RUN" starttime="20231002 12:34:46.286" endtime="20231002 12:34:46.286"/>
</kw>
<status status="NOT RUN" starttime="20231002 12:34:46.285" endtime="20231002 12:34:46.286"/>
</branch>
<branch type="ELSE">
<kw name="Run Keyword And Ignore Error" library="BuiltIn">
<var>${wait_status}</var>
<arg>DobbyAppCommon.Wait until element is visible except stale</arg>
<arg>${locator}</arg>
<arg>${timeout}</arg>
<doc>Runs the given keyword with the given arguments and ignores possible error.</doc>
<kw name="Wait until element is visible except stale" library="DobbyAppCommon">
<arg>${locator}</arg>
<arg>${timeout}</arg>
<doc>Wait until element is visible except stale</doc>
<for flavor="IN RANGE">
<var>${i}</var>
<value>1</value>
<value>${max_attempts}</value>
<iter>
<var name="${i}">1</var>
<kw name="Run Keyword And Ignore Error" library="BuiltIn">
<var>${is_visible}</var>
<arg>AppiumLibrary.Wait until element is visible</arg>
<arg>${locator}</arg>
<arg>${timeout}</arg>
<doc>Runs the given keyword with the given arguments and ignores possible error.</doc>
<kw name="Wait Until Element Is Visible" library="AppiumLibrary">
<arg>${locator}</arg>
<arg>${timeout}</arg>
<doc>Waits until element specified with `locator` is visible.</doc>
<status status="PASS" starttime="20231002 12:34:46.288" endtime="20231002 12:34:53.784"/>
</kw>
<msg timestamp="20231002 12:34:53.785" level="INFO">${is_visible} = ('PASS', None)</msg>
<status status="PASS" starttime="20231002 12:34:46.288" endtime="20231002 12:34:53.785"/>
</kw>
<kw name="Convert To String" library="BuiltIn">
<var>${err_msg}</var>
<arg>${is_visible[1]}</arg>
<doc>Converts the given item to a Unicode string.</doc>
<msg timestamp="20231002 12:34:53.789" level="INFO">${err_msg} = None</msg>
<status status="PASS" starttime="20231002 12:34:53.786" endtime="20231002 12:34:53.789"/>
</kw>
<kw name="Run Keyword And Return Status" library="BuiltIn">
<var>${is_not_stale}</var>
<arg>Should not contain</arg>
<arg>${err_msg}</arg>
<arg>StaleElementReferenceException</arg>
<doc>Runs the given keyword with given arguments and returns the status as a Boolean value.</doc>
<kw name="Should Not Contain" library="BuiltIn">
<arg>${err_msg}</arg>
<arg>StaleElementReferenceException</arg>
<doc>Fails if ``container`` contains ``item`` one or more times.</doc>
<status status="PASS" starttime="20231002 12:34:53.790" endtime="20231002 12:34:53.790"/>
</kw>
<msg timestamp="20231002 12:34:53.790" level="INFO">${is_not_stale} = True</msg>
<status status="PASS" starttime="20231002 12:34:53.789" endtime="20231002 12:34:53.790"/>
</kw>
<kw name="Run Keyword And Return Status" library="BuiltIn">
<var>${no_err_msg}</var>
<arg>Should be equal</arg>
<arg>${is_visible[0]}</arg>
<arg>PASS</arg>
<arg>msg=${err_msg}</arg>
<doc>Runs the given keyword with given arguments and returns the status as a Boolean value.</doc>
<kw name="Should Be Equal" library="BuiltIn">
<arg>${is_visible[0]}</arg>
<arg>PASS</arg>
<arg>msg=${err_msg}</arg>
<doc>Fails if the given objects are unequal.</doc>
<status status="PASS" starttime="20231002 12:34:53.791" endtime="20231002 12:34:53.793"/>
</kw>
<msg timestamp="20231002 12:34:53.793" level="INFO">${no_err_msg} = True</msg>
<status status="PASS" starttime="20231002 12:34:53.791" endtime="20231002 12:34:53.793"/>
</kw>
<kw name="Evaluate" library="BuiltIn">
<var>${result}</var>
<arg>${is_not_stale} and ${no_err_msg}</arg>
<doc>Evaluates the given expression in Python and returns the result.</doc>
<msg timestamp="20231002 12:34:53.794" level="INFO">${result} = True</msg>
<status status="PASS" starttime="20231002 12:34:53.794" endtime="20231002 12:34:53.794"/>
</kw>
<kw name="Exit For Loop If" library="BuiltIn">
<arg>${result}</arg>
<doc>Stops executing the enclosing for loop if the ``condition`` is true.</doc>
<msg timestamp="20231002 12:34:53.795" level="INFO">Exiting for loop altogether.</msg>
<status status="PASS" starttime="20231002 12:34:53.795" endtime="20231002 12:34:53.796"/>
</kw>
<status status="PASS" starttime="20231002 12:34:46.287" endtime="20231002 12:34:53.796"/>
</iter>
<status status="PASS" starttime="20231002 12:34:46.287" endtime="20231002 12:34:53.796"/>
</for>
<kw name="Should Be True" library="BuiltIn">
<arg>${result}</arg>
<arg>msg="element either in stale mode or not visible, error message is ${err_msg}"</arg>
<doc>Fails if the given condition is not true.</doc>
<status status="PASS" starttime="20231002 12:34:53.796" endtime="20231002 12:34:53.797"/>
</kw>
<status status="PASS" starttime="20231002 12:34:46.287" endtime="20231002 12:34:53.797"/>
</kw>
<msg timestamp="20231002 12:34:53.797" level="INFO">${wait_status} = ('PASS', None)</msg>
<status status="PASS" starttime="20231002 12:34:46.286" endtime="20231002 12:34:53.797"/>
</kw>
<kw name="Convert To String" library="BuiltIn">
<var>${err_msg_wait}</var>
<arg>${wait_status[1]}</arg>
<doc>Converts the given item to a Unicode string.</doc>
<msg timestamp="20231002 12:34:53.799" level="INFO">${err_msg_wait} = None</msg>
<status status="PASS" starttime="20231002 12:34:53.798" endtime="20231002 12:34:53.799"/>
</kw>
<status status="PASS" starttime="20231002 12:34:46.286" endtime="20231002 12:34:53.799"/>
</branch>
<status status="PASS" starttime="20231002 12:34:46.285" endtime="20231002 12:34:53.799"/>
</if>
<status status="PASS" starttime="20231002 12:34:46.285" endtime="20231002 12:34:53.799"/>
</branch>
<branch type="ELSE">
<kw name="Set Variable" library="BuiltIn">
<var>${err_msg_wait}</var>
<arg>${EMPTY}</arg>
<doc>Returns the given values which can then be assigned to a variables.</doc>
<status status="NOT RUN" starttime="20231002 12:34:53.800" endtime="20231002 12:34:53.800"/>
</kw>
<status status="NOT RUN" starttime="20231002 12:34:53.799" endtime="20231002 12:34:53.800"/>
</branch>
<status status="PASS" starttime="20231002 12:34:46.284" endtime="20231002 12:34:53.800"/>
</if>
<kw name="Run Keyword And Ignore Error" library="BuiltIn">
<var>${tap_status}</var>
<arg>AppiumLibrary.Tap</arg>
<arg>${locator}</arg>
<doc>Runs the given keyword with the given arguments and ignores possible error.</doc>
<kw name="Tap" library="AppiumLibrary">
<arg>${locator}</arg>
<doc>Tap element identified by ``locator``. </doc>
<status status="PASS" starttime="20231002 12:34:53.801" endtime="20231002 12:34:54.242"/>
</kw>
<msg timestamp="20231002 12:34:54.243" level="INFO">${tap_status} = ('PASS', None)</msg>
<status status="PASS" starttime="20231002 12:34:53.800" endtime="20231002 12:34:54.243"/>
</kw>
<kw name="Convert To String" library="BuiltIn">
<var>${err_msg_tap}</var>
<arg>${tap_status[1]}</arg>
<doc>Converts the given item to a Unicode string.</doc>
<msg timestamp="20231002 12:34:54.246" level="INFO">${err_msg_tap} = None</msg>
<status status="PASS" starttime="20231002 12:34:54.244" endtime="20231002 12:34:54.246"/>
</kw>
<kw name="Evaluate" library="BuiltIn">
<var>${result}</var>
<arg>'${tap_status[0]}' == 'PASS'</arg>
<doc>Evaluates the given expression in Python and returns the result.</doc>
<msg timestamp="20231002 12:34:54.249" level="INFO">${result} = True</msg>
<status status="PASS" starttime="20231002 12:34:54.247" endtime="20231002 12:34:54.249"/>
</kw>
<kw name="Exit For Loop If" library="BuiltIn">
<arg>${result}</arg>
<doc>Stops executing the enclosing for loop if the ``condition`` is true.</doc>
<msg timestamp="20231002 12:34:54.250" level="INFO">Exiting for loop altogether.</msg>
<status status="PASS" starttime="20231002 12:34:54.249" endtime="20231002 12:34:54.250"/>
</kw>
<status status="PASS" starttime="20231002 12:34:46.284" endtime="20231002 12:34:54.250"/>
</iter>
<status status="PASS" starttime="20231002 12:34:46.284" endtime="20231002 12:34:54.251"/>
</for>
<kw name="Should Be True" library="BuiltIn">
<arg>${result}</arg>
<arg>msg='Unable to tap after ${${max_attempts}-1} attempts, with error ${err_msg_tap}, ${err_msg_wait},'</arg>
<doc>Fails if the given condition is not true.</doc>
<status status="PASS" starttime="20231002 12:34:54.251" endtime="20231002 12:34:54.253"/>
</kw>
<status status="PASS" starttime="20231002 12:34:46.283" endtime="20231002 12:34:54.253"/>
</kw>
<status status="PASS" starttime="20231002 12:34:46.283" endtime="20231002 12:34:54.253"/>
</kw>
<kw name="Input search keywords" library="home_page">
<arg>${search_keywords}</arg>
<kw name="Input text to element when ready" library="DobbyAppCommon">
<arg>id=com.ebay.mobile:id/search_src_text</arg>
<arg>${search_keywords}</arg>
<doc>There are 2 modes; the first one is to wait until element is ready then tap (this is a default).</doc>
<kw name="Tap element when ready" library="DobbyAppCommon">
<arg>${locator}</arg>
<arg>timeout=${timeout}</arg>
<arg>wait_until_ready=${wait_until_ready}</arg>
<arg>max_attempts=${max_attempts}</arg>
<doc>There are 2 modes; the first one is to wait until element is ready then tap (this is a default).</doc>
<for flavor="IN RANGE">
<var>${i}</var>
<value>1</value>
<value>${max_attempts}</value>
<iter>
<var name="${i}">1</var>
<if>
<branch type="IF" condition="${wait_until_ready}">
<if>
<branch type="IF" condition="${only_contain}">
<kw name="Run Keyword And Ignore Error" library="BuiltIn">
<var>${wait_status}</var>
<arg>DobbyAppCommon.Wait until page contain element except stale</arg>
<arg>${locator}</arg>
<arg>${timeout}</arg>
<doc>Runs the given keyword with the given arguments and ignores possible error.</doc>
<status status="NOT RUN" starttime="20231002 12:34:54.257" endtime="20231002 12:34:54.257"/>
</kw>
<kw name="Convert To String" library="BuiltIn">
<var>${err_msg_wait}</var>
<arg>${wait_status[1]}</arg>
<doc>Converts the given item to a Unicode string.</doc>
<status status="NOT RUN" starttime="20231002 12:34:54.257" endtime="20231002 12:34:54.257"/>
</kw>
<status status="NOT RUN" starttime="20231002 12:34:54.256" endtime="20231002 12:34:54.257"/>
</branch>
<branch type="ELSE">
<kw name="Run Keyword And Ignore Error" library="BuiltIn">
<var>${wait_status}</var>
<arg>DobbyAppCommon.Wait until element is visible except stale</arg>
<arg>${locator}</arg>
<arg>${timeout}</arg>
<doc>Runs the given keyword with the given arguments and ignores possible error.</doc>
<kw name="Wait until element is visible except stale" library="DobbyAppCommon">
<arg>${locator}</arg>
<arg>${timeout}</arg>
<doc>Wait until element is visible except stale</doc>
<for flavor="IN RANGE">
<var>${i}</var>
<value>1</value>
<value>${max_attempts}</value>
<iter>
<var name="${i}">1</var>
<kw name="Run Keyword And Ignore Error" library="BuiltIn">
<var>${is_visible}</var>
<arg>AppiumLibrary.Wait until element is visible</arg>
<arg>${locator}</arg>
<arg>${timeout}</arg>
<doc>Runs the given keyword with the given arguments and ignores possible error.</doc>
<kw name="Wait Until Element Is Visible" library="AppiumLibrary">
<arg>${locator}</arg>
<arg>${timeout}</arg>
<doc>Waits until element specified with `locator` is visible.</doc>
<status status="PASS" starttime="20231002 12:34:54.259" endtime="20231002 12:34:55.814"/>
</kw>
<msg timestamp="20231002 12:34:55.815" level="INFO">${is_visible} = ('PASS', None)</msg>
<status status="PASS" starttime="20231002 12:34:54.259" endtime="20231002 12:34:55.815"/>
</kw>
<kw name="Convert To String" library="BuiltIn">
<var>${err_msg}</var>
<arg>${is_visible[1]}</arg>
<doc>Converts the given item to a Unicode string.</doc>
<msg timestamp="20231002 12:34:55.818" level="INFO">${err_msg} = None</msg>
<status status="PASS" starttime="20231002 12:34:55.816" endtime="20231002 12:34:55.818"/>
</kw>
<kw name="Run Keyword And Return Status" library="BuiltIn">
<var>${is_not_stale}</var>
<arg>Should not contain</arg>
<arg>${err_msg}</arg>
<arg>StaleElementReferenceException</arg>
<doc>Runs the given keyword with given arguments and returns the status as a Boolean value.</doc>
<kw name="Should Not Contain" library="BuiltIn">
<arg>${err_msg}</arg>
<arg>StaleElementReferenceException</arg>
<doc>Fails if ``container`` contains ``item`` one or more times.</doc>
<status status="PASS" starttime="20231002 12:34:55.819" endtime="20231002 12:34:55.820"/>
</kw>
<msg timestamp="20231002 12:34:55.820" level="INFO">${is_not_stale} = True</msg>
<status status="PASS" starttime="20231002 12:34:55.819" endtime="20231002 12:34:55.820"/>
</kw>
<kw name="Run Keyword And Return Status" library="BuiltIn">
<var>${no_err_msg}</var>
<arg>Should be equal</arg>
<arg>${is_visible[0]}</arg>
<arg>PASS</arg>
<arg>msg=${err_msg}</arg>
<doc>Runs the given keyword with given arguments and returns the status as a Boolean value.</doc>
<kw name="Should Be Equal" library="BuiltIn">
<arg>${is_visible[0]}</arg>
<arg>PASS</arg>
<arg>msg=${err_msg}</arg>
<doc>Fails if the given objects are unequal.</doc>
<status status="PASS" starttime="20231002 12:34:55.821" endtime="20231002 12:34:55.823"/>
</kw>
<msg timestamp="20231002 12:34:55.823" level="INFO">${no_err_msg} = True</msg>
<status status="PASS" starttime="20231002 12:34:55.820" endtime="20231002 12:34:55.823"/>
</kw>
<kw name="Evaluate" library="BuiltIn">
<var>${result}</var>
<arg>${is_not_stale} and ${no_err_msg}</arg>
<doc>Evaluates the given expression in Python and returns the result.</doc>
<msg timestamp="20231002 12:34:55.824" level="INFO">${result} = True</msg>
<status status="PASS" starttime="20231002 12:34:55.824" endtime="20231002 12:34:55.824"/>
</kw>
<kw name="Exit For Loop If" library="BuiltIn">
<arg>${result}</arg>
<doc>Stops executing the enclosing for loop if the ``condition`` is true.</doc>
<msg timestamp="20231002 12:34:55.825" level="INFO">Exiting for loop altogether.</msg>
<status status="PASS" starttime="20231002 12:34:55.824" endtime="20231002 12:34:55.825"/>
</kw>
<status status="PASS" starttime="20231002 12:34:54.259" endtime="20231002 12:34:55.825"/>
</iter>
<status status="PASS" starttime="20231002 12:34:54.258" endtime="20231002 12:34:55.825"/>
</for>
<kw name="Should Be True" library="BuiltIn">
<arg>${result}</arg>
<arg>msg="element either in stale mode or not visible, error message is ${err_msg}"</arg>
<doc>Fails if the given condition is not true.</doc>
<status status="PASS" starttime="20231002 12:34:55.826" endtime="20231002 12:34:55.826"/>
</kw>
<status status="PASS" starttime="20231002 12:34:54.258" endtime="20231002 12:34:55.826"/>
</kw>
<msg timestamp="20231002 12:34:55.827" level="INFO">${wait_status} = ('PASS', None)</msg>
<status status="PASS" starttime="20231002 12:34:54.258" endtime="20231002 12:34:55.827"/>
</kw>
<kw name="Convert To String" library="BuiltIn">
<var>${err_msg_wait}</var>
<arg>${wait_status[1]}</arg>
<doc>Converts the given item to a Unicode string.</doc>
<msg timestamp="20231002 12:34:55.828" level="INFO">${err_msg_wait} = None</msg>
<status status="PASS" starttime="20231002 12:34:55.827" endtime="20231002 12:34:55.828"/>
</kw>
<status status="PASS" starttime="20231002 12:34:54.258" endtime="20231002 12:34:55.828"/>
</branch>
<status status="PASS" starttime="20231002 12:34:54.256" endtime="20231002 12:34:55.829"/>
</if>
<status status="PASS" starttime="20231002 12:34:54.256" endtime="20231002 12:34:55.829"/>
</branch>
<branch type="ELSE">
<kw name="Set Variable" library="BuiltIn">
<var>${err_msg_wait}</var>
<arg>${EMPTY}</arg>
<doc>Returns the given values which can then be assigned to a variables.</doc>
<status status="NOT RUN" starttime="20231002 12:34:55.829" endtime="20231002 12:34:55.829"/>
</kw>
<status status="NOT RUN" starttime="20231002 12:34:55.829" endtime="20231002 12:34:55.829"/>
</branch>
<status status="PASS" starttime="20231002 12:34:54.256" endtime="20231002 12:34:55.830"/>
</if>
<kw name="Run Keyword And Ignore Error" library="BuiltIn">
<var>${tap_status}</var>
<arg>AppiumLibrary.Tap</arg>
<arg>${locator}</arg>
<doc>Runs the given keyword with the given arguments and ignores possible error.</doc>
<kw name="Tap" library="AppiumLibrary">
<arg>${locator}</arg>
<doc>Tap element identified by ``locator``. </doc>
<status status="PASS" starttime="20231002 12:34:55.830" endtime="20231002 12:34:57.134"/>
</kw>
[...]
<doc>Evaluates the given expression in Python and returns the result.</doc>
<msg timestamp="20231002 12:36:20.673" level="INFO">${result} = True</msg>
<status status="PASS" starttime="20231002 12:36:20.672" endtime="20231002 12:36:20.673"/>
</kw>
<kw name="Exit For Loop If" library="BuiltIn">
<arg>${result}</arg>
<doc>Stops executing the enclosing for loop if the ``condition`` is true.</doc>
<msg timestamp="20231002 12:36:20.673" level="INFO">Exiting for loop altogether.</msg>
<status status="PASS" starttime="20231002 12:36:20.673" endtime="20231002 12:36:20.674"/>
</kw>
<status status="PASS" starttime="20231002 12:36:20.540" endtime="20231002 12:36:20.674"/>
</iter>
<status status="PASS" starttime="20231002 12:36:20.540" endtime="20231002 12:36:20.674"/>
</for>
<kw name="Should Be True" library="BuiltIn">
<arg>${result}</arg>
<arg>msg="element either in stale mode or not visible, error message is ${err_msg}"</arg>
<doc>Fails if the given condition is not true.</doc>
<status status="PASS" starttime="20231002 12:36:20.675" endtime="20231002 12:36:20.675"/>
</kw>
<status status="PASS" starttime="20231002 12:36:20.539" endtime="20231002 12:36:20.675"/>
</kw>
<msg timestamp="20231002 12:36:20.676" level="INFO">${wait_status} = ('PASS', None)</msg>
<status status="PASS" starttime="20231002 12:36:20.538" endtime="20231002 12:36:20.676"/>
</kw>
<kw name="Convert To String" library="BuiltIn">
<var>${err_msg_wait}</var>
<arg>${wait_status[1]}</arg>
<doc>Converts the given item to a Unicode string.</doc>
<msg timestamp="20231002 12:36:20.677" level="INFO">${err_msg_wait} = None</msg>
<status status="PASS" starttime="20231002 12:36:20.676" endtime="20231002 12:36:20.678"/>
</kw>
<status status="PASS" starttime="20231002 12:36:20.538" endtime="20231002 12:36:20.678"/>
</branch>
<status status="PASS" starttime="20231002 12:36:20.536" endtime="20231002 12:36:20.678"/>
</if>
<status status="PASS" starttime="20231002 12:36:20.536" endtime="20231002 12:36:20.678"/>
</branch>
<branch type="ELSE">
<kw name="Set Variable" library="BuiltIn">
<var>${err_msg_wait}</var>
<arg>${EMPTY}</arg>
<doc>Returns the given values which can then be assigned to a variables.</doc>
<status status="NOT RUN" starttime="20231002 12:36:20.679" endtime="20231002 12:36:20.679"/>
</kw>
<status status="NOT RUN" starttime="20231002 12:36:20.678" endtime="20231002 12:36:20.679"/>
</branch>
<status status="PASS" starttime="20231002 12:36:20.536" endtime="20231002 12:36:20.679"/>
</if>
<kw name="Run Keyword And Ignore Error" library="BuiltIn">
<var>${tap_status}</var>
<arg>AppiumLibrary.Tap</arg>
<arg>${locator}</arg>
<doc>Runs the given keyword with the given arguments and ignores possible error.</doc>
<kw name="Tap" library="AppiumLibrary">
<arg>${locator}</arg>
<doc>Tap element identified by ``locator``. </doc>
<status status="PASS" starttime="20231002 12:36:20.680" endtime="20231002 12:36:21.015"/>
</kw>
<msg timestamp="20231002 12:36:21.016" level="INFO">${tap_status} = ('PASS', None)</msg>
<status status="PASS" starttime="20231002 12:36:20.679" endtime="20231002 12:36:21.016"/>
</kw>
<kw name="Convert To String" library="BuiltIn">
<var>${err_msg_tap}</var>
<arg>${tap_status[1]}</arg>
<doc>Converts the given item to a Unicode string.</doc>
<msg timestamp="20231002 12:36:21.020" level="INFO">${err_msg_tap} = None</msg>
<status status="PASS" starttime="20231002 12:36:21.017" endtime="20231002 12:36:21.020"/>
</kw>
<kw name="Evaluate" library="BuiltIn">
<var>${result}</var>
<arg>'${tap_status[0]}' == 'PASS'</arg>
<doc>Evaluates the given expression in Python and returns the result.</doc>
<msg timestamp="20231002 12:36:21.024" level="INFO">${result} = True</msg>
<status status="PASS" starttime="20231002 12:36:21.021" endtime="20231002 12:36:21.024"/>
</kw>
<kw name="Exit For Loop If" library="BuiltIn">
<arg>${result}</arg>
<doc>Stops executing the enclosing for loop if the ``condition`` is true.</doc>
<msg timestamp="20231002 12:36:21.025" level="INFO">Exiting for loop altogether.</msg>
<status status="PASS" starttime="20231002 12:36:21.025" endtime="20231002 12:36:21.026"/>
</kw>
<status status="PASS" starttime="20231002 12:36:20.535" endtime="20231002 12:36:21.026"/>
</iter>
<status status="PASS" starttime="20231002 12:36:20.535" endtime="20231002 12:36:21.027"/>
</for>
<kw name="Should Be True" library="BuiltIn">
<arg>${result}</arg>
<arg>msg='Unable to tap after ${${max_attempts}-1} attempts, with error ${err_msg_tap}, ${err_msg_wait},'</arg>
<doc>Fails if the given condition is not true.</doc>
<status status="PASS" starttime="20231002 12:36:21.027" endtime="20231002 12:36:21.030"/>
</kw>
<status status="PASS" starttime="20231002 12:36:20.534" endtime="20231002 12:36:21.030"/>
</kw>
<status status="PASS" starttime="20231002 12:35:54.783" endtime="20231002 12:36:21.031"/>
</kw>
<status status="PASS" starttime="20231002 12:35:54.783" endtime="20231002 12:36:21.031"/>
</kw>
<kw name="Click sign out button" library="home_page">
<kw name="Tap element when ready" library="DobbyAppCommon">
<arg>xpath=//android.widget.TextView[@text="Sign out"]</arg>
<doc>There are 2 modes; the first one is to wait until element is ready then tap (this is a default).</doc>
<for flavor="IN RANGE">
<var>${i}</var>
<value>1</value>
<value>${max_attempts}</value>
<iter>
<var name="${i}">1</var>
<if>
<branch type="IF" condition="${wait_until_ready}">
<if>
<branch type="IF" condition="${only_contain}">
<kw name="Run Keyword And Ignore Error" library="BuiltIn">
<var>${wait_status}</var>
<arg>DobbyAppCommon.Wait until page contain element except stale</arg>
<arg>${locator}</arg>
<arg>${timeout}</arg>
<doc>Runs the given keyword with the given arguments and ignores possible error.</doc>
<status status="NOT RUN" starttime="20231002 12:36:21.035" endtime="20231002 12:36:21.035"/>
</kw>
<kw name="Convert To String" library="BuiltIn">
<var>${err_msg_wait}</var>
<arg>${wait_status[1]}</arg>
<doc>Converts the given item to a Unicode string.</doc>
<status status="NOT RUN" starttime="20231002 12:36:21.035" endtime="20231002 12:36:21.036"/>
</kw>
<status status="NOT RUN" starttime="20231002 12:36:21.034" endtime="20231002 12:36:21.036"/>
</branch>
<branch type="ELSE">
<kw name="Run Keyword And Ignore Error" library="BuiltIn">
<var>${wait_status}</var>
<arg>DobbyAppCommon.Wait until element is visible except stale</arg>
<arg>${locator}</arg>
<arg>${timeout}</arg>
<doc>Runs the given keyword with the given arguments and ignores possible error.</doc>
<kw name="Wait until element is visible except stale" library="DobbyAppCommon">
<arg>${locator}</arg>
<arg>${timeout}</arg>
<doc>Wait until element is visible except stale</doc>
<for flavor="IN RANGE">
<var>${i}</var>
<value>1</value>
<value>${max_attempts}</value>
<iter>
<var name="${i}">1</var>
<kw name="Run Keyword And Ignore Error" library="BuiltIn">
<var>${is_visible}</var>
<arg>AppiumLibrary.Wait until element is visible</arg>
<arg>${locator}</arg>
<arg>${timeout}</arg>
<doc>Runs the given keyword with the given arguments and ignores possible error.</doc>
<kw name="Wait Until Element Is Visible" library="AppiumLibrary">
<arg>${locator}</arg>
<arg>${timeout}</arg>
<doc>Waits until element specified with `locator` is visible.</doc>
<status status="PASS" starttime="20231002 12:36:21.040" endtime="20231002 12:36:22.967"/>
</kw>
<msg timestamp="20231002 12:36:22.967" level="INFO">${is_visible} = ('PASS', None)</msg>
<status status="PASS" starttime="20231002 12:36:21.039" endtime="20231002 12:36:22.968"/>
</kw>
<kw name="Convert To String" library="BuiltIn">
<var>${err_msg}</var>
<arg>${is_visible[1]}</arg>
<doc>Converts the given item to a Unicode string.</doc>
<msg timestamp="20231002 12:36:22.971" level="INFO">${err_msg} = None</msg>
<status status="PASS" starttime="20231002 12:36:22.969" endtime="20231002 12:36:22.971"/>
</kw>
<kw name="Run Keyword And Return Status" library="BuiltIn">
<var>${is_not_stale}</var>
<arg>Should not contain</arg>
<arg>${err_msg}</arg>
<arg>StaleElementReferenceException</arg>
<doc>Runs the given keyword with given arguments and returns the status as a Boolean value.</doc>
<kw name="Should Not Contain" library="BuiltIn">
<arg>${err_msg}</arg>
<arg>StaleElementReferenceException</arg>
<doc>Fails if ``container`` contains ``item`` one or more times.</doc>
<status status="PASS" starttime="20231002 12:36:22.973" endtime="20231002 12:36:22.973"/>
</kw>
<msg timestamp="20231002 12:36:22.974" level="INFO">${is_not_stale} = True</msg>
<status status="PASS" starttime="20231002 12:36:22.972" endtime="20231002 12:36:22.974"/>
</kw>
<kw name="Run Keyword And Return Status" library="BuiltIn">
<var>${no_err_msg}</var>
<arg>Should be equal</arg>
<arg>${is_visible[0]}</arg>
<arg>PASS</arg>
<arg>msg=${err_msg}</arg>
<doc>Runs the given keyword with given arguments and returns the status as a Boolean value.</doc>
<kw name="Should Be Equal" library="BuiltIn">
<arg>${is_visible[0]}</arg>
<arg>PASS</arg>
<arg>msg=${err_msg}</arg>
<doc>Fails if the given objects are unequal.</doc>
<status status="PASS" starttime="20231002 12:36:22.975" endtime="20231002 12:36:22.978"/>
</kw>
<msg timestamp="20231002 12:36:22.978" level="INFO">${no_err_msg} = True</msg>
<status status="PASS" starttime="20231002 12:36:22.974" endtime="20231002 12:36:22.978"/>
</kw>
<kw name="Evaluate" library="BuiltIn">
<var>${result}</var>
<arg>${is_not_stale} and ${no_err_msg}</arg>
<doc>Evaluates the given expression in Python and returns the result.</doc>
<msg timestamp="20231002 12:36:22.980" level="INFO">${result} = True</msg>
<status status="PASS" starttime="20231002 12:36:22.979" endtime="20231002 12:36:22.980"/>
</kw>
<kw name="Exit For Loop If" library="BuiltIn">
<arg>${result}</arg>
<doc>Stops executing the enclosing for loop if the ``condition`` is true.</doc>
<msg timestamp="20231002 12:36:22.981" level="INFO">Exiting for loop altogether.</msg>
<status status="PASS" starttime="20231002 12:36:22.981" endtime="20231002 12:36:22.982"/>
</kw>
<status status="PASS" starttime="20231002 12:36:21.038" endtime="20231002 12:36:22.982"/>
</iter>
<status status="PASS" starttime="20231002 12:36:21.038" endtime="20231002 12:36:22.983"/>
</for>
<kw name="Should Be True" library="BuiltIn">
<arg>${result}</arg>
<arg>msg="element either in stale mode or not visible, error message is ${err_msg}"</arg>
<doc>Fails if the given condition is not true.</doc>
<status status="PASS" starttime="20231002 12:36:22.983" endtime="20231002 12:36:22.984"/>
</kw>
<status status="PASS" starttime="20231002 12:36:21.037" endtime="20231002 12:36:22.984"/>
</kw>
<msg timestamp="20231002 12:36:22.985" level="INFO">${wait_status} = ('PASS', None)</msg>
<status status="PASS" starttime="20231002 12:36:21.037" endtime="20231002 12:36:22.985"/>
</kw>
<kw name="Convert To String" library="BuiltIn">
<var>${err_msg_wait}</var>
<arg>${wait_status[1]}</arg>
<doc>Converts the given item to a Unicode string.</doc>
<msg timestamp="20231002 12:36:22.988" level="INFO">${err_msg_wait} = None</msg>
<status status="PASS" starttime="20231002 12:36:22.986" endtime="20231002 12:36:22.988"/>
</kw>
<status status="PASS" starttime="20231002 12:36:21.036" endtime="20231002 12:36:22.988"/>
</branch>
<status status="PASS" starttime="20231002 12:36:21.034" endtime="20231002 12:36:22.988"/>
</if>
<status status="PASS" starttime="20231002 12:36:21.034" endtime="20231002 12:36:22.989"/>
</branch>
<branch type="ELSE">
<kw name="Set Variable" library="BuiltIn">
<var>${err_msg_wait}</var>
<arg>${EMPTY}</arg>
<doc>Returns the given values which can then be assigned to a variables.</doc>
<status status="NOT RUN" starttime="20231002 12:36:22.990" endtime="20231002 12:36:22.990"/>
</kw>
<status status="NOT RUN" starttime="20231002 12:36:22.989" endtime="20231002 12:36:22.990"/>
</branch>
<status status="PASS" starttime="20231002 12:36:21.034" endtime="20231002 12:36:22.990"/>
</if>
<kw name="Run Keyword And Ignore Error" library="BuiltIn">
<var>${tap_status}</var>
<arg>AppiumLibrary.Tap</arg>
<arg>${locator}</arg>
<doc>Runs the given keyword with the given arguments and ignores possible error.</doc>
<kw name="Tap" library="AppiumLibrary">
<arg>${locator}</arg>
<doc>Tap element identified by ``locator``. </doc>
<status status="PASS" starttime="20231002 12:36:22.991" endtime="20231002 12:36:23.369"/>
</kw>
<msg timestamp="20231002 12:36:23.370" level="INFO">${tap_status} = ('PASS', None)</msg>
<status status="PASS" starttime="20231002 12:36:22.991" endtime="20231002 12:36:23.370"/>
</kw>
<kw name="Convert To String" library="BuiltIn">
<var>${err_msg_tap}</var>
<arg>${tap_status[1]}</arg>
<doc>Converts the given item to a Unicode string.</doc>
<msg timestamp="20231002 12:36:23.373" level="INFO">${err_msg_tap} = None</msg>
<status status="PASS" starttime="20231002 12:36:23.371" endtime="20231002 12:36:23.373"/>
</kw>
<kw name="Evaluate" library="BuiltIn">
<var>${result}</var>
<arg>'${tap_status[0]}' == 'PASS'</arg>
<doc>Evaluates the given expression in Python and returns the result.</doc>
<msg timestamp="20231002 12:36:23.377" level="INFO">${result} = True</msg>
<status status="PASS" starttime="20231002 12:36:23.373" endtime="20231002 12:36:23.377"/>
</kw>
<kw name="Exit For Loop If" library="BuiltIn">
<arg>${result}</arg>
<doc>Stops executing the enclosing for loop if the ``condition`` is true.</doc>
<msg timestamp="20231002 12:36:23.378" level="INFO">Exiting for loop altogether.</msg>
<status status="PASS" starttime="20231002 12:36:23.377" endtime="20231002 12:36:23.379"/>
</kw>
<status status="PASS" starttime="20231002 12:36:21.033" endtime="20231002 12:36:23.379"/>
</iter>
<status status="PASS" starttime="20231002 12:36:21.033" endtime="20231002 12:36:23.380"/>
</for>
<kw name="Should Be True" library="BuiltIn">
<arg>${result}</arg>
<arg>msg='Unable to tap after ${${max_attempts}-1} attempts, with error ${err_msg_tap}, ${err_msg_wait},'</arg>
<doc>Fails if the given condition is not true.</doc>
<status status="PASS" starttime="20231002 12:36:23.380" endtime="20231002 12:36:23.383"/>
</kw>
<status status="PASS" starttime="20231002 12:36:21.032" endtime="20231002 12:36:23.383"/>
</kw>
<status status="PASS" starttime="20231002 12:36:21.031" endtime="20231002 12:36:23.384"/>
</kw>
<kw name="Verify logo ebay is displayed" library="login_page">
<kw name="Wait until element is visible except stale" library="DobbyAppCommon">
<arg>xpath=//android.widget.ImageView[@content-desc="eBay"]</arg>
<doc>Wait until element is visible except stale</doc>
<for flavor="IN RANGE">
<var>${i}</var>
<value>1</value>
<value>${max_attempts}</value>
<iter>
<var name="${i}">1</var>
<kw name="Run Keyword And Ignore Error" library="BuiltIn">
<var>${is_visible}</var>
<arg>AppiumLibrary.Wait until element is visible</arg>
<arg>${locator}</arg>
<arg>${timeout}</arg>
<doc>Runs the given keyword with the given arguments and ignores possible error.</doc>
<kw name="Wait Until Element Is Visible" library="AppiumLibrary">
<arg>${locator}</arg>
<arg>${timeout}</arg>
<doc>Waits until element specified with `locator` is visible.</doc>
<status status="PASS" starttime="20231002 12:36:23.388" endtime="20231002 12:36:25.129"/>
</kw>
<msg timestamp="20231002 12:36:25.130" level="INFO">${is_visible} = ('PASS', None)</msg>
<status status="PASS" starttime="20231002 12:36:23.387" endtime="20231002 12:36:25.130"/>
</kw>
<kw name="Convert To String" library="BuiltIn">
<var>${err_msg}</var>
<arg>${is_visible[1]}</arg>
<doc>Converts the given item to a Unicode string.</doc>
<msg timestamp="20231002 12:36:25.135" level="INFO">${err_msg} = None</msg>
<status status="PASS" starttime="20231002 12:36:25.131" endtime="20231002 12:36:25.135"/>
</kw>
<kw name="Run Keyword And Return Status" library="BuiltIn">
<var>${is_not_stale}</var>
<arg>Should not contain</arg>
<arg>${err_msg}</arg>
<arg>StaleElementReferenceException</arg>
<doc>Runs the given keyword with given arguments and returns the status as a Boolean value.</doc>
<kw name="Should Not Contain" library="BuiltIn">
<arg>${err_msg}</arg>
<arg>StaleElementReferenceException</arg>
<doc>Fails if ``container`` contains ``item`` one or more times.</doc>
<status status="PASS" starttime="20231002 12:36:25.136" endtime="20231002 12:36:25.136"/>
</kw>
<msg timestamp="20231002 12:36:25.137" level="INFO">${is_not_stale} = True</msg>
<status status="PASS" starttime="20231002 12:36:25.135" endtime="20231002 12:36:25.137"/>
</kw>
<kw name="Run Keyword And Return Status" library="BuiltIn">
<var>${no_err_msg}</var>
<arg>Should be equal</arg>
<arg>${is_visible[0]}</arg>
<arg>PASS</arg>
<arg>msg=${err_msg}</arg>
<doc>Runs the given keyword with given arguments and returns the status as a Boolean value.</doc>
<kw name="Should Be Equal" library="BuiltIn">
<arg>${is_visible[0]}</arg>
<arg>PASS</arg>
<arg>msg=${err_msg}</arg>
<doc>Fails if the given objects are unequal.</doc>
<status status="PASS" starttime="20231002 12:36:25.138" endtime="20231002 12:36:25.140"/>
</kw>
<msg timestamp="20231002 12:36:25.140" level="INFO">${no_err_msg} = True</msg>
<status status="PASS" starttime="20231002 12:36:25.137" endtime="20231002 12:36:25.140"/>
</kw>
<kw name="Evaluate" library="BuiltIn">
<var>${result}</var>
<arg>${is_not_stale} and ${no_err_msg}</arg>
<doc>Evaluates the given expression in Python and returns the result.</doc>
<msg timestamp="20231002 12:36:25.141" level="INFO">${result} = True</msg>
<status status="PASS" starttime="20231002 12:36:25.140" endtime="20231002 12:36:25.141"/>
</kw>
<kw name="Exit For Loop If" library="BuiltIn">
<arg>${result}</arg>
<doc>Stops executing the enclosing for loop if the ``condition`` is true.</doc>
<msg timestamp="20231002 12:36:25.142" level="INFO">Exiting for loop altogether.</msg>
<status status="PASS" starttime="20231002 12:36:25.142" endtime="20231002 12:36:25.143"/>
</kw>
<status status="PASS" starttime="20231002 12:36:23.387" endtime="20231002 12:36:25.143"/>
</iter>
<status status="PASS" starttime="20231002 12:36:23.386" endtime="20231002 12:36:25.143"/>
</for>
<kw name="Should Be True" library="BuiltIn">
<arg>${result}</arg>
<arg>msg="element either in stale mode or not visible, error message is ${err_msg}"</arg>
<doc>Fails if the given condition is not true.</doc>
<status status="PASS" starttime="20231002 12:36:25.144" endtime="20231002 12:36:25.144"/>
</kw>
<status status="PASS" starttime="20231002 12:36:23.386" endtime="20231002 12:36:25.145"/>
</kw>
<status status="PASS" starttime="20231002 12:36:23.385" endtime="20231002 12:36:25.145"/>
</kw>
<status status="PASS" starttime="20231002 12:35:52.999" endtime="20231002 12:36:25.145"/>
</kw>
<tag>addproduct</tag>
<tag>INSTANCE</tag>
<status status="PASS" starttime="20231002 12:34:30.081" endtime="20231002 12:36:25.146"/>
</test>
<kw name="Close Application" library="AppiumLibrary" type="TEARDOWN">
<doc>Closes the current application and also close webdriver session.</doc>
<status status="PASS" starttime="20231002 12:36:25.148" endtime="20231002 12:36:25.485"/>
</kw>
<status status="PASS" starttime="20231002 12:34:23.861" endtime="20231002 12:36:25.486"/>
</suite>
<status status="PASS" starttime="20231002 12:34:23.855" endtime="20231002 12:36:25.490"/>
</suite>
<statistics>
<total>
<stat pass="1" fail="0" skip="0">All Tests</stat>
</total>
<tag>
<stat pass="1" fail="0" skip="0">addproduct</stat>
<stat pass="1" fail="0" skip="0">INSTANCE</stat>
</tag>
<suite>
<stat pass="1" fail="0" skip="0" id="s1" name="Application">Application</stat>
<stat pass="1" fail="0" skip="0" id="s1-s1" name="INSTANCE04">Application.INSTANCE04</stat>
</suite>
</statistics>
<errors>
<msg timestamp="20231002 12:34:24.213" level="WARN">Imported resource file '/Users/tordoppio/Doppio-Automation/ebay-testing/keywords/application/pages/checkout_page.robot' is empty.</msg>
<msg timestamp="20231002 12:34:24.214" level="WARN">Imported resource file '/Users/tordoppio/Doppio-Automation/ebay-testing/keywords/application/features/checkout_feature.robot' is empty.</msg>
</errors>
</robot>
