<?xml version="1.0" encoding="UTF-8"?>
<robot generator="Robot 4.1 (Python 3.11.3 on darwin)" generated="20231002 12:32:46.761" rpa="false" schemaversion="2">
<suite id="s1" name="Application" source="/Users/tordoppio/Doppio-Automation/ebay-testing/testcases/application">
<suite id="s1-s1" name="INSTANCE03" source="/Users/tordoppio/Doppio-Automation/ebay-testing/testcases/application/INSTANCE03.robot">
<kw name="Open ebay application" library="common" type="SETUP">
<kw name="Set Library Search Order" library="BuiltIn">
<arg>DobbyAppCommon</arg>
<arg>AppiumLibrary</arg>
<doc>Sets the resolution order to use when a name matches multiple keywords.</doc>
<status status="PASS" starttime="20231002 12:32:47.341" endtime="20231002 12:32:47.341"/>
</kw>
<if>
<branch type="IF" condition="'${require_farm}'=='True'">
<kw name="Init mobile farm configuration" library="DobbyAppCommon">
<doc>Init doppio mobile farm, Use hand in hand with woody mobile farm management</doc>
<kw name="Evaluate" library="BuiltIn">
<var>${pool_to_use}</var>
<arg>${PABOTEXECUTIONPOOLID}</arg>
<doc>Evaluates the given expression in Python and returns the result.</doc>
<msg timestamp="20231002 12:32:47.341" level="INFO">${pool_to_use} = 2</msg>
<status status="PASS" starttime="20231002 12:32:47.341" endtime="20231002 12:32:47.341"/>
</kw>
<kw name="Evaluate" library="BuiltIn">
<var>${delay_time}</var>
<arg>${pool_to_use}*5</arg>
<doc>Evaluates the given expression in Python and returns the result.</doc>
<msg timestamp="20231002 12:32:47.341" level="INFO">${delay_time} = 10</msg>
<status status="PASS" starttime="20231002 12:32:47.341" endtime="20231002 12:32:47.341"/>
</kw>
<kw name="Sleep" library="BuiltIn">
<arg>${delay_time}s</arg>
<doc>Pauses the test executed for the given time.</doc>
<msg timestamp="20231002 12:32:57.343" level="INFO">Slept 10 seconds</msg>
<status status="PASS" starttime="20231002 12:32:47.341" endtime="20231002 12:32:57.344"/>
</kw>
<kw name="Acquire Value Set" library="pabot.PabotLib">
<var>${valuesetname}</var>
<arg>set${pool_to_use}</arg>
<doc>Reserve a set of values for this execution.
[https://pabot.org/PabotLib.html?ref=log#acquire-value-set|Open online docs.]</doc>
<msg timestamp="20231002 12:32:57.350" level="INFO">Value set "Set2" acquired</msg>
<msg timestamp="20231002 12:32:57.350" level="INFO">${valuesetname} = Set2</msg>
<status status="PASS" starttime="20231002 12:32:57.345" endtime="20231002 12:32:57.350"/>
</kw>
<kw name="Get Value From Set" library="pabot.PabotLib">
<var>${doppioAppiumPort}</var>
<arg>appium_port</arg>
<doc>Get a value from previously reserved value set.
[https://pabot.org/PabotLib.html?ref=log#get-value-from-set|Open online docs.]</doc>
<msg timestamp="20231002 12:32:57.351" level="INFO">${doppioAppiumPort} = 9995</msg>
<status status="PASS" starttime="20231002 12:32:57.351" endtime="20231002 12:32:57.351"/>
</kw>
<kw name="Get Value From Set" library="pabot.PabotLib">
<var>${doppioSystemPort}</var>
<arg>system_port</arg>
<doc>Get a value from previously reserved value set.
[https://pabot.org/PabotLib.html?ref=log#get-value-from-set|Open online docs.]</doc>
<msg timestamp="20231002 12:32:57.352" level="INFO">${doppioSystemPort} = 8308</msg>
<status status="PASS" starttime="20231002 12:32:57.352" endtime="20231002 12:32:57.352"/>
</kw>
<kw name="Get Value From Set" library="pabot.PabotLib">
<var>${doppioDeviceName}</var>
<arg>device_info</arg>
<doc>Get a value from previously reserved value set.
[https://pabot.org/PabotLib.html?ref=log#get-value-from-set|Open online docs.]</doc>
<msg timestamp="20231002 12:32:57.353" level="INFO">${doppioDeviceName} = 70e39afc0504</msg>
<status status="PASS" starttime="20231002 12:32:57.353" endtime="20231002 12:32:57.353"/>
</kw>
<kw name="Get Value From Set" library="pabot.PabotLib">
<var>${doppioEmulatorName}</var>
<arg>emulator_name</arg>
<doc>Get a value from previously reserved value set.
[https://pabot.org/PabotLib.html?ref=log#get-value-from-set|Open online docs.]</doc>
<msg timestamp="20231002 12:32:57.354" level="INFO">${doppioEmulatorName} = 70e39afc0504</msg>
<status status="PASS" starttime="20231002 12:32:57.353" endtime="20231002 12:32:57.354"/>
</kw>
<kw name="Get Value From Set" library="pabot.PabotLib">
<var>${platformVersion}</var>
<arg>version</arg>
<doc>Get a value from previously reserved value set.
[https://pabot.org/PabotLib.html?ref=log#get-value-from-set|Open online docs.]</doc>
<msg timestamp="20231002 12:32:57.354" level="INFO">${platformVersion} = 11</msg>
<status status="PASS" starttime="20231002 12:32:57.354" endtime="20231002 12:32:57.354"/>
</kw>
<kw name="Get Value From Set" library="pabot.PabotLib">
<var>${url}</var>
<arg>remote_url</arg>
<doc>Get a value from previously reserved value set.
[https://pabot.org/PabotLib.html?ref=log#get-value-from-set|Open online docs.]</doc>
<msg timestamp="20231002 12:32:57.355" level="INFO">${url} = 127.0.0.1</msg>
<status status="PASS" starttime="20231002 12:32:57.355" endtime="20231002 12:32:57.355"/>
</kw>
<kw name="Convert To Integer" library="BuiltIn">
<var>${doppioSystemPort_int}</var>
<arg>${doppioSystemPort}</arg>
<doc>Converts the given item to an integer number.</doc>
<msg timestamp="20231002 12:32:57.355" level="INFO">${doppioSystemPort_int} = 8308</msg>
<status status="PASS" starttime="20231002 12:32:57.355" endtime="20231002 12:32:57.355"/>
</kw>
<kw name="Set Global Variable" library="BuiltIn">
<arg>${deviceName}</arg>
<arg>${doppioDeviceName}</arg>
<doc>Makes a variable available globally in all tests and suites.</doc>
<msg timestamp="20231002 12:32:57.356" level="INFO">${deviceName} = 70e39afc0504</msg>
<status status="PASS" starttime="20231002 12:32:57.356" endtime="20231002 12:32:57.356"/>
</kw>
<kw name="Set Global Variable" library="BuiltIn">
<arg>${systemPort}</arg>
<arg>${doppioSystemPort_int}</arg>
<doc>Makes a variable available globally in all tests and suites.</doc>
<msg timestamp="20231002 12:32:57.357" level="INFO">${systemPort} = 8308</msg>
<status status="PASS" starttime="20231002 12:32:57.357" endtime="20231002 12:32:57.357"/>
</kw>
<kw name="Set Global Variable" library="BuiltIn">
<arg>${udid}</arg>
<arg>${doppioEmulatorName}</arg>
<doc>Makes a variable available globally in all tests and suites.</doc>
<msg timestamp="20231002 12:32:57.358" level="INFO">${udid} = 70e39afc0504</msg>
<status status="PASS" starttime="20231002 12:32:57.357" endtime="20231002 12:32:57.358"/>
</kw>
<kw name="Set Global Variable" library="BuiltIn">
<arg>${remoteUrl}</arg>
<arg>http://${url}:${doppioAppiumPort}/wd/hub</arg>
<doc>Makes a variable available globally in all tests and suites.</doc>
<msg timestamp="20231002 12:32:57.358" level="INFO">${remoteUrl} = http://127.0.0.1:9995/wd/hub</msg>
<status status="PASS" starttime="20231002 12:32:57.358" endtime="20231002 12:32:57.359"/>
</kw>
<kw name="Set Global Variable" library="BuiltIn">
<arg>${platformVersion}</arg>
<arg>${platformVersion}</arg>
<doc>Makes a variable available globally in all tests and suites.</doc>
<msg timestamp="20231002 12:32:57.359" level="INFO">${platformVersion} = 11</msg>
<status status="PASS" starttime="20231002 12:32:57.359" endtime="20231002 12:32:57.359"/>
</kw>
<kw name="Release Value Set" library="pabot.PabotLib">
<doc>Release a reserved value set so that other executions can use it also.
[https://pabot.org/PabotLib.html?ref=log#release-value-set|Open online docs.]</doc>
<status status="PASS" starttime="20231002 12:32:57.360" endtime="20231002 12:32:57.361"/>
</kw>
<status status="PASS" starttime="20231002 12:32:47.341" endtime="20231002 12:32:57.361"/>
</kw>
<status status="PASS" starttime="20231002 12:32:47.341" endtime="20231002 12:32:57.362"/>
</branch>
<status status="PASS" starttime="20231002 12:32:47.341" endtime="20231002 12:32:57.362"/>
</if>
<kw name="Create Dictionary" library="BuiltIn">
<var>${capability}</var>
<arg>automationName=${automation}</arg>
<arg>platformName=${platformz}</arg>
<arg>platformVersion=${platformVersion}</arg>
<arg>deviceName=${deviceName}</arg>
<arg>udid=${udid}</arg>
<arg>noReset=${noReset}</arg>
<arg>newCommandTimeout=${0}</arg>
<arg>autoGrantPermissions=${TRUE}</arg>
<arg>unicodeKeyboard=${FALSE}</arg>
<arg>resetKeyboard=${TRUE}</arg>
<arg>autoAcceptAlerts=${TRUE}</arg>
<arg>autoDismissAlerts=${TRUE}</arg>
<arg>systemPort=${systemPort}</arg>
<arg>language=${LANG}</arg>
<arg>locale=${LANG.upper()}</arg>
<arg>wdaLocalPort=${systemPort}</arg>
<arg>enforceXPath1=${TRUE}</arg>
<arg>appPackage=${appPackage}</arg>
<arg>appActivity=${appActivity}</arg>
<doc>Creates and returns a dictionary based on the given ``items``.</doc>
<msg timestamp="20231002 12:32:57.365" level="INFO">${capability} = {'automationName': 'UiAutomator2', 'platformName': 'android', 'platformVersion': '11', 'deviceName': '70e39afc0504', 'udid': '70e39afc0504', 'noReset': True, 'newCommandTimeout': 0, 'autoGrantPermissi...</msg>
<status status="PASS" starttime="20231002 12:32:57.362" endtime="20231002 12:32:57.365"/>
</kw>
<kw name="Log" library="BuiltIn">
<arg>remote_url=${remoteUrl}</arg>
<doc>Logs the given message with the given level.</doc>
<msg timestamp="20231002 12:32:57.365" level="INFO">remote_url=http://127.0.0.1:9995/wd/hub</msg>
<status status="PASS" starttime="20231002 12:32:57.365" endtime="20231002 12:32:57.365"/>
</kw>
<kw name="Log" library="BuiltIn">
<arg>capability=${capability}</arg>
<doc>Logs the given message with the given level.</doc>
<msg timestamp="20231002 12:32:57.366" level="INFO">capability={'automationName': 'UiAutomator2', 'platformName': 'android', 'platformVersion': '11', 'deviceName': '70e39afc0504', 'udid': '70e39afc0504', 'noReset': True, 'newCommandTimeout': 0, 'autoGrantPermissions': True, 'unicodeKeyboard': False, 'resetKeyboard': True, 'autoAcceptAlerts': True, 'autoDismissAlerts': True, 'systemPort': 8308, 'language': 'en', 'locale': 'EN', 'wdaLocalPort': 8308, 'enforceXPath1': True, 'appPackage': 'com.ebay.mobile', 'appActivity': 'com.ebay.mobile.home.impl.main.MainActivity'}</msg>
<status status="PASS" starttime="20231002 12:32:57.366" endtime="20231002 12:32:57.366"/>
</kw>
<kw name="Open Application" library="AppiumLibrary">
<arg>remote_url=${remoteUrl}</arg>
<arg>&amp;{capability}</arg>
<doc>Opens a new application to given Appium server.
Capabilities of appium server, Android and iOS,
Please check https://github.com/appium/appium/blob/master/docs/en/writing-running-appium/server-args.md
| *Option*            | *Man.* | *Description*     |
| remote_url          | Yes    | Appium server url |
| alias               | no     | alias             |</doc>
<status status="PASS" starttime="20231002 12:32:57.366" endtime="20231002 12:33:05.198"/>
</kw>
<kw name="Wait Until Page Does Not Contain Element" library="AppiumLibrary">
<arg>xpath=//android.widget.LinearLayout[@resource-id="com.ebay.mobile:id/progressContainer"]//android.widget.ProgressBar</arg>
<arg>timeout=${GLOBAL_TIMEOUT}</arg>
<doc>Waits until element specified with `locator` disappears from current page.</doc>
<status status="PASS" starttime="20231002 12:33:05.199" endtime="20231002 12:33:08.246"/>
</kw>
<status status="PASS" starttime="20231002 12:32:47.340" endtime="20231002 12:33:08.246"/>
</kw>
<test id="s1-s1-t1" name="INSTANCE02 - Verify search result is matches with search keyword">
<kw name="Login to ebay application" library="login_feature">
<arg>panuwat.a@doppiotech.com</arg>
<arg>Shinemoon1!</arg>
<kw name="Run Keyword And Return Status" library="BuiltIn">
<var>${status}</var>
<arg>home_page.Verify sign in button is not displayed</arg>
<doc>Runs the given keyword with given arguments and returns the status as a Boolean value.</doc>
<kw name="Verify sign in button is not displayed" library="home_page">
<kw name="Wait Until Page Does Not Contain Element" library="AppiumLibrary">
<arg>id=com.ebay.mobile:id/button_sign_in</arg>
<doc>Waits until element specified with `locator` disappears from current page.</doc>
<status status="PASS" starttime="20231002 12:33:08.248" endtime="20231002 12:33:08.398"/>
</kw>
<status status="PASS" starttime="20231002 12:33:08.247" endtime="20231002 12:33:08.398"/>
</kw>
<msg timestamp="20231002 12:33:08.399" level="INFO">${status} = True</msg>
<status status="PASS" starttime="20231002 12:33:08.247" endtime="20231002 12:33:08.399"/>
</kw>
<if>
<branch type="IF" condition="${status}">
<kw name="Sign out username to ebay application" library="home_feature">
<kw name="Click menu my ebay" library="home_page">
<kw name="Tap element when ready" library="DobbyAppCommon">
<arg>xpath=//android.widget.FrameLayout[@content-desc="My eBay"]</arg>
<doc>There are 2 modes; the first one is to wait until element is ready then tap (this is a default).</doc>
<for flavor="IN RANGE">
<var>${i}</var>
<value>1</value>
<value>${max_attempts}</value>
<iter>
<var name="${i}">1</var>
<if>
<branch type="IF" condition="${wait_until_ready}">
<if>
<branch type="IF" condition="${only_contain}">
<kw name="Run Keyword And Ignore Error" library="BuiltIn">
<var>${wait_status}</var>
<arg>DobbyAppCommon.Wait until page contain element except stale</arg>
<arg>${locator}</arg>
<arg>${timeout}</arg>
<doc>Runs the given keyword with the given arguments and ignores possible error.</doc>
<status status="NOT RUN" starttime="20231002 12:33:08.405" endtime="20231002 12:33:08.405"/>
</kw>
<kw name="Convert To String" library="BuiltIn">
<var>${err_msg_wait}</var>
<arg>${wait_status[1]}</arg>
<doc>Converts the given item to a Unicode string.</doc>
<status status="NOT RUN" starttime="20231002 12:33:08.405" endtime="20231002 12:33:08.405"/>
</kw>
<status status="NOT RUN" starttime="20231002 12:33:08.404" endtime="20231002 12:33:08.405"/>
</branch>
<branch type="ELSE">
<kw name="Run Keyword And Ignore Error" library="BuiltIn">
<var>${wait_status}</var>
<arg>DobbyAppCommon.Wait until element is visible except stale</arg>
<arg>${locator}</arg>
<arg>${timeout}</arg>
<doc>Runs the given keyword with the given arguments and ignores possible error.</doc>
<kw name="Wait until element is visible except stale" library="DobbyAppCommon">
<arg>${locator}</arg>
<arg>${timeout}</arg>
<doc>Wait until element is visible except stale</doc>
<for flavor="IN RANGE">
<var>${i}</var>
<value>1</value>
<value>${max_attempts}</value>
<iter>
<var name="${i}">1</var>
<kw name="Run Keyword And Ignore Error" library="BuiltIn">
<var>${is_visible}</var>
<arg>AppiumLibrary.Wait until element is visible</arg>
<arg>${locator}</arg>
<arg>${timeout}</arg>
<doc>Runs the given keyword with the given arguments and ignores possible error.</doc>
<kw name="Wait Until Element Is Visible" library="AppiumLibrary">
<arg>${locator}</arg>
<arg>${timeout}</arg>
<doc>Waits until element specified with `locator` is visible.</doc>
<status status="PASS" starttime="20231002 12:33:08.408" endtime="20231002 12:33:08.842"/>
</kw>
<msg timestamp="20231002 12:33:08.842" level="INFO">${is_visible} = ('PASS', None)</msg>
<status status="PASS" starttime="20231002 12:33:08.408" endtime="20231002 12:33:08.842"/>
</kw>
<kw name="Convert To String" library="BuiltIn">
<var>${err_msg}</var>
<arg>${is_visible[1]}</arg>
<doc>Converts the given item to a Unicode string.</doc>
<msg timestamp="20231002 12:33:08.845" level="INFO">${err_msg} = None</msg>
<status status="PASS" starttime="20231002 12:33:08.843" endtime="20231002 12:33:08.845"/>
</kw>
<kw name="Run Keyword And Return Status" library="BuiltIn">
<var>${is_not_stale}</var>
<arg>Should not contain</arg>
<arg>${err_msg}</arg>
<arg>StaleElementReferenceException</arg>
<doc>Runs the given keyword with given arguments and returns the status as a Boolean value.</doc>
<kw name="Should Not Contain" library="BuiltIn">
<arg>${err_msg}</arg>
<arg>StaleElementReferenceException</arg>
<doc>Fails if ``container`` contains ``item`` one or more times.</doc>
<status status="PASS" starttime="20231002 12:33:08.846" endtime="20231002 12:33:08.847"/>
</kw>
<msg timestamp="20231002 12:33:08.847" level="INFO">${is_not_stale} = True</msg>
<status status="PASS" starttime="20231002 12:33:08.846" endtime="20231002 12:33:08.847"/>
</kw>
<kw name="Run Keyword And Return Status" library="BuiltIn">
<var>${no_err_msg}</var>
<arg>Should be equal</arg>
<arg>${is_visible[0]}</arg>
<arg>PASS</arg>
<arg>msg=${err_msg}</arg>
<doc>Runs the given keyword with given arguments and returns the status as a Boolean value.</doc>
<kw name="Should Be Equal" library="BuiltIn">
<arg>${is_visible[0]}</arg>
<arg>PASS</arg>
<arg>msg=${err_msg}</arg>
<doc>Fails if the given objects are unequal.</doc>
<status status="PASS" starttime="20231002 12:33:08.848" endtime="20231002 12:33:08.849"/>
</kw>
<msg timestamp="20231002 12:33:08.850" level="INFO">${no_err_msg} = True</msg>
<status status="PASS" starttime="20231002 12:33:08.847" endtime="20231002 12:33:08.850"/>
</kw>
<kw name="Evaluate" library="BuiltIn">
<var>${result}</var>
<arg>${is_not_stale} and ${no_err_msg}</arg>
<doc>Evaluates the given expression in Python and returns the result.</doc>
<msg timestamp="20231002 12:33:08.851" level="INFO">${result} = True</msg>
<status status="PASS" starttime="20231002 12:33:08.850" endtime="20231002 12:33:08.851"/>
</kw>
<kw name="Exit For Loop If" library="BuiltIn">
<arg>${result}</arg>
<doc>Stops executing the enclosing for loop if the ``condition`` is true.</doc>
<msg timestamp="20231002 12:33:08.851" level="INFO">Exiting for loop altogether.</msg>
<status status="PASS" starttime="20231002 12:33:08.851" endtime="20231002 12:33:08.854"/>
</kw>
<status status="PASS" starttime="20231002 12:33:08.407" endtime="20231002 12:33:08.854"/>
</iter>
<status status="PASS" starttime="20231002 12:33:08.407" endtime="20231002 12:33:08.854"/>
</for>
<kw name="Should Be True" library="BuiltIn">
<arg>${result}</arg>
<arg>msg="element either in stale mode or not visible, error message is ${err_msg}"</arg>
<doc>Fails if the given condition is not true.</doc>
<status status="PASS" starttime="20231002 12:33:08.854" endtime="20231002 12:33:08.855"/>
</kw>
<status status="PASS" starttime="20231002 12:33:08.406" endtime="20231002 12:33:08.855"/>
</kw>
<msg timestamp="20231002 12:33:08.855" level="INFO">${wait_status} = ('PASS', None)</msg>
<status status="PASS" starttime="20231002 12:33:08.406" endtime="20231002 12:33:08.855"/>
</kw>
<kw name="Convert To String" library="BuiltIn">
<var>${err_msg_wait}</var>
<arg>${wait_status[1]}</arg>
<doc>Converts the given item to a Unicode string.</doc>
<msg timestamp="20231002 12:33:08.856" level="INFO">${err_msg_wait} = None</msg>
<status status="PASS" starttime="20231002 12:33:08.855" endtime="20231002 12:33:08.857"/>
</kw>
<status status="PASS" starttime="20231002 12:33:08.406" endtime="20231002 12:33:08.857"/>
</branch>
<status status="PASS" starttime="20231002 12:33:08.404" endtime="20231002 12:33:08.857"/>
</if>
<status status="PASS" starttime="20231002 12:33:08.404" endtime="20231002 12:33:08.857"/>
</branch>
<branch type="ELSE">
<kw name="Set Variable" library="BuiltIn">
<var>${err_msg_wait}</var>
<arg>${EMPTY}</arg>
<doc>Returns the given values which can then be assigned to a variables.</doc>
<status status="NOT RUN" starttime="20231002 12:33:08.857" endtime="20231002 12:33:08.857"/>
</kw>
<status status="NOT RUN" starttime="20231002 12:33:08.857" endtime="20231002 12:33:08.858"/>
</branch>
<status status="PASS" starttime="20231002 12:33:08.404" endtime="20231002 12:33:08.858"/>
</if>
<kw name="Run Keyword And Ignore Error" library="BuiltIn">
<var>${tap_status}</var>
<arg>AppiumLibrary.Tap</arg>
<arg>${locator}</arg>
<doc>Runs the given keyword with the given arguments and ignores possible error.</doc>
<kw name="Tap" library="AppiumLibrary">
<arg>${locator}</arg>
<doc>Tap element identified by ``locator``. </doc>
<status status="PASS" starttime="20231002 12:33:08.858" endtime="20231002 12:33:09.403"/>
</kw>
<msg timestamp="20231002 12:33:09.404" level="INFO">${tap_status} = ('PASS', None)</msg>
<status status="PASS" starttime="20231002 12:33:08.858" endtime="20231002 12:33:09.404"/>
</kw>
<kw name="Convert To String" library="BuiltIn">
<var>${err_msg_tap}</var>
<arg>${tap_status[1]}</arg>
<doc>Converts the given item to a Unicode string.</doc>
<msg timestamp="20231002 12:33:09.406" level="INFO">${err_msg_tap} = None</msg>
<status status="PASS" starttime="20231002 12:33:09.405" endtime="20231002 12:33:09.406"/>
</kw>
<kw name="Evaluate" library="BuiltIn">
<var>${result}</var>
<arg>'${tap_status[0]}' == 'PASS'</arg>
<doc>Evaluates the given expression in Python and returns the result.</doc>
<msg timestamp="20231002 12:33:09.408" level="INFO">${result} = True</msg>
<status status="PASS" starttime="20231002 12:33:09.407" endtime="20231002 12:33:09.408"/>
</kw>
<kw name="Exit For Loop If" library="BuiltIn">
<arg>${result}</arg>
<doc>Stops executing the enclosing for loop if the ``condition`` is true.</doc>
<msg timestamp="20231002 12:33:09.409" level="INFO">Exiting for loop altogether.</msg>
<status status="PASS" starttime="20231002 12:33:09.409" endtime="20231002 12:33:09.410"/>
</kw>
<status status="PASS" starttime="20231002 12:33:08.403" endtime="20231002 12:33:09.410"/>
</iter>
<status status="PASS" starttime="20231002 12:33:08.403" endtime="20231002 12:33:09.410"/>
</for>
<kw name="Should Be True" library="BuiltIn">
<arg>${result}</arg>
<arg>msg='Unable to tap after ${${max_attempts}-1} attempts, with error ${err_msg_tap}, ${err_msg_wait},'</arg>
<doc>Fails if the given condition is not true.</doc>
<status status="PASS" starttime="20231002 12:33:09.411" endtime="20231002 12:33:09.412"/>
</kw>
<status status="PASS" starttime="20231002 12:33:08.402" endtime="20231002 12:33:09.413"/>
</kw>
<status status="PASS" starttime="20231002 12:33:08.401" endtime="20231002 12:33:09.413"/>
</kw>
<kw name="Click setting menu" library="home_page">
<kw name="Find and tap element when ready" library="common">
<arg>id=com.ebay.mobile:id/settings</arg>
<arg>id=android:id/content</arg>
<arg>percent=0.5</arg>
<arg>timeout=2s</arg>
<kw name="Find element" library="DobbyAppCommon">
<arg>${locator}</arg>
<arg>${scroll_view}</arg>
<arg>${default_scroll_view}</arg>
<arg>${moveto}</arg>
<arg>${percent}</arg>
<arg>${number_of_scroll}</arg>
<arg>${timeout}</arg>
<doc>Find element by swiping down</doc>
<kw name="Run Keyword And Return Status" library="BuiltIn">
<var>${element_status}</var>
<arg>DobbyAppCommon.Wait until element is visible except stale</arg>
<arg>${target_element}</arg>
<arg>${timeout}</arg>
<doc>Runs the given keyword with given arguments and returns the status as a Boolean value.</doc>
<kw name="Wait until element is visible except stale" library="DobbyAppCommon">
<arg>${target_element}</arg>
<arg>${timeout}</arg>
<doc>Wait until element is visible except stale</doc>
<for flavor="IN RANGE">
<var>${i}</var>
<value>1</value>
<value>${max_attempts}</value>
<iter>
<var name="${i}">1</var>
<kw name="Run Keyword And Ignore Error" library="BuiltIn">
<var>${is_visible}</var>
<arg>AppiumLibrary.Wait until element is visible</arg>
<arg>${locator}</arg>
<arg>${timeout}</arg>
<doc>Runs the given keyword with the given arguments and ignores possible error.</doc>
<kw name="Wait Until Element Is Visible" library="AppiumLibrary">
<arg>${locator}</arg>
<arg>${timeout}</arg>
<doc>Waits until element specified with `locator` is visible.</doc>
<kw name="Capture Page Screenshot" library="AppiumLibrary">
<doc>Takes a screenshot of the current page and embeds it into the log.</doc>
<msg timestamp="20231002 12:33:12.349" level="INFO" html="true">&lt;/td&gt;&lt;/tr&gt;&lt;tr&gt;&lt;td colspan="3"&gt;&lt;a href="appium-screenshot-1.png"&gt;&lt;img src="appium-screenshot-1.png" width="800px"&gt;&lt;/a&gt;</msg>
<status status="PASS" starttime="20231002 12:33:11.582" endtime="20231002 12:33:12.349"/>
</kw>
<msg timestamp="20231002 12:33:12.351" level="FAIL">Element locator 'id=com.ebay.mobile:id/settings' did not match any elements after 2 seconds</msg>
<status status="FAIL" starttime="20231002 12:33:09.417" endtime="20231002 12:33:12.351"/>
</kw>
<msg timestamp="20231002 12:33:12.352" level="INFO">${is_visible} = ('FAIL', "Element locator 'id=com.ebay.mobile:id/settings' did not match any elements after 2 seconds")</msg>
<status status="PASS" starttime="20231002 12:33:09.417" endtime="20231002 12:33:12.352"/>
</kw>
<kw name="Convert To String" library="BuiltIn">
<var>${err_msg}</var>
<arg>${is_visible[1]}</arg>
<doc>Converts the given item to a Unicode string.</doc>
<msg timestamp="20231002 12:33:12.353" level="INFO">${err_msg} = Element locator 'id=com.ebay.mobile:id/settings' did not match any elements after 2 seconds</msg>
<status status="PASS" starttime="20231002 12:33:12.352" endtime="20231002 12:33:12.353"/>
</kw>
<kw name="Run Keyword And Return Status" library="BuiltIn">
<var>${is_not_stale}</var>
<arg>Should not contain</arg>
<arg>${err_msg}</arg>
<arg>StaleElementReferenceException</arg>
<doc>Runs the given keyword with given arguments and returns the status as a Boolean value.</doc>
<kw name="Should Not Contain" library="BuiltIn">
<arg>${err_msg}</arg>
<arg>StaleElementReferenceException</arg>
<doc>Fails if ``container`` contains ``item`` one or more times.</doc>
<status status="PASS" starttime="20231002 12:33:12.354" endtime="20231002 12:33:12.354"/>
</kw>
<msg timestamp="20231002 12:33:12.354" level="INFO">${is_not_stale} = True</msg>
<status status="PASS" starttime="20231002 12:33:12.353" endtime="20231002 12:33:12.354"/>
</kw>
<kw name="Run Keyword And Return Status" library="BuiltIn">
<var>${no_err_msg}</var>
<arg>Should be equal</arg>
<arg>${is_visible[0]}</arg>
<arg>PASS</arg>
<arg>msg=${err_msg}</arg>
<doc>Runs the given keyword with given arguments and returns the status as a Boolean value.</doc>
<kw name="Should Be Equal" library="BuiltIn">
<arg>${is_visible[0]}</arg>
<arg>PASS</arg>
<arg>msg=${err_msg}</arg>
<doc>Fails if the given objects are unequal.</doc>
<msg timestamp="20231002 12:33:12.358" level="FAIL">Element locator 'id=com.ebay.mobile:id/settings' did not match any elements after 2 seconds: FAIL != PASS</msg>
<status status="FAIL" starttime="20231002 12:33:12.355" endtime="20231002 12:33:12.358"/>
</kw>
<msg timestamp="20231002 12:33:12.358" level="INFO">${no_err_msg} = False</msg>
<status status="PASS" starttime="20231002 12:33:12.355" endtime="20231002 12:33:12.358"/>
</kw>
<kw name="Evaluate" library="BuiltIn">
<var>${result}</var>
<arg>${is_not_stale} and ${no_err_msg}</arg>
<doc>Evaluates the given expression in Python and returns the result.</doc>
<msg timestamp="20231002 12:33:12.358" level="INFO">${result} = False</msg>
<status status="PASS" starttime="20231002 12:33:12.358" endtime="20231002 12:33:12.358"/>
</kw>
<kw name="Exit For Loop If" library="BuiltIn">
<arg>${result}</arg>
<doc>Stops executing the enclosing for loop if the ``condition`` is true.</doc>
<status status="PASS" starttime="20231002 12:33:12.359" endtime="20231002 12:33:12.359"/>
</kw>
<status status="PASS" starttime="20231002 12:33:09.417" endtime="20231002 12:33:12.359"/>
</iter>
<iter>
<var name="${i}">2</var>
<kw name="Run Keyword And Ignore Error" library="BuiltIn">
<var>${is_visible}</var>
<arg>AppiumLibrary.Wait until element is visible</arg>
<arg>${locator}</arg>
<arg>${timeout}</arg>
<doc>Runs the given keyword with the given arguments and ignores possible error.</doc>
<kw name="Wait Until Element Is Visible" library="AppiumLibrary">
<arg>${locator}</arg>
<arg>${timeout}</arg>
<doc>Waits until element specified with `locator` is visible.</doc>
<kw name="Capture Page Screenshot" library="AppiumLibrary">
<doc>Takes a screenshot of the current page and embeds it into the log.</doc>
<msg timestamp="20231002 12:33:15.327" level="INFO" html="true">&lt;/td&gt;&lt;/tr&gt;&lt;tr&gt;&lt;td colspan="3"&gt;&lt;a href="appium-screenshot-2.png"&gt;&lt;img src="appium-screenshot-2.png" width="800px"&gt;&lt;/a&gt;</msg>
<status status="PASS" starttime="20231002 12:33:14.603" endtime="20231002 12:33:15.328"/>
</kw>
<msg timestamp="20231002 12:33:15.330" level="FAIL">Element locator 'id=com.ebay.mobile:id/settings' did not match any elements after 2 seconds</msg>
<status status="FAIL" starttime="20231002 12:33:12.360" endtime="20231002 12:33:15.330"/>
</kw>
<msg timestamp="20231002 12:33:15.331" level="INFO">${is_visible} = ('FAIL', "Element locator 'id=com.ebay.mobile:id/settings' did not match any elements after 2 seconds")</msg>
<status status="PASS" starttime="20231002 12:33:12.359" endtime="20231002 12:33:15.331"/>
</kw>
<kw name="Convert To String" library="BuiltIn">
<var>${err_msg}</var>
<arg>${is_visible[1]}</arg>
<doc>Converts the given item to a Unicode string.</doc>
<msg timestamp="20231002 12:33:15.333" level="INFO">${err_msg} = Element locator 'id=com.ebay.mobile:id/settings' did not match any elements after 2 seconds</msg>
<status status="PASS" starttime="20231002 12:33:15.331" endtime="20231002 12:33:15.333"/>
</kw>
<kw name="Run Keyword And Return Status" library="BuiltIn">
<var>${is_not_stale}</var>
<arg>Should not contain</arg>
<arg>${err_msg}</arg>
<arg>StaleElementReferenceException</arg>
<doc>Runs the given keyword with given arguments and returns the status as a Boolean value.</doc>
<kw name="Should Not Contain" library="BuiltIn">
<arg>${err_msg}</arg>
<arg>StaleElementReferenceException</arg>
<doc>Fails if ``container`` contains ``item`` one or more times.</doc>
<status status="PASS" starttime="20231002 12:33:15.334" endtime="20231002 12:33:15.334"/>
</kw>
<msg timestamp="20231002 12:33:15.334" level="INFO">${is_not_stale} = True</msg>
<status status="PASS" starttime="20231002 12:33:15.333" endtime="20231002 12:33:15.334"/>
</kw>
<kw name="Run Keyword And Return Status" library="BuiltIn">
<var>${no_err_msg}</var>
<arg>Should be equal</arg>
<arg>${is_visible[0]}</arg>
<arg>PASS</arg>
<arg>msg=${err_msg}</arg>
<doc>Runs the given keyword with given arguments and returns the status as a Boolean value.</doc>
<kw name="Should Be Equal" library="BuiltIn">
<arg>${is_visible[0]}</arg>
<arg>PASS</arg>
<arg>msg=${err_msg}</arg>
<doc>Fails if the given objects are unequal.</doc>
<msg timestamp="20231002 12:33:15.338" level="FAIL">Element locator 'id=com.ebay.mobile:id/settings' did not match any elements after 2 seconds: FAIL != PASS</msg>
<status status="FAIL" starttime="20231002 12:33:15.335" endtime="20231002 12:33:15.338"/>
</kw>
<msg timestamp="20231002 12:33:15.338" level="INFO">${no_err_msg} = False</msg>
<status status="PASS" starttime="20231002 12:33:15.334" endtime="20231002 12:33:15.338"/>
</kw>
<kw name="Evaluate" library="BuiltIn">
<var>${result}</var>
<arg>${is_not_stale} and ${no_err_msg}</arg>
<doc>Evaluates the given expression in Python and returns the result.</doc>
<msg timestamp="20231002 12:33:15.339" level="INFO">${result} = False</msg>
<status status="PASS" starttime="20231002 12:33:15.339" endtime="20231002 12:33:15.339"/>
</kw>
<kw name="Exit For Loop If" library="BuiltIn">
<arg>${result}</arg>
<doc>Stops executing the enclosing for loop if the ``condition`` is true.</doc>
<status status="PASS" starttime="20231002 12:33:15.339" endtime="20231002 12:33:15.340"/>
</kw>
<status status="PASS" starttime="20231002 12:33:12.359" endtime="20231002 12:33:15.340"/>
</iter>
<iter>
<var name="${i}">3</var>
<kw name="Run Keyword And Ignore Error" library="BuiltIn">
<var>${is_visible}</var>
<arg>AppiumLibrary.Wait until element is visible</arg>
<arg>${locator}</arg>
<arg>${timeout}</arg>
<doc>Runs the given keyword with the given arguments and ignores possible error.</doc>
<kw name="Wait Until Element Is Visible" library="AppiumLibrary">
<arg>${locator}</arg>
<arg>${timeout}</arg>
<doc>Waits until element specified with `locator` is visible.</doc>
<kw name="Capture Page Screenshot" library="AppiumLibrary">
<doc>Takes a screenshot of the current page and embeds it into the log.</doc>
<msg timestamp="20231002 12:33:18.169" level="INFO" html="true">&lt;/td&gt;&lt;/tr&gt;&lt;tr&gt;&lt;td colspan="3"&gt;&lt;a href="appium-screenshot-3.png"&gt;&lt;img src="appium-screenshot-3.png" width="800px"&gt;&lt;/a&gt;</msg>
<status status="PASS" starttime="20231002 12:33:17.430" endtime="20231002 12:33:18.169"/>
</kw>
<msg timestamp="20231002 12:33:18.171" level="FAIL">Element locator 'id=com.ebay.mobile:id/settings' did not match any elements after 2 seconds</msg>
<status status="FAIL" starttime="20231002 12:33:15.341" endtime="20231002 12:33:18.171"/>
</kw>
<msg timestamp="20231002 12:33:18.171" level="INFO">${is_visible} = ('FAIL', "Element locator 'id=com.ebay.mobile:id/settings' did not match any elements after 2 seconds")</msg>
<status status="PASS" starttime="20231002 12:33:15.340" endtime="20231002 12:33:18.171"/>
</kw>
<kw name="Convert To String" library="BuiltIn">
<var>${err_msg}</var>
<arg>${is_visible[1]}</arg>
<doc>Converts the given item to a Unicode string.</doc>
<msg timestamp="20231002 12:33:18.173" level="INFO">${err_msg} = Element locator 'id=com.ebay.mobile:id/settings' did not match any elements after 2 seconds</msg>
<status status="PASS" starttime="20231002 12:33:18.171" endtime="20231002 12:33:18.173"/>
</kw>
<kw name="Run Keyword And Return Status" library="BuiltIn">
<var>${is_not_stale}</var>
<arg>Should not contain</arg>
<arg>${err_msg}</arg>
<arg>StaleElementReferenceException</arg>
<doc>Runs the given keyword with given arguments and returns the status as a Boolean value.</doc>
<kw name="Should Not Contain" library="BuiltIn">
<arg>${err_msg}</arg>
<arg>StaleElementReferenceException</arg>
<doc>Fails if ``container`` contains ``item`` one or more times.</doc>
<status status="PASS" starttime="20231002 12:33:18.173" endtime="20231002 12:33:18.174"/>
</kw>
<msg timestamp="20231002 12:33:18.174" level="INFO">${is_not_stale} = True</msg>
<status status="PASS" starttime="20231002 12:33:18.173" endtime="20231002 12:33:18.174"/>
</kw>
<kw name="Run Keyword And Return Status" library="BuiltIn">
<var>${no_err_msg}</var>
<arg>Should be equal</arg>
<arg>${is_visible[0]}</arg>
<arg>PASS</arg>
<arg>msg=${err_msg}</arg>
<doc>Runs the given keyword with given arguments and returns the status as a Boolean value.</doc>
<kw name="Should Be Equal" library="BuiltIn">
<arg>${is_visible[0]}</arg>
<arg>PASS</arg>
<arg>msg=${err_msg}</arg>
<doc>Fails if the given objects are unequal.</doc>
<msg timestamp="20231002 12:33:18.178" level="FAIL">Element locator 'id=com.ebay.mobile:id/settings' did not match any elements after 2 seconds: FAIL != PASS</msg>
<status status="FAIL" starttime="20231002 12:33:18.175" endtime="20231002 12:33:18.178"/>
</kw>
<msg timestamp="20231002 12:33:18.178" level="INFO">${no_err_msg} = False</msg>
<status status="PASS" starttime="20231002 12:33:18.174" endtime="20231002 12:33:18.178"/>
</kw>
<kw name="Evaluate" library="BuiltIn">
<var>${result}</var>
<arg>${is_not_stale} and ${no_err_msg}</arg>
<doc>Evaluates the given expression in Python and returns the result.</doc>
<msg timestamp="20231002 12:33:18.179" level="INFO">${result} = False</msg>
<status status="PASS" starttime="20231002 12:33:18.178" endtime="20231002 12:33:18.179"/>
</kw>
<kw name="Exit For Loop If" library="BuiltIn">
<arg>${result}</arg>
<doc>Stops executing the enclosing for loop if the ``condition`` is true.</doc>
<status status="PASS" starttime="20231002 12:33:18.179" endtime="20231002 12:33:18.179"/>
</kw>
<status status="PASS" starttime="20231002 12:33:15.340" endtime="20231002 12:33:18.179"/>
</iter>
<iter>
<var name="${i}">4</var>
<kw name="Run Keyword And Ignore Error" library="BuiltIn">
<var>${is_visible}</var>
<arg>AppiumLibrary.Wait until element is visible</arg>
<arg>${locator}</arg>
<arg>${timeout}</arg>
<doc>Runs the given keyword with the given arguments and ignores possible error.</doc>
<kw name="Wait Until Element Is Visible" library="AppiumLibrary">
<arg>${locator}</arg>
<arg>${timeout}</arg>
<doc>Waits until element specified with `locator` is visible.</doc>
<kw name="Capture Page Screenshot" library="AppiumLibrary">
<doc>Takes a screenshot of the current page and embeds it into the log.</doc>
<msg timestamp="20231002 12:33:21.327" level="INFO" html="true">&lt;/td&gt;&lt;/tr&gt;&lt;tr&gt;&lt;td colspan="3"&gt;&lt;a href="appium-screenshot-4.png"&gt;&lt;img src="appium-screenshot-4.png" width="800px"&gt;&lt;/a&gt;</msg>
<status status="PASS" starttime="20231002 12:33:20.596" endtime="20231002 12:33:21.327"/>
</kw>
<msg timestamp="20231002 12:33:21.328" level="FAIL">Element locator 'id=com.ebay.mobile:id/settings' did not match any elements after 2 seconds</msg>
<status status="FAIL" starttime="20231002 12:33:18.180" endtime="20231002 12:33:21.328"/>
</kw>
<msg timestamp="20231002 12:33:21.329" level="INFO">${is_visible} = ('FAIL', "Element locator 'id=com.ebay.mobile:id/settings' did not match any elements after 2 seconds")</msg>
<status status="PASS" starttime="20231002 12:33:18.180" endtime="20231002 12:33:21.329"/>
</kw>
<kw name="Convert To String" library="BuiltIn">
<var>${err_msg}</var>
<arg>${is_visible[1]}</arg>
<doc>Converts the given item to a Unicode string.</doc>
<msg timestamp="20231002 12:33:21.330" level="INFO">${err_msg} = Element locator 'id=com.ebay.mobile:id/settings' did not match any elements after 2 seconds</msg>
<status status="PASS" starttime="20231002 12:33:21.329" endtime="20231002 12:33:21.330"/>
</kw>
<kw name="Run Keyword And Return Status" library="BuiltIn">
<var>${is_not_stale}</var>
<arg>Should not contain</arg>
<arg>${err_msg}</arg>
<arg>StaleElementReferenceException</arg>
<doc>Runs the given keyword with given arguments and returns the status as a Boolean value.</doc>
<kw name="Should Not Contain" library="BuiltIn">
<arg>${err_msg}</arg>
<arg>StaleElementReferenceException</arg>
<doc>Fails if ``container`` contains ``item`` one or more times.</doc>
<status status="PASS" starttime="20231002 12:33:21.331" endtime="20231002 12:33:21.331"/>
</kw>
<msg timestamp="20231002 12:33:21.331" level="INFO">${is_not_stale} = True</msg>
<status status="PASS" starttime="20231002 12:33:21.330" endtime="20231002 12:33:21.331"/>
</kw>
<kw name="Run Keyword And Return Status" library="BuiltIn">
<var>${no_err_msg}</var>
<arg>Should be equal</arg>
<arg>${is_visible[0]}</arg>
<arg>PASS</arg>
<arg>msg=${err_msg}</arg>
<doc>Runs the given keyword with given arguments and returns the status as a Boolean value.</doc>
<kw name="Should Be Equal" library="BuiltIn">
<arg>${is_visible[0]}</arg>
<arg>PASS</arg>
<arg>msg=${err_msg}</arg>
<doc>Fails if the given objects are unequal.</doc>
<msg timestamp="20231002 12:33:21.334" level="FAIL">Element locator 'id=com.ebay.mobile:id/settings' did not match any elements after 2 seconds: FAIL != PASS</msg>
<status status="FAIL" starttime="20231002 12:33:21.332" endtime="20231002 12:33:21.334"/>
</kw>
<msg timestamp="20231002 12:33:21.335" level="INFO">${no_err_msg} = False</msg>
<status status="PASS" starttime="20231002 12:33:21.331" endtime="20231002 12:33:21.335"/>
</kw>
<kw name="Evaluate" library="BuiltIn">
<var>${result}</var>
<arg>${is_not_stale} and ${no_err_msg}</arg>
<doc>Evaluates the given expression in Python and returns the result.</doc>
<msg timestamp="20231002 12:33:21.335" level="INFO">${result} = False</msg>
<status status="PASS" starttime="20231002 12:33:21.335" endtime="20231002 12:33:21.335"/>
</kw>
<kw name="Exit For Loop If" library="BuiltIn">
<arg>${result}</arg>
<doc>Stops executing the enclosing for loop if the ``condition`` is true.</doc>
<status status="PASS" starttime="20231002 12:33:21.335" endtime="20231002 12:33:21.336"/>
</kw>
<status status="PASS" starttime="20231002 12:33:18.180" endtime="20231002 12:33:21.336"/>
</iter>
<status status="PASS" starttime="20231002 12:33:09.416" endtime="20231002 12:33:21.336"/>
</for>
<kw name="Should Be True" library="BuiltIn">
<arg>${result}</arg>
<arg>msg="element either in stale mode or not visible, error message is ${err_msg}"</arg>
<doc>Fails if the given condition is not true.</doc>
<msg timestamp="20231002 12:33:21.337" level="FAIL">"element either in stale mode or not visible, error message is Element locator 'id=com.ebay.mobile:id/settings' did not match any elements after 2 seconds"</msg>
<status status="FAIL" starttime="20231002 12:33:21.336" endtime="20231002 12:33:21.337"/>
</kw>
<status status="FAIL" starttime="20231002 12:33:09.416" endtime="20231002 12:33:21.338"/>
</kw>
<msg timestamp="20231002 12:33:21.338" level="INFO">${element_status} = False</msg>
<status status="PASS" starttime="20231002 12:33:09.415" endtime="20231002 12:33:21.338"/>
</kw>
<if>
<branch type="IF" condition="'${element_status}'=='False'">
<kw name="Set resolution" library="DobbyAppCommon">
<arg>${scroll_panel}</arg>
<arg>${percent}</arg>
<doc>Set device resolution according to scroll element size</doc>
<kw name="Wait until element is visible except stale" library="DobbyAppCommon">
<arg>${scroll_element}</arg>
<doc>Wait until element is visible except stale</doc>
<for flavor="IN RANGE">
<var>${i}</var>
<value>1</value>
<value>${max_attempts}</value>
<iter>
<var name="${i}">1</var>
<kw name="Run Keyword And Ignore Error" library="BuiltIn">
<var>${is_visible}</var>
<arg>AppiumLibrary.Wait until element is visible</arg>
<arg>${locator}</arg>
<arg>${timeout}</arg>
<doc>Runs the given keyword with the given arguments and ignores possible error.</doc>
<kw name="Wait Until Element Is Visible" library="AppiumLibrary">
<arg>${locator}</arg>
<arg>${timeout}</arg>
<doc>Waits until element specified with `locator` is visible.</doc>
<status status="PASS" starttime="20231002 12:33:21.340" endtime="20231002 12:33:21.621"/>
</kw>
<msg timestamp="20231002 12:33:21.621" level="INFO">${is_visible} = ('PASS', None)</msg>
<status status="PASS" starttime="20231002 12:33:21.340" endtime="20231002 12:33:21.621"/>
</kw>
<kw name="Convert To String" library="BuiltIn">
<var>${err_msg}</var>
<arg>${is_visible[1]}</arg>
<doc>Converts the given item to a Unicode string.</doc>
<msg timestamp="20231002 12:33:21.625" level="INFO">${err_msg} = None</msg>
<status status="PASS" starttime="20231002 12:33:21.622" endtime="20231002 12:33:21.625"/>
</kw>
<kw name="Run Keyword And Return Status" library="BuiltIn">
<var>${is_not_stale}</var>
<arg>Should not contain</arg>
<arg>${err_msg}</arg>
<arg>StaleElementReferenceException</arg>
<doc>Runs the given keyword with given arguments and returns the status as a Boolean value.</doc>
<kw name="Should Not Contain" library="BuiltIn">
<arg>${err_msg}</arg>
<arg>StaleElementReferenceException</arg>
<doc>Fails if ``container`` contains ``item`` one or more times.</doc>
<status status="PASS" starttime="20231002 12:33:21.626" endtime="20231002 12:33:21.627"/>
</kw>
<msg timestamp="20231002 12:33:21.627" level="INFO">${is_not_stale} = True</msg>
<status status="PASS" starttime="20231002 12:33:21.626" endtime="20231002 12:33:21.627"/>
</kw>
<kw name="Run Keyword And Return Status" library="BuiltIn">
<var>${no_err_msg}</var>
<arg>Should be equal</arg>
<arg>${is_visible[0]}</arg>
<arg>PASS</arg>
<arg>msg=${err_msg}</arg>
<doc>Runs the given keyword with given arguments and returns the status as a Boolean value.</doc>
<kw name="Should Be Equal" library="BuiltIn">
<arg>${is_visible[0]}</arg>
<arg>PASS</arg>
<arg>msg=${err_msg}</arg>
<doc>Fails if the given objects are unequal.</doc>
<status status="PASS" starttime="20231002 12:33:21.628" endtime="20231002 12:33:21.630"/>
</kw>
<msg timestamp="20231002 12:33:21.630" level="INFO">${no_err_msg} = True</msg>
<status status="PASS" starttime="20231002 12:33:21.627" endtime="20231002 12:33:21.630"/>
</kw>
<kw name="Evaluate" library="BuiltIn">
<var>${result}</var>
<arg>${is_not_stale} and ${no_err_msg}</arg>
<doc>Evaluates the given expression in Python and returns the result.</doc>
<msg timestamp="20231002 12:33:21.631" level="INFO">${result} = True</msg>
<status status="PASS" starttime="20231002 12:33:21.631" endtime="20231002 12:33:21.631"/>
</kw>
<kw name="Exit For Loop If" library="BuiltIn">
<arg>${result}</arg>
<doc>Stops executing the enclosing for loop if the ``condition`` is true.</doc>
<msg timestamp="20231002 12:33:21.632" level="INFO">Exiting for loop altogether.</msg>
<status status="PASS" starttime="20231002 12:33:21.631" endtime="20231002 12:33:21.632"/>
</kw>
<status status="PASS" starttime="20231002 12:33:21.340" endtime="20231002 12:33:21.632"/>
</iter>
<status status="PASS" starttime="20231002 12:33:21.340" endtime="20231002 12:33:21.633"/>
</for>
<kw name="Should Be True" library="BuiltIn">
<arg>${result}</arg>
<arg>msg="element either in stale mode or not visible, error message is ${err_msg}"</arg>
<doc>Fails if the given condition is not true.</doc>
<status status="PASS" starttime="20231002 12:33:21.633" endtime="20231002 12:33:21.633"/>
</kw>
<status status="PASS" starttime="20231002 12:33:21.339" endtime="20231002 12:33:21.633"/>
</kw>
<kw name="Get Element Size" library="AppiumLibrary">
<var>${getsize}</var>
<arg>${scroll_element}</arg>
<doc>Get element size</doc>
<msg timestamp="20231002 12:33:21.739" level="INFO">Element 'id=android:id/content' size: {'height': 1848, 'width': 1080} </msg>
<msg timestamp="20231002 12:33:21.739" level="INFO">${getsize} = {'height': 1848, 'width': 1080}</msg>
<status status="PASS" starttime="20231002 12:33:21.634" endtime="20231002 12:33:21.740"/>
</kw>
<kw name="Get Element Location" library="AppiumLibrary">
<var>${getcoor}</var>
<arg>${scroll_element}</arg>
<doc>Get element location</doc>
<msg timestamp="20231002 12:33:21.817" level="INFO">Element 'id=android:id/content' location: {'x': 0, 'y': 72} </msg>
<msg timestamp="20231002 12:33:21.817" level="INFO">${getcoor} = {'x': 0, 'y': 72}</msg>
<status status="PASS" starttime="20231002 12:33:21.740" endtime="20231002 12:33:21.817"/>
</kw>
<kw name="Evaluate" library="BuiltIn">
<var>${center_x}</var>
<arg>${getcoor['x']}+${getsize['width']}/2</arg>
<doc>Evaluates the given expression in Python and returns the result.</doc>
<msg timestamp="20231002 12:33:21.820" level="INFO">${center_x} = 540.0</msg>
<status status="PASS" starttime="20231002 12:33:21.818" endtime="20231002 12:33:21.820"/>
</kw>
<kw name="Evaluate" library="BuiltIn">
<var>${center_y}</var>
<arg>${getcoor['y']}+${getsize['height']}/2</arg>
<doc>Evaluates the given expression in Python and returns the result.</doc>
<msg timestamp="20231002 12:33:21.822" level="INFO">${center_y} = 996.0</msg>
<status status="PASS" starttime="20231002 12:33:21.820" endtime="20231002 12:33:21.822"/>
</kw>
<kw name="Evaluate" library="BuiltIn">
<var>${sideways_center_point}</var>
<arg>${getsize['width']}/2</arg>
<doc>Evaluates the given expression in Python and returns the result.</doc>
<msg timestamp="20231002 12:33:21.823" level="INFO">${sideways_center_point} = 540.0</msg>
<status status="PASS" starttime="20231002 12:33:21.822" endtime="20231002 12:33:21.823"/>
</kw>
<kw name="Evaluate" library="BuiltIn">
<var>${newY}</var>
<arg>${center_y}-${center_y}*${percent}</arg>
<doc>Evaluates the given expression in Python and returns the result.</doc>
<msg timestamp="20231002 12:33:21.824" level="INFO">${newY} = 498.0</msg>
<status status="PASS" starttime="20231002 12:33:21.823" endtime="20231002 12:33:21.824"/>
</kw>
<kw name="Evaluate" library="BuiltIn">
<var>${bottomY}</var>
<arg>${center_y}-${newY}</arg>
<doc>Evaluates the given expression in Python and returns the result.</doc>
<msg timestamp="20231002 12:33:21.824" level="INFO">${bottomY} = 498.0</msg>
<status status="PASS" starttime="20231002 12:33:21.824" endtime="20231002 12:33:21.824"/>
</kw>
<kw name="Evaluate" library="BuiltIn">
<var>${newx}</var>
<arg>${center_x}-${center_x}*${percent}</arg>
<doc>Evaluates the given expression in Python and returns the result.</doc>
<msg timestamp="20231002 12:33:21.825" level="INFO">${newx} = 270.0</msg>
<status status="PASS" starttime="20231002 12:33:21.825" endtime="20231002 12:33:21.825"/>
</kw>
<kw name="Set Test Variable" library="BuiltIn">
<arg>${center_x}</arg>
<doc>Makes a variable available everywhere within the scope of the current test.</doc>
<msg timestamp="20231002 12:33:21.826" level="INFO">${center_x} = 540.0</msg>
<status status="PASS" starttime="20231002 12:33:21.825" endtime="20231002 12:33:21.826"/>
</kw>
<kw name="Set Test Variable" library="BuiltIn">
<arg>${center_y}</arg>
<doc>Makes a variable available everywhere within the scope of the current test.</doc>
<msg timestamp="20231002 12:33:21.826" level="INFO">${center_y} = 996.0</msg>
<status status="PASS" starttime="20231002 12:33:21.826" endtime="20231002 12:33:21.826"/>
</kw>
<kw name="Set Test Variable" library="BuiltIn">
<arg>${newY}</arg>
<doc>Makes a variable available everywhere within the scope of the current test.</doc>
<msg timestamp="20231002 12:33:21.827" level="INFO">${newY} = 498.0</msg>
<status status="PASS" starttime="20231002 12:33:21.827" endtime="20231002 12:33:21.827"/>
</kw>
<kw name="Set Test Variable" library="BuiltIn">
<arg>${bottomY}</arg>
<doc>Makes a variable available everywhere within the scope of the current test.</doc>
<msg timestamp="20231002 12:33:21.828" level="INFO">${bottomY} = 498.0</msg>
<status status="PASS" starttime="20231002 12:33:21.827" endtime="20231002 12:33:21.828"/>
</kw>
<kw name="Set Test Variable" library="BuiltIn">
<arg>${newx}</arg>
<doc>Makes a variable available everywhere within the scope of the current test.</doc>
<msg timestamp="20231002 12:33:21.828" level="INFO">${newx} = 270.0</msg>
<status status="PASS" starttime="20231002 12:33:21.828" endtime="20231002 12:33:21.829"/>
</kw>
<status status="PASS" starttime="20231002 12:33:21.339" endtime="20231002 12:33:21.829"/>
</kw>
<for flavor="IN RANGE">
<var>${i}</var>
<value>${number_of_scroll}</value>
<iter>
<var name="${i}">0</var>
<kw name="Move to" library="DobbyAppCommon">
<arg>${moveto}</arg>
<doc>Move to used this keyword with set resolution</doc>
<if>
<branch type="IF" condition="&quot;${moveto}&quot;==&quot;Left&quot;">
<kw name="Swipe" library="AppiumLibrary">
<arg>${center_x}</arg>
<arg>${center_y}</arg>
<arg>${newx}</arg>
<arg>${center_y}</arg>
<arg>1500</arg>
<doc>Swipe from one point to another point, for an optional duration.</doc>
<status status="NOT RUN" starttime="20231002 12:33:21.831" endtime="20231002 12:33:21.831"/>
</kw>
<status status="NOT RUN" starttime="20231002 12:33:21.830" endtime="20231002 12:33:21.831"/>
</branch>
<branch type="ELSE IF" condition="&quot;${moveto}&quot;==&quot;Right&quot;">
<kw name="Swipe" library="AppiumLibrary">
<arg>${newx}</arg>
<arg>${center_y}</arg>
<arg>${center_x}</arg>
<arg>${center_y}</arg>
<arg>1500</arg>
<doc>Swipe from one point to another point, for an optional duration.</doc>
<status status="NOT RUN" starttime="20231002 12:33:21.831" endtime="20231002 12:33:21.831"/>
</kw>
<status status="NOT RUN" starttime="20231002 12:33:21.831" endtime="20231002 12:33:21.831"/>
</branch>
<branch type="ELSE IF" condition="&quot;${moveto}&quot;==&quot;Top&quot;">
<kw name="Swipe" library="AppiumLibrary">
<arg>${center_x}</arg>
<arg>${center_y}</arg>
<arg>${center_x}</arg>
<arg>${newY}</arg>
<arg>2500</arg>
<doc>Swipe from one point to another point, for an optional duration.</doc>
<status status="PASS" starttime="20231002 12:33:21.832" endtime="20231002 12:33:23.811"/>
</kw>
<status status="PASS" starttime="20231002 12:33:21.832" endtime="20231002 12:33:23.812"/>
</branch>
<branch type="ELSE IF" condition="&quot;${moveto}&quot;==&quot;Bottom&quot;">
<kw name="Swipe" library="AppiumLibrary">
<arg>${center_x}</arg>
<arg>${newY}</arg>
<arg>${center_x}</arg>
<arg>${center_y}</arg>
<arg>2500</arg>
<doc>Swipe from one point to another point, for an optional duration.</doc>
<status status="NOT RUN" starttime="20231002 12:33:23.813" endtime="20231002 12:33:23.814"/>
</kw>
<status status="NOT RUN" starttime="20231002 12:33:23.813" endtime="20231002 12:33:23.814"/>
</branch>
<status status="PASS" starttime="20231002 12:33:21.830" endtime="20231002 12:33:23.814"/>
</if>
<status status="PASS" starttime="20231002 12:33:21.830" endtime="20231002 12:33:23.815"/>
</kw>
<kw name="Run Keyword And Return Status" library="BuiltIn">
<var>${element_status}</var>
<arg>DobbyAppCommon.Wait until element is visible except stale</arg>
<arg>${target_element}</arg>
<arg>${timeout}</arg>
<doc>Runs the given keyword with given arguments and returns the status as a Boolean value.</doc>
<kw name="Wait until element is visible except stale" library="DobbyAppCommon">
<arg>${target_element}</arg>
<arg>${timeout}</arg>
<doc>Wait until element is visible except stale</doc>
<for flavor="IN RANGE">
<var>${i}</var>
<value>1</value>
<value>${max_attempts}</value>
<iter>
<var name="${i}">1</var>
<kw name="Run Keyword And Ignore Error" library="BuiltIn">
<var>${is_visible}</var>
<arg>AppiumLibrary.Wait until element is visible</arg>
<arg>${locator}</arg>
<arg>${timeout}</arg>
<doc>Runs the given keyword with the given arguments and ignores possible error.</doc>
<kw name="Wait Until Element Is Visible" library="AppiumLibrary">
<arg>${locator}</arg>
<arg>${timeout}</arg>
<doc>Waits until element specified with `locator` is visible.</doc>
<kw name="Capture Page Screenshot" library="AppiumLibrary">
<doc>Takes a screenshot of the current page and embeds it into the log.</doc>
<msg timestamp="20231002 12:33:26.811" level="INFO" html="true">&lt;/td&gt;&lt;/tr&gt;&lt;tr&gt;&lt;td colspan="3"&gt;&lt;a href="appium-screenshot-5.png"&gt;&lt;img src="appium-screenshot-5.png" width="800px"&gt;&lt;/a&gt;</msg>
<status status="PASS" starttime="20231002 12:33:26.087" endtime="20231002 12:33:26.811"/>
</kw>
<msg timestamp="20231002 12:33:26.814" level="FAIL">Element locator 'id=com.ebay.mobile:id/settings' did not match any elements after 2 seconds</msg>
<status status="FAIL" starttime="20231002 12:33:23.819" endtime="20231002 12:33:26.814"/>
</kw>
<msg timestamp="20231002 12:33:26.814" level="INFO">${is_visible} = ('FAIL', "Element locator 'id=com.ebay.mobile:id/settings' did not match any elements after 2 seconds")</msg>
<status status="PASS" starttime="20231002 12:33:23.818" endtime="20231002 12:33:26.814"/>
</kw>
<kw name="Convert To String" library="BuiltIn">
<var>${err_msg}</var>
<arg>${is_visible[1]}</arg>
<doc>Converts the given item to a Unicode string.</doc>
<msg timestamp="20231002 12:33:26.819" level="INFO">${err_msg} = Element locator 'id=com.ebay.mobile:id/settings' did not match any elements after 2 seconds</msg>
<status status="PASS" starttime="20231002 12:33:26.815" endtime="20231002 12:33:26.819"/>
</kw>
<kw name="Run Keyword And Return Status" library="BuiltIn">
<var>${is_not_stale}</var>
<arg>Should not contain</arg>
<arg>${err_msg}</arg>
<arg>StaleElementReferenceException</arg>
<doc>Runs the given keyword with given arguments and returns the status as a Boolean value.</doc>
<kw name="Should Not Contain" library="BuiltIn">
<arg>${err_msg}</arg>
<arg>StaleElementReferenceException</arg>
<doc>Fails if ``container`` contains ``item`` one or more times.</doc>
<status status="PASS" starttime="20231002 12:33:26.819" endtime="20231002 12:33:26.820"/>
</kw>
<msg timestamp="20231002 12:33:26.820" level="INFO">${is_not_stale} = True</msg>
<status status="PASS" starttime="20231002 12:33:26.819" endtime="20231002 12:33:26.820"/>
</kw>
<kw name="Run Keyword And Return Status" library="BuiltIn">
<var>${no_err_msg}</var>
<arg>Should be equal</arg>
<arg>${is_visible[0]}</arg>
<arg>PASS</arg>
<arg>msg=${err_msg}</arg>
<doc>Runs the given keyword with given arguments and returns the status as a Boolean value.</doc>
<kw name="Should Be Equal" library="BuiltIn">
<arg>${is_visible[0]}</arg>
<arg>PASS</arg>
<arg>msg=${err_msg}</arg>
<doc>Fails if the given objects are unequal.</doc>
<msg timestamp="20231002 12:33:26.823" level="FAIL">Element locator 'id=com.ebay.mobile:id/settings' did not match any elements after 2 seconds: FAIL != PASS</msg>
<status status="FAIL" starttime="20231002 12:33:26.820" endtime="20231002 12:33:26.823"/>
</kw>
<msg timestamp="20231002 12:33:26.823" level="INFO">${no_err_msg} = False</msg>
<status status="PASS" starttime="20231002 12:33:26.820" endtime="20231002 12:33:26.823"/>
</kw>
<kw name="Evaluate" library="BuiltIn">
<var>${result}</var>
<arg>${is_not_stale} and ${no_err_msg}</arg>
<doc>Evaluates the given expression in Python and returns the result.</doc>
<msg timestamp="20231002 12:33:26.824" level="INFO">${result} = False</msg>
<status status="PASS" starttime="20231002 12:33:26.823" endtime="20231002 12:33:26.824"/>
</kw>
<kw name="Exit For Loop If" library="BuiltIn">
<arg>${result}</arg>
<doc>Stops executing the enclosing for loop if the ``condition`` is true.</doc>
<status status="PASS" starttime="20231002 12:33:26.824" endtime="20231002 12:33:26.824"/>
</kw>
<status status="PASS" starttime="20231002 12:33:23.817" endtime="20231002 12:33:26.824"/>
</iter>
<iter>
<var name="${i}">2</var>
<kw name="Run Keyword And Ignore Error" library="BuiltIn">
<var>${is_visible}</var>
<arg>AppiumLibrary.Wait until element is visible</arg>
<arg>${locator}</arg>
<arg>${timeout}</arg>
<doc>Runs the given keyword with the given arguments and ignores possible error.</doc>
<kw name="Wait Until Element Is Visible" library="AppiumLibrary">
<arg>${locator}</arg>
<arg>${timeout}</arg>
<doc>Waits until element specified with `locator` is visible.</doc>
<kw name="Capture Page Screenshot" library="AppiumLibrary">
<doc>Takes a screenshot of the current page and embeds it into the log.</doc>
<msg timestamp="20231002 12:33:29.610" level="INFO" html="true">&lt;/td&gt;&lt;/tr&gt;&lt;tr&gt;&lt;td colspan="3"&gt;&lt;a href="appium-screenshot-6.png"&gt;&lt;img src="appium-screenshot-6.png" width="800px"&gt;&lt;/a&gt;</msg>
<status status="PASS" starttime="20231002 12:33:28.879" endtime="20231002 12:33:29.611"/>
</kw>
<msg timestamp="20231002 12:33:29.613" level="FAIL">Element locator 'id=com.ebay.mobile:id/settings' did not match any elements after 2 seconds</msg>
<status status="FAIL" starttime="20231002 12:33:26.826" endtime="20231002 12:33:29.613"/>
</kw>
<msg timestamp="20231002 12:33:29.614" level="INFO">${is_visible} = ('FAIL', "Element locator 'id=com.ebay.mobile:id/settings' did not match any elements after 2 seconds")</msg>
<status status="PASS" starttime="20231002 12:33:26.825" endtime="20231002 12:33:29.614"/>
</kw>
<kw name="Convert To String" library="BuiltIn">
<var>${err_msg}</var>
<arg>${is_visible[1]}</arg>
<doc>Converts the given item to a Unicode string.</doc>
<msg timestamp="20231002 12:33:29.618" level="INFO">${err_msg} = Element locator 'id=com.ebay.mobile:id/settings' did not match any elements after 2 seconds</msg>
<status status="PASS" starttime="20231002 12:33:29.615" endtime="20231002 12:33:29.618"/>
</kw>
<kw name="Run Keyword And Return Status" library="BuiltIn">
<var>${is_not_stale}</var>
<arg>Should not contain</arg>
<arg>${err_msg}</arg>
<arg>StaleElementReferenceException</arg>
<doc>Runs the given keyword with given arguments and returns the status as a Boolean value.</doc>
<kw name="Should Not Contain" library="BuiltIn">
<arg>${err_msg}</arg>
<arg>StaleElementReferenceException</arg>
<doc>Fails if ``container`` contains ``item`` one or more times.</doc>
<status status="PASS" starttime="20231002 12:33:29.619" endtime="20231002 12:33:29.619"/>
</kw>
<msg timestamp="20231002 12:33:29.620" level="INFO">${is_not_stale} = True</msg>
<status status="PASS" starttime="20231002 12:33:29.619" endtime="20231002 12:33:29.620"/>
</kw>
<kw name="Run Keyword And Return Status" library="BuiltIn">
<var>${no_err_msg}</var>
<arg>Should be equal</arg>
<arg>${is_visible[0]}</arg>
<arg>PASS</arg>
<arg>msg=${err_msg}</arg>
<doc>Runs the given keyword with given arguments and returns the status as a Boolean value.</doc>
<kw name="Should Be Equal" library="BuiltIn">
<arg>${is_visible[0]}</arg>
<arg>PASS</arg>
<arg>msg=${err_msg}</arg>
<doc>Fails if the given objects are unequal.</doc>
<msg timestamp="20231002 12:33:29.623" level="FAIL">Element locator 'id=com.ebay.mobile:id/settings' did not match any elements after 2 seconds: FAIL != PASS</msg>
<status status="FAIL" starttime="20231002 12:33:29.620" endtime="20231002 12:33:29.623"/>
</kw>
<msg timestamp="20231002 12:33:29.623" level="INFO">${no_err_msg} = False</msg>
<status status="PASS" starttime="20231002 12:33:29.620" endtime="20231002 12:33:29.623"/>
</kw>
<kw name="Evaluate" library="BuiltIn">
<var>${result}</var>
<arg>${is_not_stale} and ${no_err_msg}</arg>
<doc>Evaluates the given expression in Python and returns the result.</doc>
<msg timestamp="20231002 12:33:29.624" level="INFO">${result} = False</msg>
<status status="PASS" starttime="20231002 12:33:29.623" endtime="20231002 12:33:29.624"/>
</kw>
<kw name="Exit For Loop If" library="BuiltIn">
<arg>${result}</arg>
<doc>Stops executing the enclosing for loop if the ``condition`` is true.</doc>
<status status="PASS" starttime="20231002 12:33:29.624" endtime="20231002 12:33:29.624"/>
</kw>
<status status="PASS" starttime="20231002 12:33:26.825" endtime="20231002 12:33:29.624"/>
</iter>
<iter>
<var name="${i}">3</var>
<kw name="Run Keyword And Ignore Error" library="BuiltIn">
<var>${is_visible}</var>
<arg>AppiumLibrary.Wait until element is visible</arg>
<arg>${locator}</arg>
<arg>${timeout}</arg>
<doc>Runs the given keyword with the given arguments and ignores possible error.</doc>
<kw name="Wait Until Element Is Visible" library="AppiumLibrary">
<arg>${locator}</arg>
<arg>${timeout}</arg>
<doc>Waits until element specified with `locator` is visible.</doc>
<kw name="Capture Page Screenshot" library="AppiumLibrary">
<doc>Takes a screenshot of the current page and embeds it into the log.</doc>
<msg timestamp="20231002 12:33:32.465" level="INFO" html="true">&lt;/td&gt;&lt;/tr&gt;&lt;tr&gt;&lt;td colspan="3"&gt;&lt;a href="appium-screenshot-7.png"&gt;&lt;img src="appium-screenshot-7.png" width="800px"&gt;&lt;/a&gt;</msg>
<status status="PASS" starttime="20231002 12:33:31.730" endtime="20231002 12:33:32.465"/>
</kw>
<msg timestamp="20231002 12:33:32.468" level="FAIL">Element locator 'id=com.ebay.mobile:id/settings' did not match any elements after 2 seconds</msg>
<status status="FAIL" starttime="20231002 12:33:29.625" endtime="20231002 12:33:32.468"/>
</kw>
<msg timestamp="20231002 12:33:32.468" level="INFO">${is_visible} = ('FAIL', "Element locator 'id=com.ebay.mobile:id/settings' did not match any elements after 2 seconds")</msg>
<status status="PASS" starttime="20231002 12:33:29.625" endtime="20231002 12:33:32.468"/>
</kw>
<kw name="Convert To String" library="BuiltIn">
<var>${err_msg}</var>
<arg>${is_visible[1]}</arg>
<doc>Converts the given item to a Unicode string.</doc>
<msg timestamp="20231002 12:33:32.472" level="INFO">${err_msg} = Element locator 'id=com.ebay.mobile:id/settings' did not match any elements after 2 seconds</msg>
<status status="PASS" starttime="20231002 12:33:32.469" endtime="20231002 12:33:32.472"/>
</kw>
<kw name="Run Keyword And Return Status" library="BuiltIn">
<var>${is_not_stale}</var>
<arg>Should not contain</arg>
<arg>${err_msg}</arg>
<arg>StaleElementReferenceException</arg>
<doc>Runs the given keyword with given arguments and returns the status as a Boolean value.</doc>
<kw name="Should Not Contain" library="BuiltIn">
<arg>${err_msg}</arg>
<arg>StaleElementReferenceException</arg>
<doc>Fails if ``container`` contains ``item`` one or more times.</doc>
<status status="PASS" starttime="20231002 12:33:32.473" endtime="20231002 12:33:32.473"/>
</kw>
<msg timestamp="20231002 12:33:32.473" level="INFO">${is_not_stale} = True</msg>
<status status="PASS" starttime="20231002 12:33:32.472" endtime="20231002 12:33:32.473"/>
</kw>
<kw name="Run Keyword And Return Status" library="BuiltIn">
<var>${no_err_msg}</var>
<arg>Should be equal</arg>
<arg>${is_visible[0]}</arg>
<arg>PASS</arg>
<arg>msg=${err_msg}</arg>
<doc>Runs the given keyword with given arguments and returns the status as a Boolean value.</doc>
<kw name="Should Be Equal" library="BuiltIn">
<arg>${is_visible[0]}</arg>
<arg>PASS</arg>
<arg>msg=${err_msg}</arg>
<doc>Fails if the given objects are unequal.</doc>
<msg timestamp="20231002 12:33:32.476" level="FAIL">Element locator 'id=com.ebay.mobile:id/settings' did not match any elements after 2 seconds: FAIL != PASS</msg>
<status status="FAIL" starttime="20231002 12:33:32.474" endtime="20231002 12:33:32.476"/>
</kw>
<msg timestamp="20231002 12:33:32.477" level="INFO">${no_err_msg} = False</msg>
<status status="PASS" starttime="20231002 12:33:32.474" endtime="20231002 12:33:32.477"/>
</kw>
<kw name="Evaluate" library="BuiltIn">
<var>${result}</var>
<arg>${is_not_stale} and ${no_err_msg}</arg>
<doc>Evaluates the given expression in Python and returns the result.</doc>
<msg timestamp="20231002 12:33:32.477" level="INFO">${result} = False</msg>
<status status="PASS" starttime="20231002 12:33:32.477" endtime="20231002 12:33:32.477"/>
</kw>
<kw name="Exit For Loop If" library="BuiltIn">
<arg>${result}</arg>
<doc>Stops executing the enclosing for loop if the ``condition`` is true.</doc>
<status status="PASS" starttime="20231002 12:33:32.478" endtime="20231002 12:33:32.478"/>
</kw>
<status status="PASS" starttime="20231002 12:33:29.625" endtime="20231002 12:33:32.478"/>
</iter>
<iter>
<var name="${i}">4</var>
<kw name="Run Keyword And Ignore Error" library="BuiltIn">
<var>${is_visible}</var>
<arg>AppiumLibrary.Wait until element is visible</arg>
<arg>${locator}</arg>
<arg>${timeout}</arg>
<doc>Runs the given keyword with the given arguments and ignores possible error.</doc>
<kw name="Wait Until Element Is Visible" library="AppiumLibrary">
<arg>${locator}</arg>
<arg>${timeout}</arg>
<doc>Waits until element specified with `locator` is visible.</doc>
<kw name="Capture Page Screenshot" library="AppiumLibrary">
<doc>Takes a screenshot of the current page and embeds it into the log.</doc>
<msg timestamp="20231002 12:33:35.473" level="INFO" html="true">&lt;/td&gt;&lt;/tr&gt;&lt;tr&gt;&lt;td colspan="3"&gt;&lt;a href="appium-screenshot-8.png"&gt;&lt;img src="appium-screenshot-8.png" width="800px"&gt;&lt;/a&gt;</msg>
<status status="PASS" starttime="20231002 12:33:34.736" endtime="20231002 12:33:35.473"/>
</kw>
<msg timestamp="20231002 12:33:35.476" level="FAIL">Element locator 'id=com.ebay.mobile:id/settings' did not match any elements after 2 seconds</msg>
<status status="FAIL" starttime="20231002 12:33:32.479" endtime="20231002 12:33:35.476"/>
</kw>
<msg timestamp="20231002 12:33:35.477" level="INFO">${is_visible} = ('FAIL', "Element locator 'id=com.ebay.mobile:id/settings' did not match any elements after 2 seconds")</msg>
<status status="PASS" starttime="20231002 12:33:32.479" endtime="20231002 12:33:35.477"/>
</kw>
<kw name="Convert To String" library="BuiltIn">
<var>${err_msg}</var>
<arg>${is_visible[1]}</arg>
<doc>Converts the given item to a Unicode string.</doc>
<msg timestamp="20231002 12:33:35.482" level="INFO">${err_msg} = Element locator 'id=com.ebay.mobile:id/settings' did not match any elements after 2 seconds</msg>
<status status="PASS" starttime="20231002 12:33:35.478" endtime="20231002 12:33:35.482"/>
</kw>
<kw name="Run Keyword And Return Status" library="BuiltIn">
<var>${is_not_stale}</var>
<arg>Should not contain</arg>
<arg>${err_msg}</arg>
<arg>StaleElementReferenceException</arg>
<doc>Runs the given keyword with given arguments and returns the status as a Boolean value.</doc>
<kw name="Should Not Contain" library="BuiltIn">
<arg>${err_msg}</arg>
<arg>StaleElementReferenceException</arg>
<doc>Fails if ``container`` contains ``item`` one or more times.</doc>
<status status="PASS" starttime="20231002 12:33:35.483" endtime="20231002 12:33:35.483"/>
</kw>
<msg timestamp="20231002 12:33:35.483" level="INFO">${is_not_stale} = True</msg>
<status status="PASS" starttime="20231002 12:33:35.482" endtime="20231002 12:33:35.483"/>
</kw>
<kw name="Run Keyword And Return Status" library="BuiltIn">
<var>${no_err_msg}</var>
<arg>Should be equal</arg>
<arg>${is_visible[0]}</arg>
<arg>PASS</arg>
<arg>msg=${err_msg}</arg>
<doc>Runs the given keyword with given arguments and returns the status as a Boolean value.</doc>
<kw name="Should Be Equal" library="BuiltIn">
<arg>${is_visible[0]}</arg>
<arg>PASS</arg>
<arg>msg=${err_msg}</arg>
<doc>Fails if the given objects are unequal.</doc>
<msg timestamp="20231002 12:33:35.486" level="FAIL">Element locator 'id=com.ebay.mobile:id/settings' did not match any elements after 2 seconds: FAIL != PASS</msg>
<status status="FAIL" starttime="20231002 12:33:35.484" endtime="20231002 12:33:35.486"/>
</kw>
<msg timestamp="20231002 12:33:35.486" level="INFO">${no_err_msg} = False</msg>
<status status="PASS" starttime="20231002 12:33:35.483" endtime="20231002 12:33:35.486"/>
</kw>
<kw name="Evaluate" library="BuiltIn">
<var>${result}</var>
<arg>${is_not_stale} and ${no_err_msg}</arg>
<doc>Evaluates the given expression in Python and returns the result.</doc>
<msg timestamp="20231002 12:33:35.487" level="INFO">${result} = False</msg>
<status status="PASS" starttime="20231002 12:33:35.487" endtime="20231002 12:33:35.487"/>
</kw>
<kw name="Exit For Loop If" library="BuiltIn">
<arg>${result}</arg>
<doc>Stops executing the enclosing for loop if the ``condition`` is true.</doc>
<status status="PASS" starttime="20231002 12:33:35.487" endtime="20231002 12:33:35.488"/>
</kw>
<status status="PASS" starttime="20231002 12:33:32.478" endtime="20231002 12:33:35.488"/>
</iter>
<status status="PASS" starttime="20231002 12:33:23.817" endtime="20231002 12:33:35.488"/>
</for>
<kw name="Should Be True" library="BuiltIn">
<arg>${result}</arg>
<arg>msg="element either in stale mode or not visible, error message is ${err_msg}"</arg>
<doc>Fails if the given condition is not true.</doc>
<msg timestamp="20231002 12:33:35.489" level="FAIL">"element either in stale mode or not visible, error message is Element locator 'id=com.ebay.mobile:id/settings' did not match any elements after 2 seconds"</msg>
<status status="FAIL" starttime="20231002 12:33:35.488" endtime="20231002 12:33:35.489"/>
</kw>
<status status="FAIL" starttime="20231002 12:33:23.816" endtime="20231002 12:33:35.490"/>
</kw>
<msg timestamp="20231002 12:33:35.491" level="INFO">${element_status} = False</msg>
<status status="PASS" starttime="20231002 12:33:23.815" endtime="20231002 12:33:35.491"/>
</kw>
<kw name="Exit For Loop If" library="BuiltIn">
<arg>${element_status}</arg>
<doc>Stops executing the enclosing for loop if the ``condition`` is true.</doc>
<status status="PASS" starttime="20231002 12:33:35.491" endtime="20231002 12:33:35.491"/>
</kw>
<status status="PASS" starttime="20231002 12:33:21.829" endtime="20231002 12:33:35.491"/>
</iter>
<iter>
<var name="${i}">1</var>
<kw name="Move to" library="DobbyAppCommon">
<arg>${moveto}</arg>
<doc>Move to used this keyword with set resolution</doc>
<if>
<branch type="IF" condition="&quot;${moveto}&quot;==&quot;Left&quot;">
<kw name="Swipe" library="AppiumLibrary">
<arg>${center_x}</arg>
<arg>${center_y}</arg>
<arg>${newx}</arg>
<arg>${center_y}</arg>
<arg>1500</arg>
<doc>Swipe from one point to another point, for an optional duration.</doc>
<status status="NOT RUN" starttime="20231002 12:33:35.492" endtime="20231002 12:33:35.493"/>
</kw>
<status status="NOT RUN" starttime="20231002 12:33:35.492" endtime="20231002 12:33:35.493"/>
</branch>
<branch type="ELSE IF" condition="&quot;${moveto}&quot;==&quot;Right&quot;">
<kw name="Swipe" library="AppiumLibrary">
<arg>${newx}</arg>
<arg>${center_y}</arg>
<arg>${center_x}</arg>
<arg>${center_y}</arg>
<arg>1500</arg>
<doc>Swipe from one point to another point, for an optional duration.</doc>
<status status="NOT RUN" starttime="20231002 12:33:35.493" endtime="20231002 12:33:35.493"/>
</kw>
<status status="NOT RUN" starttime="20231002 12:33:35.493" endtime="20231002 12:33:35.493"/>
</branch>
<branch type="ELSE IF" condition="&quot;${moveto}&quot;==&quot;Top&quot;">
<kw name="Swipe" library="AppiumLibrary">
<arg>${center_x}</arg>
<arg>${center_y}</arg>
<arg>${center_x}</arg>
<arg>${newY}</arg>
<arg>2500</arg>
<doc>Swipe from one point to another point, for an optional duration.</doc>
<status status="PASS" starttime="20231002 12:33:35.494" endtime="20231002 12:33:37.468"/>
</kw>
<status status="PASS" starttime="20231002 12:33:35.493" endtime="20231002 12:33:37.469"/>
</branch>
<branch type="ELSE IF" condition="&quot;${moveto}&quot;==&quot;Bottom&quot;">
<kw name="Swipe" library="AppiumLibrary">
<arg>${center_x}</arg>
<arg>${newY}</arg>
<arg>${center_x}</arg>
<arg>${center_y}</arg>
<arg>2500</arg>
<doc>Swipe from one point to another point, for an optional duration.</doc>
<status status="NOT RUN" starttime="20231002 12:33:37.470" endtime="20231002 12:33:37.471"/>
</kw>
<status status="NOT RUN" starttime="20231002 12:33:37.469" endtime="20231002 12:33:37.471"/>
</branch>
<status status="PASS" starttime="20231002 12:33:35.492" endtime="20231002 12:33:37.471"/>
</if>
<status status="PASS" starttime="20231002 12:33:35.492" endtime="20231002 12:33:37.471"/>
</kw>
<kw name="Run Keyword And Return Status" library="BuiltIn">
<var>${element_status}</var>
<arg>DobbyAppCommon.Wait until element is visible except stale</arg>
<arg>${target_element}</arg>
<arg>${timeout}</arg>
<doc>Runs the given keyword with given arguments and returns the status as a Boolean value.</doc>
<kw name="Wait until element is visible except stale" library="DobbyAppCommon">
<arg>${target_element}</arg>
<arg>${timeout}</arg>
<doc>Wait until element is visible except stale</doc>
<for flavor="IN RANGE">
<var>${i}</var>
<value>1</value>
<value>${max_attempts}</value>
<iter>
<var name="${i}">1</var>
<kw name="Run Keyword And Ignore Error" library="BuiltIn">
<var>${is_visible}</var>
<arg>AppiumLibrary.Wait until element is visible</arg>
<arg>${locator}</arg>
<arg>${timeout}</arg>
<doc>Runs the given keyword with the given arguments and ignores possible error.</doc>
<kw name="Wait Until Element Is Visible" library="AppiumLibrary">
<arg>${locator}</arg>
<arg>${timeout}</arg>
<doc>Waits until element specified with `locator` is visible.</doc>
<kw name="Capture Page Screenshot" library="AppiumLibrary">
<doc>Takes a screenshot of the current page and embeds it into the log.</doc>
<msg timestamp="20231002 12:33:40.362" level="INFO" html="true">&lt;/td&gt;&lt;/tr&gt;&lt;tr&gt;&lt;td colspan="3"&gt;&lt;a href="appium-screenshot-9.png"&gt;&lt;img src="appium-screenshot-9.png" width="800px"&gt;&lt;/a&gt;</msg>
<status status="PASS" starttime="20231002 12:33:39.631" endtime="20231002 12:33:40.363"/>
</kw>
<msg timestamp="20231002 12:33:40.366" level="FAIL">Element locator 'id=com.ebay.mobile:id/settings' did not match any elements after 2 seconds</msg>
<status status="FAIL" starttime="20231002 12:33:37.475" endtime="20231002 12:33:40.366"/>
</kw>
<msg timestamp="20231002 12:33:40.366" level="INFO">${is_visible} = ('FAIL', "Element locator 'id=com.ebay.mobile:id/settings' did not match any elements after 2 seconds")</msg>
<status status="PASS" starttime="20231002 12:33:37.474" endtime="20231002 12:33:40.366"/>
</kw>
<kw name="Convert To String" library="BuiltIn">
<var>${err_msg}</var>
<arg>${is_visible[1]}</arg>
<doc>Converts the given item to a Unicode string.</doc>
<msg timestamp="20231002 12:33:40.370" level="INFO">${err_msg} = Element locator 'id=com.ebay.mobile:id/settings' did not match any elements after 2 seconds</msg>
<status status="PASS" starttime="20231002 12:33:40.367" endtime="20231002 12:33:40.370"/>
</kw>
<kw name="Run Keyword And Return Status" library="BuiltIn">
<var>${is_not_stale}</var>
<arg>Should not contain</arg>
<arg>${err_msg}</arg>
<arg>StaleElementReferenceException</arg>
<doc>Runs the given keyword with given arguments and returns the status as a Boolean value.</doc>
<kw name="Should Not Contain" library="BuiltIn">
<arg>${err_msg}</arg>
<arg>StaleElementReferenceException</arg>
<doc>Fails if ``container`` contains ``item`` one or more times.</doc>
<status status="PASS" starttime="20231002 12:33:40.371" endtime="20231002 12:33:40.372"/>
</kw>
<msg timestamp="20231002 12:33:40.372" level="INFO">${is_not_stale} = True</msg>
<status status="PASS" starttime="20231002 12:33:40.371" endtime="20231002 12:33:40.372"/>
</kw>
<kw name="Run Keyword And Return Status" library="BuiltIn">
<var>${no_err_msg}</var>
<arg>Should be equal</arg>
<arg>${is_visible[0]}</arg>
<arg>PASS</arg>
<arg>msg=${err_msg}</arg>
<doc>Runs the given keyword with given arguments and returns the status as a Boolean value.</doc>
<kw name="Should Be Equal" library="BuiltIn">
<arg>${is_visible[0]}</arg>
<arg>PASS</arg>
<arg>msg=${err_msg}</arg>
<doc>Fails if the given objects are unequal.</doc>
<msg timestamp="20231002 12:33:40.375" level="FAIL">Element locator 'id=com.ebay.mobile:id/settings' did not match any elements after 2 seconds: FAIL != PASS</msg>
<status status="FAIL" starttime="20231002 12:33:40.373" endtime="20231002 12:33:40.375"/>
</kw>
<msg timestamp="20231002 12:33:40.375" level="INFO">${no_err_msg} = False</msg>
<status status="PASS" starttime="20231002 12:33:40.372" endtime="20231002 12:33:40.375"/>
</kw>
<kw name="Evaluate" library="BuiltIn">
<var>${result}</var>
<arg>${is_not_stale} and ${no_err_msg}</arg>
<doc>Evaluates the given expression in Python and returns the result.</doc>
<msg timestamp="20231002 12:33:40.376" level="INFO">${result} = False</msg>
<status status="PASS" starttime="20231002 12:33:40.375" endtime="20231002 12:33:40.376"/>
</kw>
<kw name="Exit For Loop If" library="BuiltIn">
<arg>${result}</arg>
<doc>Stops executing the enclosing for loop if the ``condition`` is true.</doc>
<status status="PASS" starttime="20231002 12:33:40.376" endtime="20231002 12:33:40.376"/>
</kw>
<status status="PASS" starttime="20231002 12:33:37.474" endtime="20231002 12:33:40.377"/>
</iter>
<iter>
<var name="${i}">2</var>
<kw name="Run Keyword And Ignore Error" library="BuiltIn">
<var>${is_visible}</var>
<arg>AppiumLibrary.Wait until element is visible</arg>
<arg>${locator}</arg>
<arg>${timeout}</arg>
<doc>Runs the given keyword with the given arguments and ignores possible error.</doc>
<kw name="Wait Until Element Is Visible" library="AppiumLibrary">
<arg>${locator}</arg>
<arg>${timeout}</arg>
<doc>Waits until element specified with `locator` is visible.</doc>
<kw name="Capture Page Screenshot" library="AppiumLibrary">
<doc>Takes a screenshot of the current page and embeds it into the log.</doc>
<msg timestamp="20231002 12:33:43.369" level="INFO" html="true">&lt;/td&gt;&lt;/tr&gt;&lt;tr&gt;&lt;td colspan="3"&gt;&lt;a href="appium-screenshot-10.png"&gt;&lt;img src="appium-screenshot-10.png" width="800px"&gt;&lt;/a&gt;</msg>
<status status="PASS" starttime="20231002 12:33:42.637" endtime="20231002 12:33:43.370"/>
</kw>
<msg timestamp="20231002 12:33:43.372" level="FAIL">Element locator 'id=com.ebay.mobile:id/settings' did not match any elements after 2 seconds</msg>
<status status="FAIL" starttime="20231002 12:33:40.378" endtime="20231002 12:33:43.372"/>
</kw>
<msg timestamp="20231002 12:33:43.373" level="INFO">${is_visible} = ('FAIL', "Element locator 'id=com.ebay.mobile:id/settings' did not match any elements after 2 seconds")</msg>
<status status="PASS" starttime="20231002 12:33:40.377" endtime="20231002 12:33:43.373"/>
</kw>
<kw name="Convert To String" library="BuiltIn">
<var>${err_msg}</var>
<arg>${is_visible[1]}</arg>
<doc>Converts the given item to a Unicode string.</doc>
<msg timestamp="20231002 12:33:43.377" level="INFO">${err_msg} = Element locator 'id=com.ebay.mobile:id/settings' did not match any elements after 2 seconds</msg>
<status status="PASS" starttime="20231002 12:33:43.374" endtime="20231002 12:33:43.377"/>
</kw>
<kw name="Run Keyword And Return Status" library="BuiltIn">
<var>${is_not_stale}</var>
<arg>Should not contain</arg>
<arg>${err_msg}</arg>
<arg>StaleElementReferenceException</arg>
<doc>Runs the given keyword with given arguments and returns the status as a Boolean value.</doc>
<kw name="Should Not Contain" library="BuiltIn">
<arg>${err_msg}</arg>
<arg>StaleElementReferenceException</arg>
[...]
<doc>Evaluates the given expression in Python and returns the result.</doc>
<msg timestamp="20231002 12:36:10.963" level="INFO">${result} = True</msg>
<status status="PASS" starttime="20231002 12:36:10.963" endtime="20231002 12:36:10.963"/>
</kw>
<kw name="Exit For Loop If" library="BuiltIn">
<arg>${result}</arg>
<doc>Stops executing the enclosing for loop if the ``condition`` is true.</doc>
<msg timestamp="20231002 12:36:10.963" level="INFO">Exiting for loop altogether.</msg>
<status status="PASS" starttime="20231002 12:36:10.963" endtime="20231002 12:36:10.964"/>
</kw>
<status status="PASS" starttime="20231002 12:36:10.870" endtime="20231002 12:36:10.964"/>
</iter>
<status status="PASS" starttime="20231002 12:36:10.870" endtime="20231002 12:36:10.964"/>
</for>
<kw name="Should Be True" library="BuiltIn">
<arg>${result}</arg>
<arg>msg="element either in stale mode or not visible, error message is ${err_msg}"</arg>
<doc>Fails if the given condition is not true.</doc>
<status status="PASS" starttime="20231002 12:36:10.965" endtime="20231002 12:36:10.966"/>
</kw>
<status status="PASS" starttime="20231002 12:36:10.869" endtime="20231002 12:36:10.966"/>
</kw>
<msg timestamp="20231002 12:36:10.966" level="INFO">${wait_status} = ('PASS', None)</msg>
<status status="PASS" starttime="20231002 12:36:10.869" endtime="20231002 12:36:10.966"/>
</kw>
<kw name="Convert To String" library="BuiltIn">
<var>${err_msg_wait}</var>
<arg>${wait_status[1]}</arg>
<doc>Converts the given item to a Unicode string.</doc>
<msg timestamp="20231002 12:36:10.969" level="INFO">${err_msg_wait} = None</msg>
<status status="PASS" starttime="20231002 12:36:10.967" endtime="20231002 12:36:10.969"/>
</kw>
<status status="PASS" starttime="20231002 12:36:10.869" endtime="20231002 12:36:10.969"/>
</branch>
<status status="PASS" starttime="20231002 12:36:10.867" endtime="20231002 12:36:10.969"/>
</if>
<status status="PASS" starttime="20231002 12:36:10.867" endtime="20231002 12:36:10.969"/>
</branch>
<branch type="ELSE">
<kw name="Set Variable" library="BuiltIn">
<var>${err_msg_wait}</var>
<arg>${EMPTY}</arg>
<doc>Returns the given values which can then be assigned to a variables.</doc>
<status status="NOT RUN" starttime="20231002 12:36:10.970" endtime="20231002 12:36:10.970"/>
</kw>
<status status="NOT RUN" starttime="20231002 12:36:10.969" endtime="20231002 12:36:10.970"/>
</branch>
<status status="PASS" starttime="20231002 12:36:10.867" endtime="20231002 12:36:10.970"/>
</if>
<kw name="Run Keyword And Ignore Error" library="BuiltIn">
<var>${tap_status}</var>
<arg>AppiumLibrary.Tap</arg>
<arg>${locator}</arg>
<doc>Runs the given keyword with the given arguments and ignores possible error.</doc>
<kw name="Tap" library="AppiumLibrary">
<arg>${locator}</arg>
<doc>Tap element identified by ``locator``. </doc>
<status status="PASS" starttime="20231002 12:36:10.971" endtime="20231002 12:36:11.228"/>
</kw>
<msg timestamp="20231002 12:36:11.229" level="INFO">${tap_status} = ('PASS', None)</msg>
<status status="PASS" starttime="20231002 12:36:10.970" endtime="20231002 12:36:11.229"/>
</kw>
<kw name="Convert To String" library="BuiltIn">
<var>${err_msg_tap}</var>
<arg>${tap_status[1]}</arg>
<doc>Converts the given item to a Unicode string.</doc>
<msg timestamp="20231002 12:36:11.231" level="INFO">${err_msg_tap} = None</msg>
<status status="PASS" starttime="20231002 12:36:11.229" endtime="20231002 12:36:11.231"/>
</kw>
<kw name="Evaluate" library="BuiltIn">
<var>${result}</var>
<arg>'${tap_status[0]}' == 'PASS'</arg>
<doc>Evaluates the given expression in Python and returns the result.</doc>
<msg timestamp="20231002 12:36:11.233" level="INFO">${result} = True</msg>
<status status="PASS" starttime="20231002 12:36:11.231" endtime="20231002 12:36:11.233"/>
</kw>
<kw name="Exit For Loop If" library="BuiltIn">
<arg>${result}</arg>
<doc>Stops executing the enclosing for loop if the ``condition`` is true.</doc>
<msg timestamp="20231002 12:36:11.234" level="INFO">Exiting for loop altogether.</msg>
<status status="PASS" starttime="20231002 12:36:11.233" endtime="20231002 12:36:11.234"/>
</kw>
<status status="PASS" starttime="20231002 12:36:10.867" endtime="20231002 12:36:11.234"/>
</iter>
<status status="PASS" starttime="20231002 12:36:10.866" endtime="20231002 12:36:11.235"/>
</for>
<kw name="Should Be True" library="BuiltIn">
<arg>${result}</arg>
<arg>msg='Unable to tap after ${${max_attempts}-1} attempts, with error ${err_msg_tap}, ${err_msg_wait},'</arg>
<doc>Fails if the given condition is not true.</doc>
<status status="PASS" starttime="20231002 12:36:11.235" endtime="20231002 12:36:11.238"/>
</kw>
<status status="PASS" starttime="20231002 12:36:10.866" endtime="20231002 12:36:11.239"/>
</kw>
<status status="PASS" starttime="20231002 12:35:28.310" endtime="20231002 12:36:11.240"/>
</kw>
<status status="PASS" starttime="20231002 12:35:28.309" endtime="20231002 12:36:11.241"/>
</kw>
<kw name="Click sign out button" library="home_page">
<kw name="Tap element when ready" library="DobbyAppCommon">
<arg>xpath=//android.widget.TextView[@text="Sign out"]</arg>
<doc>There are 2 modes; the first one is to wait until element is ready then tap (this is a default).</doc>
<for flavor="IN RANGE">
<var>${i}</var>
<value>1</value>
<value>${max_attempts}</value>
<iter>
<var name="${i}">1</var>
<if>
<branch type="IF" condition="${wait_until_ready}">
<if>
<branch type="IF" condition="${only_contain}">
<kw name="Run Keyword And Ignore Error" library="BuiltIn">
<var>${wait_status}</var>
<arg>DobbyAppCommon.Wait until page contain element except stale</arg>
<arg>${locator}</arg>
<arg>${timeout}</arg>
<doc>Runs the given keyword with the given arguments and ignores possible error.</doc>
<status status="NOT RUN" starttime="20231002 12:36:11.245" endtime="20231002 12:36:11.245"/>
</kw>
<kw name="Convert To String" library="BuiltIn">
<var>${err_msg_wait}</var>
<arg>${wait_status[1]}</arg>
<doc>Converts the given item to a Unicode string.</doc>
<status status="NOT RUN" starttime="20231002 12:36:11.246" endtime="20231002 12:36:11.246"/>
</kw>
<status status="NOT RUN" starttime="20231002 12:36:11.244" endtime="20231002 12:36:11.247"/>
</branch>
<branch type="ELSE">
<kw name="Run Keyword And Ignore Error" library="BuiltIn">
<var>${wait_status}</var>
<arg>DobbyAppCommon.Wait until element is visible except stale</arg>
<arg>${locator}</arg>
<arg>${timeout}</arg>
<doc>Runs the given keyword with the given arguments and ignores possible error.</doc>
<kw name="Wait until element is visible except stale" library="DobbyAppCommon">
<arg>${locator}</arg>
<arg>${timeout}</arg>
<doc>Wait until element is visible except stale</doc>
<for flavor="IN RANGE">
<var>${i}</var>
<value>1</value>
<value>${max_attempts}</value>
<iter>
<var name="${i}">1</var>
<kw name="Run Keyword And Ignore Error" library="BuiltIn">
<var>${is_visible}</var>
<arg>AppiumLibrary.Wait until element is visible</arg>
<arg>${locator}</arg>
<arg>${timeout}</arg>
<doc>Runs the given keyword with the given arguments and ignores possible error.</doc>
<kw name="Wait Until Element Is Visible" library="AppiumLibrary">
<arg>${locator}</arg>
<arg>${timeout}</arg>
<doc>Waits until element specified with `locator` is visible.</doc>
<status status="PASS" starttime="20231002 12:36:11.250" endtime="20231002 12:36:13.093"/>
</kw>
<msg timestamp="20231002 12:36:13.094" level="INFO">${is_visible} = ('PASS', None)</msg>
<status status="PASS" starttime="20231002 12:36:11.250" endtime="20231002 12:36:13.094"/>
</kw>
<kw name="Convert To String" library="BuiltIn">
<var>${err_msg}</var>
<arg>${is_visible[1]}</arg>
<doc>Converts the given item to a Unicode string.</doc>
<msg timestamp="20231002 12:36:13.096" level="INFO">${err_msg} = None</msg>
<status status="PASS" starttime="20231002 12:36:13.095" endtime="20231002 12:36:13.096"/>
</kw>
<kw name="Run Keyword And Return Status" library="BuiltIn">
<var>${is_not_stale}</var>
<arg>Should not contain</arg>
<arg>${err_msg}</arg>
<arg>StaleElementReferenceException</arg>
<doc>Runs the given keyword with given arguments and returns the status as a Boolean value.</doc>
<kw name="Should Not Contain" library="BuiltIn">
<arg>${err_msg}</arg>
<arg>StaleElementReferenceException</arg>
<doc>Fails if ``container`` contains ``item`` one or more times.</doc>
<status status="PASS" starttime="20231002 12:36:13.097" endtime="20231002 12:36:13.097"/>
</kw>
<msg timestamp="20231002 12:36:13.097" level="INFO">${is_not_stale} = True</msg>
<status status="PASS" starttime="20231002 12:36:13.096" endtime="20231002 12:36:13.097"/>
</kw>
<kw name="Run Keyword And Return Status" library="BuiltIn">
<var>${no_err_msg}</var>
<arg>Should be equal</arg>
<arg>${is_visible[0]}</arg>
<arg>PASS</arg>
<arg>msg=${err_msg}</arg>
<doc>Runs the given keyword with given arguments and returns the status as a Boolean value.</doc>
<kw name="Should Be Equal" library="BuiltIn">
<arg>${is_visible[0]}</arg>
<arg>PASS</arg>
<arg>msg=${err_msg}</arg>
<doc>Fails if the given objects are unequal.</doc>
<status status="PASS" starttime="20231002 12:36:13.098" endtime="20231002 12:36:13.100"/>
</kw>
<msg timestamp="20231002 12:36:13.100" level="INFO">${no_err_msg} = True</msg>
<status status="PASS" starttime="20231002 12:36:13.098" endtime="20231002 12:36:13.100"/>
</kw>
<kw name="Evaluate" library="BuiltIn">
<var>${result}</var>
<arg>${is_not_stale} and ${no_err_msg}</arg>
<doc>Evaluates the given expression in Python and returns the result.</doc>
<msg timestamp="20231002 12:36:13.101" level="INFO">${result} = True</msg>
<status status="PASS" starttime="20231002 12:36:13.101" endtime="20231002 12:36:13.101"/>
</kw>
<kw name="Exit For Loop If" library="BuiltIn">
<arg>${result}</arg>
<doc>Stops executing the enclosing for loop if the ``condition`` is true.</doc>
<msg timestamp="20231002 12:36:13.102" level="INFO">Exiting for loop altogether.</msg>
<status status="PASS" starttime="20231002 12:36:13.102" endtime="20231002 12:36:13.103"/>
</kw>
<status status="PASS" starttime="20231002 12:36:11.249" endtime="20231002 12:36:13.103"/>
</iter>
<status status="PASS" starttime="20231002 12:36:11.249" endtime="20231002 12:36:13.104"/>
</for>
<kw name="Should Be True" library="BuiltIn">
<arg>${result}</arg>
<arg>msg="element either in stale mode or not visible, error message is ${err_msg}"</arg>
<doc>Fails if the given condition is not true.</doc>
<status status="PASS" starttime="20231002 12:36:13.104" endtime="20231002 12:36:13.105"/>
</kw>
<status status="PASS" starttime="20231002 12:36:11.248" endtime="20231002 12:36:13.105"/>
</kw>
<msg timestamp="20231002 12:36:13.106" level="INFO">${wait_status} = ('PASS', None)</msg>
<status status="PASS" starttime="20231002 12:36:11.247" endtime="20231002 12:36:13.106"/>
</kw>
<kw name="Convert To String" library="BuiltIn">
<var>${err_msg_wait}</var>
<arg>${wait_status[1]}</arg>
<doc>Converts the given item to a Unicode string.</doc>
<msg timestamp="20231002 12:36:13.108" level="INFO">${err_msg_wait} = None</msg>
<status status="PASS" starttime="20231002 12:36:13.106" endtime="20231002 12:36:13.108"/>
</kw>
<status status="PASS" starttime="20231002 12:36:11.247" endtime="20231002 12:36:13.109"/>
</branch>
<status status="PASS" starttime="20231002 12:36:11.244" endtime="20231002 12:36:13.109"/>
</if>
<status status="PASS" starttime="20231002 12:36:11.244" endtime="20231002 12:36:13.109"/>
</branch>
<branch type="ELSE">
<kw name="Set Variable" library="BuiltIn">
<var>${err_msg_wait}</var>
<arg>${EMPTY}</arg>
<doc>Returns the given values which can then be assigned to a variables.</doc>
<status status="NOT RUN" starttime="20231002 12:36:13.110" endtime="20231002 12:36:13.110"/>
</kw>
<status status="NOT RUN" starttime="20231002 12:36:13.109" endtime="20231002 12:36:13.110"/>
</branch>
<status status="PASS" starttime="20231002 12:36:11.244" endtime="20231002 12:36:13.110"/>
</if>
<kw name="Run Keyword And Ignore Error" library="BuiltIn">
<var>${tap_status}</var>
<arg>AppiumLibrary.Tap</arg>
<arg>${locator}</arg>
<doc>Runs the given keyword with the given arguments and ignores possible error.</doc>
<kw name="Tap" library="AppiumLibrary">
<arg>${locator}</arg>
<doc>Tap element identified by ``locator``. </doc>
<status status="PASS" starttime="20231002 12:36:13.111" endtime="20231002 12:36:13.420"/>
</kw>
<msg timestamp="20231002 12:36:13.420" level="INFO">${tap_status} = ('PASS', None)</msg>
<status status="PASS" starttime="20231002 12:36:13.111" endtime="20231002 12:36:13.420"/>
</kw>
<kw name="Convert To String" library="BuiltIn">
<var>${err_msg_tap}</var>
<arg>${tap_status[1]}</arg>
<doc>Converts the given item to a Unicode string.</doc>
<msg timestamp="20231002 12:36:13.423" level="INFO">${err_msg_tap} = None</msg>
<status status="PASS" starttime="20231002 12:36:13.421" endtime="20231002 12:36:13.423"/>
</kw>
<kw name="Evaluate" library="BuiltIn">
<var>${result}</var>
<arg>'${tap_status[0]}' == 'PASS'</arg>
<doc>Evaluates the given expression in Python and returns the result.</doc>
<msg timestamp="20231002 12:36:13.426" level="INFO">${result} = True</msg>
<status status="PASS" starttime="20231002 12:36:13.423" endtime="20231002 12:36:13.426"/>
</kw>
<kw name="Exit For Loop If" library="BuiltIn">
<arg>${result}</arg>
<doc>Stops executing the enclosing for loop if the ``condition`` is true.</doc>
<msg timestamp="20231002 12:36:13.427" level="INFO">Exiting for loop altogether.</msg>
<status status="PASS" starttime="20231002 12:36:13.426" endtime="20231002 12:36:13.427"/>
</kw>
<status status="PASS" starttime="20231002 12:36:11.244" endtime="20231002 12:36:13.428"/>
</iter>
<status status="PASS" starttime="20231002 12:36:11.243" endtime="20231002 12:36:13.428"/>
</for>
<kw name="Should Be True" library="BuiltIn">
<arg>${result}</arg>
<arg>msg='Unable to tap after ${${max_attempts}-1} attempts, with error ${err_msg_tap}, ${err_msg_wait},'</arg>
<doc>Fails if the given condition is not true.</doc>
<status status="PASS" starttime="20231002 12:36:13.429" endtime="20231002 12:36:13.431"/>
</kw>
<status status="PASS" starttime="20231002 12:36:11.242" endtime="20231002 12:36:13.431"/>
</kw>
<status status="PASS" starttime="20231002 12:36:11.241" endtime="20231002 12:36:13.431"/>
</kw>
<kw name="Verify logo ebay is displayed" library="login_page">
<kw name="Wait until element is visible except stale" library="DobbyAppCommon">
<arg>xpath=//android.widget.ImageView[@content-desc="eBay"]</arg>
<doc>Wait until element is visible except stale</doc>
<for flavor="IN RANGE">
<var>${i}</var>
<value>1</value>
<value>${max_attempts}</value>
<iter>
<var name="${i}">1</var>
<kw name="Run Keyword And Ignore Error" library="BuiltIn">
<var>${is_visible}</var>
<arg>AppiumLibrary.Wait until element is visible</arg>
<arg>${locator}</arg>
<arg>${timeout}</arg>
<doc>Runs the given keyword with the given arguments and ignores possible error.</doc>
<kw name="Wait Until Element Is Visible" library="AppiumLibrary">
<arg>${locator}</arg>
<arg>${timeout}</arg>
<doc>Waits until element specified with `locator` is visible.</doc>
<status status="PASS" starttime="20231002 12:36:13.435" endtime="20231002 12:36:15.234"/>
</kw>
<msg timestamp="20231002 12:36:15.234" level="INFO">${is_visible} = ('PASS', None)</msg>
<status status="PASS" starttime="20231002 12:36:13.434" endtime="20231002 12:36:15.235"/>
</kw>
<kw name="Convert To String" library="BuiltIn">
<var>${err_msg}</var>
<arg>${is_visible[1]}</arg>
<doc>Converts the given item to a Unicode string.</doc>
<msg timestamp="20231002 12:36:15.237" level="INFO">${err_msg} = None</msg>
<status status="PASS" starttime="20231002 12:36:15.235" endtime="20231002 12:36:15.237"/>
</kw>
<kw name="Run Keyword And Return Status" library="BuiltIn">
<var>${is_not_stale}</var>
<arg>Should not contain</arg>
<arg>${err_msg}</arg>
<arg>StaleElementReferenceException</arg>
<doc>Runs the given keyword with given arguments and returns the status as a Boolean value.</doc>
<kw name="Should Not Contain" library="BuiltIn">
<arg>${err_msg}</arg>
<arg>StaleElementReferenceException</arg>
<doc>Fails if ``container`` contains ``item`` one or more times.</doc>
<status status="PASS" starttime="20231002 12:36:15.238" endtime="20231002 12:36:15.238"/>
</kw>
<msg timestamp="20231002 12:36:15.239" level="INFO">${is_not_stale} = True</msg>
<status status="PASS" starttime="20231002 12:36:15.237" endtime="20231002 12:36:15.239"/>
</kw>
<kw name="Run Keyword And Return Status" library="BuiltIn">
<var>${no_err_msg}</var>
<arg>Should be equal</arg>
<arg>${is_visible[0]}</arg>
<arg>PASS</arg>
<arg>msg=${err_msg}</arg>
<doc>Runs the given keyword with given arguments and returns the status as a Boolean value.</doc>
<kw name="Should Be Equal" library="BuiltIn">
<arg>${is_visible[0]}</arg>
<arg>PASS</arg>
<arg>msg=${err_msg}</arg>
<doc>Fails if the given objects are unequal.</doc>
<status status="PASS" starttime="20231002 12:36:15.240" endtime="20231002 12:36:15.241"/>
</kw>
<msg timestamp="20231002 12:36:15.242" level="INFO">${no_err_msg} = True</msg>
<status status="PASS" starttime="20231002 12:36:15.239" endtime="20231002 12:36:15.242"/>
</kw>
<kw name="Evaluate" library="BuiltIn">
<var>${result}</var>
<arg>${is_not_stale} and ${no_err_msg}</arg>
<doc>Evaluates the given expression in Python and returns the result.</doc>
<msg timestamp="20231002 12:36:15.242" level="INFO">${result} = True</msg>
<status status="PASS" starttime="20231002 12:36:15.242" endtime="20231002 12:36:15.242"/>
</kw>
<kw name="Exit For Loop If" library="BuiltIn">
<arg>${result}</arg>
<doc>Stops executing the enclosing for loop if the ``condition`` is true.</doc>
<msg timestamp="20231002 12:36:15.243" level="INFO">Exiting for loop altogether.</msg>
<status status="PASS" starttime="20231002 12:36:15.243" endtime="20231002 12:36:15.243"/>
</kw>
<status status="PASS" starttime="20231002 12:36:13.434" endtime="20231002 12:36:15.244"/>
</iter>
<status status="PASS" starttime="20231002 12:36:13.433" endtime="20231002 12:36:15.244"/>
</for>
<kw name="Should Be True" library="BuiltIn">
<arg>${result}</arg>
<arg>msg="element either in stale mode or not visible, error message is ${err_msg}"</arg>
<doc>Fails if the given condition is not true.</doc>
<status status="PASS" starttime="20231002 12:36:15.245" endtime="20231002 12:36:15.245"/>
</kw>
<status status="PASS" starttime="20231002 12:36:13.433" endtime="20231002 12:36:15.245"/>
</kw>
<status status="PASS" starttime="20231002 12:36:13.432" endtime="20231002 12:36:15.246"/>
</kw>
<status status="PASS" starttime="20231002 12:35:27.332" endtime="20231002 12:36:15.246"/>
</kw>
<tag>addproduct</tag>
<tag>INSTANCE</tag>
<status status="PASS" starttime="20231002 12:33:08.246" endtime="20231002 12:36:15.246"/>
</test>
<kw name="Close Application" library="AppiumLibrary" type="TEARDOWN">
<doc>Closes the current application and also close webdriver session.</doc>
<status status="PASS" starttime="20231002 12:36:15.248" endtime="20231002 12:36:15.599"/>
</kw>
<status status="PASS" starttime="20231002 12:32:46.772" endtime="20231002 12:36:15.599"/>
</suite>
<status status="PASS" starttime="20231002 12:32:46.766" endtime="20231002 12:36:15.602"/>
</suite>
<statistics>
<total>
<stat pass="1" fail="0" skip="0">All Tests</stat>
</total>
<tag>
<stat pass="1" fail="0" skip="0">addproduct</stat>
<stat pass="1" fail="0" skip="0">INSTANCE</stat>
</tag>
<suite>
<stat pass="1" fail="0" skip="0" id="s1" name="Application">Application</stat>
<stat pass="1" fail="0" skip="0" id="s1-s1" name="INSTANCE03">Application.INSTANCE03</stat>
</suite>
</statistics>
<errors>
<msg timestamp="20231002 12:32:47.339" level="WARN">Imported resource file '/Users/tordoppio/Doppio-Automation/ebay-testing/keywords/application/pages/checkout_page.robot' is empty.</msg>
<msg timestamp="20231002 12:32:47.340" level="WARN">Imported resource file '/Users/tordoppio/Doppio-Automation/ebay-testing/keywords/application/features/checkout_feature.robot' is empty.</msg>
</errors>
</robot>
